============================= test session starts ==============================
platform darwin -- Python 3.13.0, pytest-8.3.5, pluggy-1.5.0
rootdir: /Users/hume/CodeProjects/Github/expense_forecast
configfile: pytest.ini
plugins: anyio-4.8.0
collected 289 items

tests/BudgetItem/integration/test_BudgetSet__integration_test.py sssssss [  2%]
sss                                                                      [  3%]
tests/BudgetItem/unit/test_BudgetItem__unit_test.py ..........s          [  7%]
tests/BudgetItem/unit/test_BudgetSet__unit_test.py .......               [  9%]
tests/ExpenseForecast/integration/test_ExpenseForecast__integration_test.py s [ 10%]
sssssssss                                                                [ 13%]
tests/ExpenseForecast/unit/test_ExpenseForecast__unit_test.py FFFFFFFsss [ 16%]
sssssssFFFFFFFFFFFssssssssssssssssssssssssssssssssFFFFFFF                [ 36%]
tests/ExpenseForecastClient/integration/test_ExpenseForecastClient__integration_test.py s [ 36%]
                                                                         [ 36%]
tests/ExpenseForecastServer/integration/test_ExpenseForecastServer__integration_test.py s [ 37%]
                                                                         [ 37%]
tests/MemoRule/integration/test_MemoRuleSet__integration_test.py sssssss [ 39%]
sss                                                                      [ 40%]
tests/MemoRule/unit/test_MemoRule.py ..                                  [ 41%]
tests/MemoRule/unit/test_MemoRuleSet.py .....                            [ 42%]
tests/_e2e/test_E2E.py F.ssssssssss                                      [ 47%]
tests/account/integration/test_AccountSet__integration_test.py sssssssss [ 50%]
s                                                                        [ 50%]
tests/account/unit/test_AccountSet__unit_test.py s..................F..s [ 58%]
..                                                                       [ 59%]
tests/account/unit/test_Account__unit_test.py .......................... [ 68%]
................................................................         [ 90%]
tests/milestone/integration/test_MilestoneSet__integration_test.py sssss [ 92%]
sssss                                                                    [ 93%]
tests/milestone/unit/test_AccountMilestone__unit_test.py ...             [ 94%]
tests/milestone/unit/test_CompositeMilestone__unit_test.py .s.           [ 95%]
tests/milestone/unit/test_MemoMilestone__unit_test.py ..                 [ 96%]
tests/report/integration/test_ForecastHandler__integration_test.py sssss [ 98%]
sssss                                                                    [100%]

=================================== FAILURES ===================================
_ TestExpenseForecastUnit.test_ExpenseForecast_Constructor__valid_inputs[account_set0-budget_set0-memo_rule_set0-19991231-20000101-milestone_set0] _

self = <test_ExpenseForecast__unit_test.TestExpenseForecastUnit object at 0x2d66cccd0>
account_set = <expense_forecast.AccountSet.AccountSet object at 0x2d65879d0>
budget_set = <expense_forecast.BudgetSet.BudgetSet object at 0x2d66381a0>
memo_rule_set =   Memo_Regex Account_From Account_To  Transaction_Priority
0   test txn     Checking       None                   1.0
start_date_YYYYMMDD = '19991231', end_date_YYYYMMDD = '20000101'
milestone_set = <expense_forecast.MilestoneSet.MilestoneSet object at 0x2d66386e0>

    @pytest.mark.unit
    @pytest.mark.parametrize(
        "account_set,budget_set,memo_rule_set,start_date_YYYYMMDD,end_date_YYYYMMDD,milestone_set",
        [
            (
                AccountSet(checking_acct_list(10)),
                BudgetSet(
                    txn_budget_item_once_list(10, 1, "test txn")
                ),
                MemoRuleSet(match_p1_test_txn_checking_memo_rule_list()),
                "19991231",
                "20000101",
                MilestoneSet(),
            )
            # (AccountSet([]),
            #  BudgetSet([]),
            #  MemoRuleSet([]),
            #  start_date_YYYYMMDD,
            #  end_date_YYYYMMDD,
            #  MilestoneSet([])
            #  ),
        ],
    )
    def test_ExpenseForecast_Constructor__valid_inputs(
        self,
        account_set,
        budget_set,
        memo_rule_set,
        start_date_YYYYMMDD,
        end_date_YYYYMMDD,
        milestone_set,
    ):
>       ExpenseForecast(
            account_set,
            budget_set,
            memo_rule_set,
            start_date_YYYYMMDD,
            end_date_YYYYMMDD,
            milestone_set,
            print_debug_messages=False,
        )
E       NameError: name 'ExpenseForecast' is not defined

tests/ExpenseForecast/unit/test_ExpenseForecast__unit_test.py:199: NameError
_ TestExpenseForecastUnit.test_ExpenseForecast_Constructor__invalid_inputs[account_set0-budget_set0-memo_rule_set0-incorrect date format-20000103-milestone_set0-ValueError] _

self = <test_ExpenseForecast__unit_test.TestExpenseForecastUnit object at 0x2d66ccb90>
account_set = <expense_forecast.AccountSet.AccountSet object at 0x2d6587b10>
budget_set = <expense_forecast.BudgetSet.BudgetSet object at 0x2d6587ed0>
memo_rule_set = Empty DataFrame
Columns: [Memo_Regex, Account_From, Account_To, Transaction_Priority]
Index: []
start_date_YYYYMMDD = 'incorrect date format', end_date_YYYYMMDD = '20000103'
milestone_set = <expense_forecast.MilestoneSet.MilestoneSet object at 0x2d6640050>
expected_exception = <class 'ValueError'>

    @pytest.mark.unit
    @pytest.mark.parametrize(
        "account_set,budget_set,memo_rule_set,start_date_YYYYMMDD,end_date_YYYYMMDD,milestone_set,expected_exception",
        [
            (
                AccountSet([]),
                BudgetSet([]),
                MemoRuleSet([]),
                "incorrect date format",
                "20000103",
                MilestoneSet(),
                ValueError,
            ),  # malformed start date
            (
                AccountSet([]),
                BudgetSet([]),
                MemoRuleSet([]),
                "20000101",
                "incorrect date format",
                MilestoneSet(),
                ValueError,
            ),  # malformed end date
            (
                AccountSet([]),
                BudgetSet([]),
                MemoRuleSet([]),
                "20000101",
                "19991231",
                MilestoneSet(),
                ValueError,
            ),  # end date before start date
            (
                AccountSet([]),
                BudgetSet([]),
                MemoRuleSet([]),
                "19991231",
                "20000101",
                MilestoneSet(),
                ValueError,
            ),  # empty account_set
            (
                AccountSet(checking_acct_list(10)),
                BudgetSet(
                    txn_budget_item_once_list(10, 1, "test txn", )
                ),
                MemoRuleSet([]),
                "19991231",
                "20000101",
                MilestoneSet(),
                ValueError,
            ),  # A budget memo x priority element does not have a matching regex in memo rule set
            (
                AccountSet(checking_acct_list(10)),
                BudgetSet(
                    txn_budget_item_once_list(10, 1, "test txn", )
                ),
                MemoRuleSet(match_p1_test_txn_credit_memo_rule_list()),
                "19991231",
                "20000101",
                MilestoneSet(),
                ValueError,
            ),  # A memo rule has an account that does not exist in AccountSet
            # (AccountSet([]),
            #  BudgetSet([]),
            #  MemoRuleSet([]),
            #  'start_date_YYYYMMDD',
            #  'end_date_YYYYMMDD',
            #  MilestoneSet(
            #      [],
            #      [],
            #      []),
            #  ValueError
            #  ),
        ],
    )
    def test_ExpenseForecast_Constructor__invalid_inputs(
        self,
        account_set,
        budget_set,
        memo_rule_set,
        start_date_YYYYMMDD,
        end_date_YYYYMMDD,
        milestone_set,
        expected_exception,
    ):
        with pytest.raises(expected_exception):
>           ExpenseForecast(
                account_set,
                budget_set,
                memo_rule_set,
                start_date_YYYYMMDD,
                end_date_YYYYMMDD,
                milestone_set,
                print_debug_messages=False,
            )
E           NameError: name 'ExpenseForecast' is not defined

tests/ExpenseForecast/unit/test_ExpenseForecast__unit_test.py:295: NameError
_ TestExpenseForecastUnit.test_ExpenseForecast_Constructor__invalid_inputs[account_set1-budget_set1-memo_rule_set1-20000101-incorrect date format-milestone_set1-ValueError] _

self = <test_ExpenseForecast__unit_test.TestExpenseForecastUnit object at 0x2d6622190>
account_set = <expense_forecast.AccountSet.AccountSet object at 0x2d66210f0>
budget_set = <expense_forecast.BudgetSet.BudgetSet object at 0x2d6640190>
memo_rule_set = Empty DataFrame
Columns: [Memo_Regex, Account_From, Account_To, Transaction_Priority]
Index: []
start_date_YYYYMMDD = '20000101', end_date_YYYYMMDD = 'incorrect date format'
milestone_set = <expense_forecast.MilestoneSet.MilestoneSet object at 0x2d6640410>
expected_exception = <class 'ValueError'>

    @pytest.mark.unit
    @pytest.mark.parametrize(
        "account_set,budget_set,memo_rule_set,start_date_YYYYMMDD,end_date_YYYYMMDD,milestone_set,expected_exception",
        [
            (
                AccountSet([]),
                BudgetSet([]),
                MemoRuleSet([]),
                "incorrect date format",
                "20000103",
                MilestoneSet(),
                ValueError,
            ),  # malformed start date
            (
                AccountSet([]),
                BudgetSet([]),
                MemoRuleSet([]),
                "20000101",
                "incorrect date format",
                MilestoneSet(),
                ValueError,
            ),  # malformed end date
            (
                AccountSet([]),
                BudgetSet([]),
                MemoRuleSet([]),
                "20000101",
                "19991231",
                MilestoneSet(),
                ValueError,
            ),  # end date before start date
            (
                AccountSet([]),
                BudgetSet([]),
                MemoRuleSet([]),
                "19991231",
                "20000101",
                MilestoneSet(),
                ValueError,
            ),  # empty account_set
            (
                AccountSet(checking_acct_list(10)),
                BudgetSet(
                    txn_budget_item_once_list(10, 1, "test txn", )
                ),
                MemoRuleSet([]),
                "19991231",
                "20000101",
                MilestoneSet(),
                ValueError,
            ),  # A budget memo x priority element does not have a matching regex in memo rule set
            (
                AccountSet(checking_acct_list(10)),
                BudgetSet(
                    txn_budget_item_once_list(10, 1, "test txn", )
                ),
                MemoRuleSet(match_p1_test_txn_credit_memo_rule_list()),
                "19991231",
                "20000101",
                MilestoneSet(),
                ValueError,
            ),  # A memo rule has an account that does not exist in AccountSet
            # (AccountSet([]),
            #  BudgetSet([]),
            #  MemoRuleSet([]),
            #  'start_date_YYYYMMDD',
            #  'end_date_YYYYMMDD',
            #  MilestoneSet(
            #      [],
            #      [],
            #      []),
            #  ValueError
            #  ),
        ],
    )
    def test_ExpenseForecast_Constructor__invalid_inputs(
        self,
        account_set,
        budget_set,
        memo_rule_set,
        start_date_YYYYMMDD,
        end_date_YYYYMMDD,
        milestone_set,
        expected_exception,
    ):
        with pytest.raises(expected_exception):
>           ExpenseForecast(
                account_set,
                budget_set,
                memo_rule_set,
                start_date_YYYYMMDD,
                end_date_YYYYMMDD,
                milestone_set,
                print_debug_messages=False,
            )
E           NameError: name 'ExpenseForecast' is not defined

tests/ExpenseForecast/unit/test_ExpenseForecast__unit_test.py:295: NameError
_ TestExpenseForecastUnit.test_ExpenseForecast_Constructor__invalid_inputs[account_set2-budget_set2-memo_rule_set2-20000101-19991231-milestone_set2-ValueError] _

self = <test_ExpenseForecast__unit_test.TestExpenseForecastUnit object at 0x2d66222c0>
account_set = <expense_forecast.AccountSet.AccountSet object at 0x2d6621350>
budget_set = <expense_forecast.BudgetSet.BudgetSet object at 0x2d6621220>
memo_rule_set = Empty DataFrame
Columns: [Memo_Regex, Account_From, Account_To, Transaction_Priority]
Index: []
start_date_YYYYMMDD = '20000101', end_date_YYYYMMDD = '19991231'
milestone_set = <expense_forecast.MilestoneSet.MilestoneSet object at 0x2d6620d60>
expected_exception = <class 'ValueError'>

    @pytest.mark.unit
    @pytest.mark.parametrize(
        "account_set,budget_set,memo_rule_set,start_date_YYYYMMDD,end_date_YYYYMMDD,milestone_set,expected_exception",
        [
            (
                AccountSet([]),
                BudgetSet([]),
                MemoRuleSet([]),
                "incorrect date format",
                "20000103",
                MilestoneSet(),
                ValueError,
            ),  # malformed start date
            (
                AccountSet([]),
                BudgetSet([]),
                MemoRuleSet([]),
                "20000101",
                "incorrect date format",
                MilestoneSet(),
                ValueError,
            ),  # malformed end date
            (
                AccountSet([]),
                BudgetSet([]),
                MemoRuleSet([]),
                "20000101",
                "19991231",
                MilestoneSet(),
                ValueError,
            ),  # end date before start date
            (
                AccountSet([]),
                BudgetSet([]),
                MemoRuleSet([]),
                "19991231",
                "20000101",
                MilestoneSet(),
                ValueError,
            ),  # empty account_set
            (
                AccountSet(checking_acct_list(10)),
                BudgetSet(
                    txn_budget_item_once_list(10, 1, "test txn", )
                ),
                MemoRuleSet([]),
                "19991231",
                "20000101",
                MilestoneSet(),
                ValueError,
            ),  # A budget memo x priority element does not have a matching regex in memo rule set
            (
                AccountSet(checking_acct_list(10)),
                BudgetSet(
                    txn_budget_item_once_list(10, 1, "test txn", )
                ),
                MemoRuleSet(match_p1_test_txn_credit_memo_rule_list()),
                "19991231",
                "20000101",
                MilestoneSet(),
                ValueError,
            ),  # A memo rule has an account that does not exist in AccountSet
            # (AccountSet([]),
            #  BudgetSet([]),
            #  MemoRuleSet([]),
            #  'start_date_YYYYMMDD',
            #  'end_date_YYYYMMDD',
            #  MilestoneSet(
            #      [],
            #      [],
            #      []),
            #  ValueError
            #  ),
        ],
    )
    def test_ExpenseForecast_Constructor__invalid_inputs(
        self,
        account_set,
        budget_set,
        memo_rule_set,
        start_date_YYYYMMDD,
        end_date_YYYYMMDD,
        milestone_set,
        expected_exception,
    ):
        with pytest.raises(expected_exception):
>           ExpenseForecast(
                account_set,
                budget_set,
                memo_rule_set,
                start_date_YYYYMMDD,
                end_date_YYYYMMDD,
                milestone_set,
                print_debug_messages=False,
            )
E           NameError: name 'ExpenseForecast' is not defined

tests/ExpenseForecast/unit/test_ExpenseForecast__unit_test.py:295: NameError
_ TestExpenseForecastUnit.test_ExpenseForecast_Constructor__invalid_inputs[account_set3-budget_set3-memo_rule_set3-19991231-20000101-milestone_set3-ValueError] _

self = <test_ExpenseForecast__unit_test.TestExpenseForecastUnit object at 0x2d663fad0>
account_set = <expense_forecast.AccountSet.AccountSet object at 0x2d663c290>
budget_set = <expense_forecast.BudgetSet.BudgetSet object at 0x2d6620c30>
memo_rule_set = Empty DataFrame
Columns: [Memo_Regex, Account_From, Account_To, Transaction_Priority]
Index: []
start_date_YYYYMMDD = '19991231', end_date_YYYYMMDD = '20000101'
milestone_set = <expense_forecast.MilestoneSet.MilestoneSet object at 0x2d6621480>
expected_exception = <class 'ValueError'>

    @pytest.mark.unit
    @pytest.mark.parametrize(
        "account_set,budget_set,memo_rule_set,start_date_YYYYMMDD,end_date_YYYYMMDD,milestone_set,expected_exception",
        [
            (
                AccountSet([]),
                BudgetSet([]),
                MemoRuleSet([]),
                "incorrect date format",
                "20000103",
                MilestoneSet(),
                ValueError,
            ),  # malformed start date
            (
                AccountSet([]),
                BudgetSet([]),
                MemoRuleSet([]),
                "20000101",
                "incorrect date format",
                MilestoneSet(),
                ValueError,
            ),  # malformed end date
            (
                AccountSet([]),
                BudgetSet([]),
                MemoRuleSet([]),
                "20000101",
                "19991231",
                MilestoneSet(),
                ValueError,
            ),  # end date before start date
            (
                AccountSet([]),
                BudgetSet([]),
                MemoRuleSet([]),
                "19991231",
                "20000101",
                MilestoneSet(),
                ValueError,
            ),  # empty account_set
            (
                AccountSet(checking_acct_list(10)),
                BudgetSet(
                    txn_budget_item_once_list(10, 1, "test txn", )
                ),
                MemoRuleSet([]),
                "19991231",
                "20000101",
                MilestoneSet(),
                ValueError,
            ),  # A budget memo x priority element does not have a matching regex in memo rule set
            (
                AccountSet(checking_acct_list(10)),
                BudgetSet(
                    txn_budget_item_once_list(10, 1, "test txn", )
                ),
                MemoRuleSet(match_p1_test_txn_credit_memo_rule_list()),
                "19991231",
                "20000101",
                MilestoneSet(),
                ValueError,
            ),  # A memo rule has an account that does not exist in AccountSet
            # (AccountSet([]),
            #  BudgetSet([]),
            #  MemoRuleSet([]),
            #  'start_date_YYYYMMDD',
            #  'end_date_YYYYMMDD',
            #  MilestoneSet(
            #      [],
            #      [],
            #      []),
            #  ValueError
            #  ),
        ],
    )
    def test_ExpenseForecast_Constructor__invalid_inputs(
        self,
        account_set,
        budget_set,
        memo_rule_set,
        start_date_YYYYMMDD,
        end_date_YYYYMMDD,
        milestone_set,
        expected_exception,
    ):
        with pytest.raises(expected_exception):
>           ExpenseForecast(
                account_set,
                budget_set,
                memo_rule_set,
                start_date_YYYYMMDD,
                end_date_YYYYMMDD,
                milestone_set,
                print_debug_messages=False,
            )
E           NameError: name 'ExpenseForecast' is not defined

tests/ExpenseForecast/unit/test_ExpenseForecast__unit_test.py:295: NameError
_ TestExpenseForecastUnit.test_ExpenseForecast_Constructor__invalid_inputs[account_set4-budget_set4-memo_rule_set4-19991231-20000101-milestone_set4-ValueError] _

self = <test_ExpenseForecast__unit_test.TestExpenseForecastUnit object at 0x2d6650e20>
account_set = <expense_forecast.AccountSet.AccountSet object at 0x2d6537ac0>
budget_set = <expense_forecast.BudgetSet.BudgetSet object at 0x2d65bb0b0>
memo_rule_set = Empty DataFrame
Columns: [Memo_Regex, Account_From, Account_To, Transaction_Priority]
Index: []
start_date_YYYYMMDD = '19991231', end_date_YYYYMMDD = '20000101'
milestone_set = <expense_forecast.MilestoneSet.MilestoneSet object at 0x2d65ba9f0>
expected_exception = <class 'ValueError'>

    @pytest.mark.unit
    @pytest.mark.parametrize(
        "account_set,budget_set,memo_rule_set,start_date_YYYYMMDD,end_date_YYYYMMDD,milestone_set,expected_exception",
        [
            (
                AccountSet([]),
                BudgetSet([]),
                MemoRuleSet([]),
                "incorrect date format",
                "20000103",
                MilestoneSet(),
                ValueError,
            ),  # malformed start date
            (
                AccountSet([]),
                BudgetSet([]),
                MemoRuleSet([]),
                "20000101",
                "incorrect date format",
                MilestoneSet(),
                ValueError,
            ),  # malformed end date
            (
                AccountSet([]),
                BudgetSet([]),
                MemoRuleSet([]),
                "20000101",
                "19991231",
                MilestoneSet(),
                ValueError,
            ),  # end date before start date
            (
                AccountSet([]),
                BudgetSet([]),
                MemoRuleSet([]),
                "19991231",
                "20000101",
                MilestoneSet(),
                ValueError,
            ),  # empty account_set
            (
                AccountSet(checking_acct_list(10)),
                BudgetSet(
                    txn_budget_item_once_list(10, 1, "test txn", )
                ),
                MemoRuleSet([]),
                "19991231",
                "20000101",
                MilestoneSet(),
                ValueError,
            ),  # A budget memo x priority element does not have a matching regex in memo rule set
            (
                AccountSet(checking_acct_list(10)),
                BudgetSet(
                    txn_budget_item_once_list(10, 1, "test txn", )
                ),
                MemoRuleSet(match_p1_test_txn_credit_memo_rule_list()),
                "19991231",
                "20000101",
                MilestoneSet(),
                ValueError,
            ),  # A memo rule has an account that does not exist in AccountSet
            # (AccountSet([]),
            #  BudgetSet([]),
            #  MemoRuleSet([]),
            #  'start_date_YYYYMMDD',
            #  'end_date_YYYYMMDD',
            #  MilestoneSet(
            #      [],
            #      [],
            #      []),
            #  ValueError
            #  ),
        ],
    )
    def test_ExpenseForecast_Constructor__invalid_inputs(
        self,
        account_set,
        budget_set,
        memo_rule_set,
        start_date_YYYYMMDD,
        end_date_YYYYMMDD,
        milestone_set,
        expected_exception,
    ):
        with pytest.raises(expected_exception):
>           ExpenseForecast(
                account_set,
                budget_set,
                memo_rule_set,
                start_date_YYYYMMDD,
                end_date_YYYYMMDD,
                milestone_set,
                print_debug_messages=False,
            )
E           NameError: name 'ExpenseForecast' is not defined

tests/ExpenseForecast/unit/test_ExpenseForecast__unit_test.py:295: NameError
_ TestExpenseForecastUnit.test_ExpenseForecast_Constructor__invalid_inputs[account_set5-budget_set5-memo_rule_set5-19991231-20000101-milestone_set5-ValueError] _

self = <test_ExpenseForecast__unit_test.TestExpenseForecastUnit object at 0x2d6651040>
account_set = <expense_forecast.AccountSet.AccountSet object at 0x2d65c5f50>
budget_set = <expense_forecast.BudgetSet.BudgetSet object at 0x2d6537ce0>
memo_rule_set =   Memo_Regex Account_From Account_To  Transaction_Priority
0   test txn       Credit       None                   1.0
start_date_YYYYMMDD = '19991231', end_date_YYYYMMDD = '20000101'
milestone_set = <expense_forecast.MilestoneSet.MilestoneSet object at 0x2d65379b0>
expected_exception = <class 'ValueError'>

    @pytest.mark.unit
    @pytest.mark.parametrize(
        "account_set,budget_set,memo_rule_set,start_date_YYYYMMDD,end_date_YYYYMMDD,milestone_set,expected_exception",
        [
            (
                AccountSet([]),
                BudgetSet([]),
                MemoRuleSet([]),
                "incorrect date format",
                "20000103",
                MilestoneSet(),
                ValueError,
            ),  # malformed start date
            (
                AccountSet([]),
                BudgetSet([]),
                MemoRuleSet([]),
                "20000101",
                "incorrect date format",
                MilestoneSet(),
                ValueError,
            ),  # malformed end date
            (
                AccountSet([]),
                BudgetSet([]),
                MemoRuleSet([]),
                "20000101",
                "19991231",
                MilestoneSet(),
                ValueError,
            ),  # end date before start date
            (
                AccountSet([]),
                BudgetSet([]),
                MemoRuleSet([]),
                "19991231",
                "20000101",
                MilestoneSet(),
                ValueError,
            ),  # empty account_set
            (
                AccountSet(checking_acct_list(10)),
                BudgetSet(
                    txn_budget_item_once_list(10, 1, "test txn", )
                ),
                MemoRuleSet([]),
                "19991231",
                "20000101",
                MilestoneSet(),
                ValueError,
            ),  # A budget memo x priority element does not have a matching regex in memo rule set
            (
                AccountSet(checking_acct_list(10)),
                BudgetSet(
                    txn_budget_item_once_list(10, 1, "test txn", )
                ),
                MemoRuleSet(match_p1_test_txn_credit_memo_rule_list()),
                "19991231",
                "20000101",
                MilestoneSet(),
                ValueError,
            ),  # A memo rule has an account that does not exist in AccountSet
            # (AccountSet([]),
            #  BudgetSet([]),
            #  MemoRuleSet([]),
            #  'start_date_YYYYMMDD',
            #  'end_date_YYYYMMDD',
            #  MilestoneSet(
            #      [],
            #      [],
            #      []),
            #  ValueError
            #  ),
        ],
    )
    def test_ExpenseForecast_Constructor__invalid_inputs(
        self,
        account_set,
        budget_set,
        memo_rule_set,
        start_date_YYYYMMDD,
        end_date_YYYYMMDD,
        milestone_set,
        expected_exception,
    ):
        with pytest.raises(expected_exception):
>           ExpenseForecast(
                account_set,
                budget_set,
                memo_rule_set,
                start_date_YYYYMMDD,
                end_date_YYYYMMDD,
                milestone_set,
                print_debug_messages=False,
            )
E           NameError: name 'ExpenseForecast' is not defined

tests/ExpenseForecast/unit/test_ExpenseForecast__unit_test.py:295: NameError
_ TestExpenseForecastUnit.test_priority_ordering[test_p2_and_3__expect_skip-account_set0-budget_set0-memo_rule_set0-20000101-20000103-milestone_set0-expected_result_df0] _

self = <test_ExpenseForecast__unit_test.TestExpenseForecastUnit object at 0x2d66e03c0>
test_description = 'test_p2_and_3__expect_skip'
account_set = <expense_forecast.AccountSet.AccountSet object at 0x2d6631130>
budget_set = <expense_forecast.BudgetSet.BudgetSet object at 0x2d6596c50>
memo_rule_set =   Memo_Regex Account_From Account_To  Transaction_Priority
0         .*     Checking       None                   1.0
1         .*     Checking       None                   2.0
start_date_YYYYMMDD = '20000101', end_date_YYYYMMDD = '20000103'
milestone_set = <expense_forecast.MilestoneSet.MilestoneSet object at 0x2d6596db0>
expected_result_df =         Date  Checking  ...  Memo Directives  Memo
0 2000-01-01         0  ...                       
1 2000-01-02         0  ...                       
2 2000-01-03         0  ...                       

[3 rows x 16 columns]

    @pytest.mark.unit
    @pytest.mark.parametrize(
        "test_description,account_set,budget_set,memo_rule_set,start_date_YYYYMMDD,end_date_YYYYMMDD,milestone_set,expected_result_df",
        [
            (
                "test_p2_and_3__expect_skip",
                AccountSet(
                    checking_acct_list(0) + credit_acct_list(0, 0, 0.05)
                ),
                BudgetSet(
                    txn_budget_item_once_list(
                        10, 2, "this should be skipped",
                    )
                ),
                MemoRuleSet(
                    [
                        MemoRule(
                            memo_regex=".*",
                            account_from="Checking",
                            account_to=None,
                            transaction_priority=1,
                        ),
                        MemoRule(
                            memo_regex=".*",
                            account_from="Checking",
                            account_to=None,
                            transaction_priority=2,
                        ),
                    ]
                ),
                "20000101",
                "20000103",
                MilestoneSet(),
                pd.DataFrame(
                    {
                        "Date": ["20000101", "20000102", "20000103"],
                        "Checking": [0, 0, 0],
                        "Credit: Curr Stmt Bal": [0, 0, 0],
                        "Credit: Prev Stmt Bal": [0, 0, 0],
                        "Credit: Credit Billing Cycle Payment Bal": [0, 0, 0],
                        "Credit: Credit End of Prev Cycle Bal": [0, 0, 0],
                        "Marginal Interest": [0, 0, 0],
                        "Net Gain": [0, 0, 0],
                        "Net Loss": [0, 0, 0],
                        "Net Worth": [0, 0, 0],
                        "Loan Total": [0, 0, 0],
                        "CC Debt Total": [0, 0, 0],
                        "Liquid Total": [0, 0, 0],
                        "Next Income Date": ["", "", ""],
                        "Memo Directives": ["", "", ""],
                        "Memo": ["", "", ""],
                    }
                ),
            ),
            (
                "test_p2_and_3__p3_item_skipped_bc_p2",
                AccountSet(checking_acct_list(100)),
                BudgetSet(
                    txn_budget_item_once_list(
                        100, 2, "this should be executed",
                    )
                    + txn_budget_item_once_list(
                        100, 3, "this should be skipped",
                    )
                ),
                MemoRuleSet(
                    [
                        MemoRule(
                            memo_regex=".*",
                            account_from="Checking",
                            account_to=None,
                            transaction_priority=1,
                        ),
                        MemoRule(
                            memo_regex=".*",
                            account_from="Checking",
                            account_to=None,
                            transaction_priority=2,
                        ),
                        MemoRule(
                            memo_regex=".*",
                            account_from="Checking",
                            account_to=None,
                            transaction_priority=3,
                        ),
                    ]
                ),
                "20000101",
                "20000103",
                MilestoneSet(),
                pd.DataFrame(
                    {
                        "Date": ["20000101", "20000102", "20000103"],
                        "Checking": [100, 0, 0],
                        "Marginal Interest": [0, 0, 0],
                        "Net Gain": [0, 0, 0],
                        "Net Loss": [0, 100, 0],
                        "Net Worth": [100, 0, 0],
                        "Loan Total": [0, 0, 0],
                        "CC Debt Total": [0, 0, 0],
                        "Liquid Total": [100, 0, 0],
                        "Next Income Date": ["", "", ""],
                        "Memo Directives": ["", "", ""],
                        "Memo": ["", "this should be executed (Checking -$100.00)", ""],
                    }
                ),
            ),
            (
                "test_p4__cc_payment__no_prev_balance__pay_100__no_funds__expect_skip",
                AccountSet(
                    checking_acct_list(0) + credit_acct_list(0, 0, 0.05)
                ),
                BudgetSet(
                    txn_budget_item_once_list(
                        100, 4, "additional credit card payment",
                    )
                ),
                MemoRuleSet(
                    [
                        MemoRule(
                            memo_regex=".*",
                            account_from="Checking",
                            account_to=None,
                            transaction_priority=1,
                        ),
                        MemoRule(
                            memo_regex=".*",
                            account_from="Checking",
                            account_to=None,
                            transaction_priority=4,
                        ),
                    ]
                ),
                "20000101",
                "20000103",
                MilestoneSet(),
                pd.DataFrame(
                    {
                        "Date": ["20000101", "20000102", "20000103"],
                        "Checking": [0, 0, 0],
                        "Credit: Curr Stmt Bal": [0, 0, 0],
                        "Credit: Prev Stmt Bal": [0, 0, 0],
                        "Credit: Credit Billing Cycle Payment Bal": [0, 0, 0],
                        "Credit: Credit End of Prev Cycle Bal": [0, 0, 0],
                        "Marginal Interest": [0, 0, 0],
                        "Net Gain": [0, 0, 0],
                        "Net Loss": [0, 0, 0],
                        "Net Worth": [0, 0, 0],
                        "Loan Total": [0, 0, 0],
                        "CC Debt Total": [0, 0, 0],
                        "Liquid Total": [0, 0, 0],
                        "Next Income Date": ["", "", ""],
                        "Memo Directives": ["", "", ""],
                        "Memo": ["", "", ""],
                    }
                ),
            ),
            (
                "test_p4__cc_payment__no_prev_balance__pay_100__expect_skip",
                AccountSet(
                    checking_acct_list(2000) + credit_acct_list(0, 0, 0.05)
                ),
                BudgetSet(
                    txn_budget_item_once_list(
                        100, 4, "this should be skipped",
                    )
                ),
                MemoRuleSet(
                    [
                        MemoRule(
                            memo_regex=".*",
                            account_from="Credit",
                            account_to=None,
                            transaction_priority=1,
                        ),
                        MemoRule(
                            memo_regex=".*",
                            account_from="Checking",
                            account_to="Credit",
                            transaction_priority=4,
                        ),
                    ]
                ),
                "20000101",
                "20000103",
                MilestoneSet(),
                pd.DataFrame(
                    {
                        "Date": ["20000101", "20000102", "20000103"],
                        "Checking": [2000, 2000, 2000],
                        "Credit: Curr Stmt Bal": [0, 0, 0],
                        "Credit: Prev Stmt Bal": [0, 0, 0],
                        "Credit: Credit Billing Cycle Payment Bal": [0, 0, 0],
                        "Credit: Credit End of Prev Cycle Bal": [0, 0, 0],
                        "Marginal Interest": [0, 0, 0],
                        "Net Gain": [0, 0, 0],
                        "Net Loss": [0, 0, 0],
                        "Net Worth": [2000, 2000, 2000],
                        "Loan Total": [0, 0, 0],
                        "CC Debt Total": [0, 0, 0],
                        "Liquid Total": [2000, 2000, 2000],
                        "Next Income Date": ["", "", ""],
                        "Memo Directives": ["", "", ""],
                        "Memo": ["", "", ""],
                    }
                ),
            ),
            (
                "test_transactions_executed_at_p1_and_p2",
                AccountSet(checking_acct_list(2000)),
                BudgetSet(
                    [
                        BudgetItem(
                            datetime.datetime.strptime("20000102","%Y%m%d"),
                            datetime.datetime.strptime("20000102","%Y%m%d"),
                            1,
                            "once",
                            100,
                            "p1 daily txn 1",
    
                        ),
                        BudgetItem(datetime.datetime.strptime("20000103","%Y%m%d"),datetime.datetime.strptime("20000103","%Y%m%d"),
                            1,
                            "once",
                            100,
                            "p1 daily txn 2",
    
                        ),
                        BudgetItem(datetime.datetime.strptime("20000104","%Y%m%d"),datetime.datetime.strptime("20000104","%Y%m%d"),
                            1,
                            "once",
                            100,
                            "p1 daily txn 3",
    
                        ),
                        BudgetItem(
                            datetime.datetime.strptime("20000105","%Y%m%d"),
                            datetime.datetime.strptime("20000105","%Y%m%d"),
                            1,
                            "once",
                            100,
                            "p1 daily txn 4",
    
                        ),
                        BudgetItem(
                            datetime.datetime.strptime("20000102","%Y%m%d"),
                            datetime.datetime.strptime("20000102","%Y%m%d"),
                            2,
                            "once",
                            100,
                            "p2 daily txn 1/2/00",
    
                        ),
                        BudgetItem(datetime.datetime.strptime("20000103","%Y%m%d"),datetime.datetime.strptime("20000103","%Y%m%d"),
                            2,
                            "once",
                            100,
                            "p2 daily txn 1/3/00",
    
                        ),
                        BudgetItem(datetime.datetime.strptime("20000104","%Y%m%d"),datetime.datetime.strptime("20000104","%Y%m%d"),
                            2,
                            "once",
                            100,
                            "p2 daily txn 1/4/00",
    
                        ),
                        BudgetItem(
                            datetime.datetime.strptime("20000105","%Y%m%d"),
                            datetime.datetime.strptime("20000105","%Y%m%d"),
                            2,
                            "once",
                            100,
                            "p2 daily txn 1/5/00",
    
                        ),
                    ]
                ),
                MemoRuleSet(
                    [
                        MemoRule(
                            memo_regex=".*",
                            account_from="Checking",
                            account_to=None,
                            transaction_priority=1,
                        ),
                        MemoRule(
                            memo_regex=".*",
                            account_from="Checking",
                            account_to=None,
                            transaction_priority=2,
                        ),
                    ]
                ),
                "20000101",
                "20000106",  # note that this is later than the test defined above
                MilestoneSet(),
                pd.DataFrame(
                    {
                        "Date": [
                            "20000101",
                            "20000102",
                            "20000103",
                            "20000104",
                            "20000105",
                            "20000106",
                        ],
                        "Checking": [2000, 1800, 1600, 1400, 1200, 1200],
                        "Marginal Interest": [0, 0, 0, 0, 0, 0],
                        "Net Gain": [0, 0, 0, 0, 0, 0],
                        "Net Loss": [0, 200, 200, 200, 200, 0],
                        "Net Worth": [2000, 1800, 1600, 1400, 1200, 1200],
                        "Loan Total": [0, 0, 0, 0, 0, 0],
                        "CC Debt Total": [0, 0, 0, 0, 0, 0],
                        "Liquid Total": [2000, 1800, 1600, 1400, 1200, 1200],
                        "Next Income Date": ["", "", "", "", "", ""],
                        "Memo Directives": ["", "", "", "", "", ""],
                        "Memo": [
                            "",
                            "p1 daily txn 1 (Checking -$100.00); p2 daily txn 1/2/00 (Checking -$100.00)",
                            "p1 daily txn 2 (Checking -$100.00); p2 daily txn 1/3/00 (Checking -$100.00)",
                            "p1 daily txn 3 (Checking -$100.00); p2 daily txn 1/4/00 (Checking -$100.00)",
                            "p1 daily txn 4 (Checking -$100.00); p2 daily txn 1/5/00 (Checking -$100.00)",
                            "",
                        ],
                    }
                ),
            ),
            (
                "test_transactions_executed_at_p1_and_p2_and_p3",
                AccountSet(checking_acct_list(2000)),
                BudgetSet(
                    [
                        BudgetItem(
                            datetime.datetime.strptime("20000102","%Y%m%d"),
                            datetime.datetime.strptime("20000102","%Y%m%d"),
                            1,
                            "once",
                            100,
                            "p1 daily txn 1/2/00",
    
                        ),
                        BudgetItem(datetime.datetime.strptime("20000103","%Y%m%d"),datetime.datetime.strptime("20000103","%Y%m%d"),
                            1,
                            "once",
                            100,
                            "p1 daily txn 1/3/00",
    
                        ),
                        BudgetItem(datetime.datetime.strptime("20000104","%Y%m%d"),datetime.datetime.strptime("20000104","%Y%m%d"),
                            1,
                            "once",
                            100,
                            "p1 daily txn 1/4/00",
    
                        ),
                        BudgetItem(
                            datetime.datetime.strptime("20000105","%Y%m%d"),
                            datetime.datetime.strptime("20000105","%Y%m%d"),
                            1,
                            "once",
                            100,
                            "p1 daily txn 1/5/00",
    
                        ),
                        BudgetItem(datetime.datetime.strptime("20000102","%Y%m%d"),datetime.datetime.strptime("20000102","%Y%m%d"),
                            2,
                            "once",
                            100,
                            "p2 daily txn 1/2/00",
    
                        ),
                        BudgetItem(datetime.datetime.strptime("20000103","%Y%m%d"),datetime.datetime.strptime("20000103","%Y%m%d"),
                            2,
                            "once",
                            100,
                            "p2 daily txn 1/3/00",
    
                        ),
                        BudgetItem(datetime.datetime.strptime("20000104","%Y%m%d"),datetime.datetime.strptime("20000104","%Y%m%d"),
                            2,
                            "once",
                            100,
                            "p2 daily txn 1/4/00",
    
                        ),
                        BudgetItem(
                            datetime.datetime.strptime("20000105","%Y%m%d"),
                            datetime.datetime.strptime("20000105","%Y%m%d"),
                            2,
                            "once",
                            100,
                            "p2 daily txn 1/5/00",
    
                        ),
                        BudgetItem(datetime.datetime.strptime("20000102","%Y%m%d"),datetime.datetime.strptime("20000102","%Y%m%d"),
                            3,
                            "once",
                            100,
                            "p3 daily txn 1/2/00",
    
                        ),
                        BudgetItem(datetime.datetime.strptime("20000103","%Y%m%d"),datetime.datetime.strptime("20000103","%Y%m%d"),
                            3,
                            "once",
                            100,
                            "p3 daily txn 1/3/00",
    
                        ),
                        BudgetItem(datetime.datetime.strptime("20000104","%Y%m%d"),datetime.datetime.strptime("20000104","%Y%m%d"),
                            3,
                            "once",
                            100,
                            "p3 daily txn 1/4/00",
    
                        ),
                        BudgetItem(
                            datetime.datetime.strptime("20000105","%Y%m%d"),
                            datetime.datetime.strptime("20000105","%Y%m%d"),
                            3,
                            "once",
                            100,
                            "p3 daily txn 1/5/00",
    
                        ),
                    ]
                ),
                MemoRuleSet(
                    [
                        MemoRule(
                            memo_regex=".*",
                            account_from="Checking",
                            account_to=None,
                            transaction_priority=1,
                        ),
                        MemoRule(
                            memo_regex=".*",
                            account_from="Checking",
                            account_to=None,
                            transaction_priority=2,
                        ),
                        MemoRule(
                            memo_regex=".*",
                            account_from="Checking",
                            account_to=None,
                            transaction_priority=3,
                        ),
                    ]
                ),
                "20000101",
                "20000106",  # note that this is later than the test defined above
                MilestoneSet(),
                pd.DataFrame(
                    {
                        "Date": [
                            "20000101",
                            "20000102",
                            "20000103",
                            "20000104",
                            "20000105",
                            "20000106",
                        ],
                        "Checking": [2000, 1700, 1400, 1100, 800, 800],
                        "Marginal Interest": [0, 0, 0, 0, 0, 0],
                        "Net Gain": [0, 0, 0, 0, 0, 0],
                        "Net Loss": [0, 300, 300, 300, 300, 0],
                        "Net Worth": [2000, 1700, 1400, 1100, 800, 800],
                        "Loan Total": [0, 0, 0, 0, 0, 0],
                        "CC Debt Total": [0, 0, 0, 0, 0, 0],
                        "Liquid Total": [2000, 1700, 1400, 1100, 800, 800],
                        "Next Income Date": ["", "", "", "", "", ""],
                        "Memo Directives": ["", "", "", "", "", ""],
                        "Memo": [
                            "",
                            "p1 daily txn 1/2/00 (Checking -$100.00); p2 daily txn 1/2/00 (Checking -$100.00); p3 daily txn 1/2/00 (Checking -$100.00)",
                            "p1 daily txn 1/3/00 (Checking -$100.00); p2 daily txn 1/3/00 (Checking -$100.00); p3 daily txn 1/3/00 (Checking -$100.00)",
                            "p1 daily txn 1/4/00 (Checking -$100.00); p2 daily txn 1/4/00 (Checking -$100.00); p3 daily txn 1/4/00 (Checking -$100.00)",
                            "p1 daily txn 1/5/00 (Checking -$100.00); p2 daily txn 1/5/00 (Checking -$100.00); p3 daily txn 1/5/00 (Checking -$100.00)",
                            "",
                        ],
                    }
                ),
            ),
        ],
    )
    def test_priority_ordering(
        self,
        test_description,
        account_set,
        budget_set,
        memo_rule_set,
        start_date_YYYYMMDD,
        end_date_YYYYMMDD,
        milestone_set,
        expected_result_df,
    ):
    
        expected_result_df.Date = [
            datetime.datetime.strptime(x, "%Y%m%d") for x in expected_result_df.Date
        ]
    
>       E = self.compute_forecast_and_actual_vs_expected(
            account_set,
            budget_set,
            memo_rule_set,
            start_date_YYYYMMDD,
            end_date_YYYYMMDD,
            milestone_set,
            expected_result_df,
            test_description,
        )

tests/ExpenseForecast/unit/test_ExpenseForecast__unit_test.py:1518: 
_ _ _ _ _ _ _ _ _ _ _ _ _ _ _ _ _ _ _ _ _ _ _ _ _ _ _ _ _ _ _ _ _ _ _ _ _ _ _ _ 

self = <test_ExpenseForecast__unit_test.TestExpenseForecastUnit object at 0x2d66e03c0>
account_set = <expense_forecast.AccountSet.AccountSet object at 0x2d6631130>
budget_set = <expense_forecast.BudgetSet.BudgetSet object at 0x2d6596c50>
memo_rule_set =   Memo_Regex Account_From Account_To  Transaction_Priority
0         .*     Checking       None                   1.0
1         .*     Checking       None                   2.0
start_date_YYYYMMDD = '20000101', end_date_YYYYMMDD = '20000103'
milestone_set = <expense_forecast.MilestoneSet.MilestoneSet object at 0x2d6596db0>
expected_result_df =         Date  Checking  ...  Memo Directives  Memo
0 2000-01-01         0  ...                       
1 2000-01-02         0  ...                       
2 2000-01-03         0  ...                       

[3 rows x 16 columns]
test_description = 'test_p2_and_3__expect_skip'

    def compute_forecast_and_actual_vs_expected(
        self,
        account_set,
        budget_set,
        memo_rule_set,
        start_date_YYYYMMDD,
        end_date_YYYYMMDD,
        milestone_set,
        expected_result_df,
        test_description,
    ):
    
>       E = ExpenseForecast(
            account_set,
            budget_set,
            memo_rule_set,
            start_date_YYYYMMDD,
            end_date_YYYYMMDD,
            milestone_set,
            raise_exceptions=False,
        )
E       NameError: name 'ExpenseForecast' is not defined

tests/ExpenseForecast/unit/test_ExpenseForecast__unit_test.py:317: NameError
_ TestExpenseForecastUnit.test_priority_ordering[test_p2_and_3__p3_item_skipped_bc_p2-account_set1-budget_set1-memo_rule_set1-20000101-20000103-milestone_set1-expected_result_df1] _

self = <test_ExpenseForecast__unit_test.TestExpenseForecastUnit object at 0x2d66d0c30>
test_description = 'test_p2_and_3__p3_item_skipped_bc_p2'
account_set = <expense_forecast.AccountSet.AccountSet object at 0x2d6632cf0>
budget_set = <expense_forecast.BudgetSet.BudgetSet object at 0x2d6596f10>
memo_rule_set =   Memo_Regex Account_From Account_To  Transaction_Priority
0         .*     Checking       None                   1.0
1         .*     Checking       None                   2.0
2         .*     Checking       None                   3.0
start_date_YYYYMMDD = '20000101', end_date_YYYYMMDD = '20000103'
milestone_set = <expense_forecast.MilestoneSet.MilestoneSet object at 0x2d6597070>
expected_result_df =         Date  ...                                         Memo
0 2000-01-01  ...                                      ...d be executed (Checking -$100.00)
2 2000-01-03  ...                                             

[3 rows x 12 columns]

    @pytest.mark.unit
    @pytest.mark.parametrize(
        "test_description,account_set,budget_set,memo_rule_set,start_date_YYYYMMDD,end_date_YYYYMMDD,milestone_set,expected_result_df",
        [
            (
                "test_p2_and_3__expect_skip",
                AccountSet(
                    checking_acct_list(0) + credit_acct_list(0, 0, 0.05)
                ),
                BudgetSet(
                    txn_budget_item_once_list(
                        10, 2, "this should be skipped",
                    )
                ),
                MemoRuleSet(
                    [
                        MemoRule(
                            memo_regex=".*",
                            account_from="Checking",
                            account_to=None,
                            transaction_priority=1,
                        ),
                        MemoRule(
                            memo_regex=".*",
                            account_from="Checking",
                            account_to=None,
                            transaction_priority=2,
                        ),
                    ]
                ),
                "20000101",
                "20000103",
                MilestoneSet(),
                pd.DataFrame(
                    {
                        "Date": ["20000101", "20000102", "20000103"],
                        "Checking": [0, 0, 0],
                        "Credit: Curr Stmt Bal": [0, 0, 0],
                        "Credit: Prev Stmt Bal": [0, 0, 0],
                        "Credit: Credit Billing Cycle Payment Bal": [0, 0, 0],
                        "Credit: Credit End of Prev Cycle Bal": [0, 0, 0],
                        "Marginal Interest": [0, 0, 0],
                        "Net Gain": [0, 0, 0],
                        "Net Loss": [0, 0, 0],
                        "Net Worth": [0, 0, 0],
                        "Loan Total": [0, 0, 0],
                        "CC Debt Total": [0, 0, 0],
                        "Liquid Total": [0, 0, 0],
                        "Next Income Date": ["", "", ""],
                        "Memo Directives": ["", "", ""],
                        "Memo": ["", "", ""],
                    }
                ),
            ),
            (
                "test_p2_and_3__p3_item_skipped_bc_p2",
                AccountSet(checking_acct_list(100)),
                BudgetSet(
                    txn_budget_item_once_list(
                        100, 2, "this should be executed",
                    )
                    + txn_budget_item_once_list(
                        100, 3, "this should be skipped",
                    )
                ),
                MemoRuleSet(
                    [
                        MemoRule(
                            memo_regex=".*",
                            account_from="Checking",
                            account_to=None,
                            transaction_priority=1,
                        ),
                        MemoRule(
                            memo_regex=".*",
                            account_from="Checking",
                            account_to=None,
                            transaction_priority=2,
                        ),
                        MemoRule(
                            memo_regex=".*",
                            account_from="Checking",
                            account_to=None,
                            transaction_priority=3,
                        ),
                    ]
                ),
                "20000101",
                "20000103",
                MilestoneSet(),
                pd.DataFrame(
                    {
                        "Date": ["20000101", "20000102", "20000103"],
                        "Checking": [100, 0, 0],
                        "Marginal Interest": [0, 0, 0],
                        "Net Gain": [0, 0, 0],
                        "Net Loss": [0, 100, 0],
                        "Net Worth": [100, 0, 0],
                        "Loan Total": [0, 0, 0],
                        "CC Debt Total": [0, 0, 0],
                        "Liquid Total": [100, 0, 0],
                        "Next Income Date": ["", "", ""],
                        "Memo Directives": ["", "", ""],
                        "Memo": ["", "this should be executed (Checking -$100.00)", ""],
                    }
                ),
            ),
            (
                "test_p4__cc_payment__no_prev_balance__pay_100__no_funds__expect_skip",
                AccountSet(
                    checking_acct_list(0) + credit_acct_list(0, 0, 0.05)
                ),
                BudgetSet(
                    txn_budget_item_once_list(
                        100, 4, "additional credit card payment",
                    )
                ),
                MemoRuleSet(
                    [
                        MemoRule(
                            memo_regex=".*",
                            account_from="Checking",
                            account_to=None,
                            transaction_priority=1,
                        ),
                        MemoRule(
                            memo_regex=".*",
                            account_from="Checking",
                            account_to=None,
                            transaction_priority=4,
                        ),
                    ]
                ),
                "20000101",
                "20000103",
                MilestoneSet(),
                pd.DataFrame(
                    {
                        "Date": ["20000101", "20000102", "20000103"],
                        "Checking": [0, 0, 0],
                        "Credit: Curr Stmt Bal": [0, 0, 0],
                        "Credit: Prev Stmt Bal": [0, 0, 0],
                        "Credit: Credit Billing Cycle Payment Bal": [0, 0, 0],
                        "Credit: Credit End of Prev Cycle Bal": [0, 0, 0],
                        "Marginal Interest": [0, 0, 0],
                        "Net Gain": [0, 0, 0],
                        "Net Loss": [0, 0, 0],
                        "Net Worth": [0, 0, 0],
                        "Loan Total": [0, 0, 0],
                        "CC Debt Total": [0, 0, 0],
                        "Liquid Total": [0, 0, 0],
                        "Next Income Date": ["", "", ""],
                        "Memo Directives": ["", "", ""],
                        "Memo": ["", "", ""],
                    }
                ),
            ),
            (
                "test_p4__cc_payment__no_prev_balance__pay_100__expect_skip",
                AccountSet(
                    checking_acct_list(2000) + credit_acct_list(0, 0, 0.05)
                ),
                BudgetSet(
                    txn_budget_item_once_list(
                        100, 4, "this should be skipped",
                    )
                ),
                MemoRuleSet(
                    [
                        MemoRule(
                            memo_regex=".*",
                            account_from="Credit",
                            account_to=None,
                            transaction_priority=1,
                        ),
                        MemoRule(
                            memo_regex=".*",
                            account_from="Checking",
                            account_to="Credit",
                            transaction_priority=4,
                        ),
                    ]
                ),
                "20000101",
                "20000103",
                MilestoneSet(),
                pd.DataFrame(
                    {
                        "Date": ["20000101", "20000102", "20000103"],
                        "Checking": [2000, 2000, 2000],
                        "Credit: Curr Stmt Bal": [0, 0, 0],
                        "Credit: Prev Stmt Bal": [0, 0, 0],
                        "Credit: Credit Billing Cycle Payment Bal": [0, 0, 0],
                        "Credit: Credit End of Prev Cycle Bal": [0, 0, 0],
                        "Marginal Interest": [0, 0, 0],
                        "Net Gain": [0, 0, 0],
                        "Net Loss": [0, 0, 0],
                        "Net Worth": [2000, 2000, 2000],
                        "Loan Total": [0, 0, 0],
                        "CC Debt Total": [0, 0, 0],
                        "Liquid Total": [2000, 2000, 2000],
                        "Next Income Date": ["", "", ""],
                        "Memo Directives": ["", "", ""],
                        "Memo": ["", "", ""],
                    }
                ),
            ),
            (
                "test_transactions_executed_at_p1_and_p2",
                AccountSet(checking_acct_list(2000)),
                BudgetSet(
                    [
                        BudgetItem(
                            datetime.datetime.strptime("20000102","%Y%m%d"),
                            datetime.datetime.strptime("20000102","%Y%m%d"),
                            1,
                            "once",
                            100,
                            "p1 daily txn 1",
    
                        ),
                        BudgetItem(datetime.datetime.strptime("20000103","%Y%m%d"),datetime.datetime.strptime("20000103","%Y%m%d"),
                            1,
                            "once",
                            100,
                            "p1 daily txn 2",
    
                        ),
                        BudgetItem(datetime.datetime.strptime("20000104","%Y%m%d"),datetime.datetime.strptime("20000104","%Y%m%d"),
                            1,
                            "once",
                            100,
                            "p1 daily txn 3",
    
                        ),
                        BudgetItem(
                            datetime.datetime.strptime("20000105","%Y%m%d"),
                            datetime.datetime.strptime("20000105","%Y%m%d"),
                            1,
                            "once",
                            100,
                            "p1 daily txn 4",
    
                        ),
                        BudgetItem(
                            datetime.datetime.strptime("20000102","%Y%m%d"),
                            datetime.datetime.strptime("20000102","%Y%m%d"),
                            2,
                            "once",
                            100,
                            "p2 daily txn 1/2/00",
    
                        ),
                        BudgetItem(datetime.datetime.strptime("20000103","%Y%m%d"),datetime.datetime.strptime("20000103","%Y%m%d"),
                            2,
                            "once",
                            100,
                            "p2 daily txn 1/3/00",
    
                        ),
                        BudgetItem(datetime.datetime.strptime("20000104","%Y%m%d"),datetime.datetime.strptime("20000104","%Y%m%d"),
                            2,
                            "once",
                            100,
                            "p2 daily txn 1/4/00",
    
                        ),
                        BudgetItem(
                            datetime.datetime.strptime("20000105","%Y%m%d"),
                            datetime.datetime.strptime("20000105","%Y%m%d"),
                            2,
                            "once",
                            100,
                            "p2 daily txn 1/5/00",
    
                        ),
                    ]
                ),
                MemoRuleSet(
                    [
                        MemoRule(
                            memo_regex=".*",
                            account_from="Checking",
                            account_to=None,
                            transaction_priority=1,
                        ),
                        MemoRule(
                            memo_regex=".*",
                            account_from="Checking",
                            account_to=None,
                            transaction_priority=2,
                        ),
                    ]
                ),
                "20000101",
                "20000106",  # note that this is later than the test defined above
                MilestoneSet(),
                pd.DataFrame(
                    {
                        "Date": [
                            "20000101",
                            "20000102",
                            "20000103",
                            "20000104",
                            "20000105",
                            "20000106",
                        ],
                        "Checking": [2000, 1800, 1600, 1400, 1200, 1200],
                        "Marginal Interest": [0, 0, 0, 0, 0, 0],
                        "Net Gain": [0, 0, 0, 0, 0, 0],
                        "Net Loss": [0, 200, 200, 200, 200, 0],
                        "Net Worth": [2000, 1800, 1600, 1400, 1200, 1200],
                        "Loan Total": [0, 0, 0, 0, 0, 0],
                        "CC Debt Total": [0, 0, 0, 0, 0, 0],
                        "Liquid Total": [2000, 1800, 1600, 1400, 1200, 1200],
                        "Next Income Date": ["", "", "", "", "", ""],
                        "Memo Directives": ["", "", "", "", "", ""],
                        "Memo": [
                            "",
                            "p1 daily txn 1 (Checking -$100.00); p2 daily txn 1/2/00 (Checking -$100.00)",
                            "p1 daily txn 2 (Checking -$100.00); p2 daily txn 1/3/00 (Checking -$100.00)",
                            "p1 daily txn 3 (Checking -$100.00); p2 daily txn 1/4/00 (Checking -$100.00)",
                            "p1 daily txn 4 (Checking -$100.00); p2 daily txn 1/5/00 (Checking -$100.00)",
                            "",
                        ],
                    }
                ),
            ),
            (
                "test_transactions_executed_at_p1_and_p2_and_p3",
                AccountSet(checking_acct_list(2000)),
                BudgetSet(
                    [
                        BudgetItem(
                            datetime.datetime.strptime("20000102","%Y%m%d"),
                            datetime.datetime.strptime("20000102","%Y%m%d"),
                            1,
                            "once",
                            100,
                            "p1 daily txn 1/2/00",
    
                        ),
                        BudgetItem(datetime.datetime.strptime("20000103","%Y%m%d"),datetime.datetime.strptime("20000103","%Y%m%d"),
                            1,
                            "once",
                            100,
                            "p1 daily txn 1/3/00",
    
                        ),
                        BudgetItem(datetime.datetime.strptime("20000104","%Y%m%d"),datetime.datetime.strptime("20000104","%Y%m%d"),
                            1,
                            "once",
                            100,
                            "p1 daily txn 1/4/00",
    
                        ),
                        BudgetItem(
                            datetime.datetime.strptime("20000105","%Y%m%d"),
                            datetime.datetime.strptime("20000105","%Y%m%d"),
                            1,
                            "once",
                            100,
                            "p1 daily txn 1/5/00",
    
                        ),
                        BudgetItem(datetime.datetime.strptime("20000102","%Y%m%d"),datetime.datetime.strptime("20000102","%Y%m%d"),
                            2,
                            "once",
                            100,
                            "p2 daily txn 1/2/00",
    
                        ),
                        BudgetItem(datetime.datetime.strptime("20000103","%Y%m%d"),datetime.datetime.strptime("20000103","%Y%m%d"),
                            2,
                            "once",
                            100,
                            "p2 daily txn 1/3/00",
    
                        ),
                        BudgetItem(datetime.datetime.strptime("20000104","%Y%m%d"),datetime.datetime.strptime("20000104","%Y%m%d"),
                            2,
                            "once",
                            100,
                            "p2 daily txn 1/4/00",
    
                        ),
                        BudgetItem(
                            datetime.datetime.strptime("20000105","%Y%m%d"),
                            datetime.datetime.strptime("20000105","%Y%m%d"),
                            2,
                            "once",
                            100,
                            "p2 daily txn 1/5/00",
    
                        ),
                        BudgetItem(datetime.datetime.strptime("20000102","%Y%m%d"),datetime.datetime.strptime("20000102","%Y%m%d"),
                            3,
                            "once",
                            100,
                            "p3 daily txn 1/2/00",
    
                        ),
                        BudgetItem(datetime.datetime.strptime("20000103","%Y%m%d"),datetime.datetime.strptime("20000103","%Y%m%d"),
                            3,
                            "once",
                            100,
                            "p3 daily txn 1/3/00",
    
                        ),
                        BudgetItem(datetime.datetime.strptime("20000104","%Y%m%d"),datetime.datetime.strptime("20000104","%Y%m%d"),
                            3,
                            "once",
                            100,
                            "p3 daily txn 1/4/00",
    
                        ),
                        BudgetItem(
                            datetime.datetime.strptime("20000105","%Y%m%d"),
                            datetime.datetime.strptime("20000105","%Y%m%d"),
                            3,
                            "once",
                            100,
                            "p3 daily txn 1/5/00",
    
                        ),
                    ]
                ),
                MemoRuleSet(
                    [
                        MemoRule(
                            memo_regex=".*",
                            account_from="Checking",
                            account_to=None,
                            transaction_priority=1,
                        ),
                        MemoRule(
                            memo_regex=".*",
                            account_from="Checking",
                            account_to=None,
                            transaction_priority=2,
                        ),
                        MemoRule(
                            memo_regex=".*",
                            account_from="Checking",
                            account_to=None,
                            transaction_priority=3,
                        ),
                    ]
                ),
                "20000101",
                "20000106",  # note that this is later than the test defined above
                MilestoneSet(),
                pd.DataFrame(
                    {
                        "Date": [
                            "20000101",
                            "20000102",
                            "20000103",
                            "20000104",
                            "20000105",
                            "20000106",
                        ],
                        "Checking": [2000, 1700, 1400, 1100, 800, 800],
                        "Marginal Interest": [0, 0, 0, 0, 0, 0],
                        "Net Gain": [0, 0, 0, 0, 0, 0],
                        "Net Loss": [0, 300, 300, 300, 300, 0],
                        "Net Worth": [2000, 1700, 1400, 1100, 800, 800],
                        "Loan Total": [0, 0, 0, 0, 0, 0],
                        "CC Debt Total": [0, 0, 0, 0, 0, 0],
                        "Liquid Total": [2000, 1700, 1400, 1100, 800, 800],
                        "Next Income Date": ["", "", "", "", "", ""],
                        "Memo Directives": ["", "", "", "", "", ""],
                        "Memo": [
                            "",
                            "p1 daily txn 1/2/00 (Checking -$100.00); p2 daily txn 1/2/00 (Checking -$100.00); p3 daily txn 1/2/00 (Checking -$100.00)",
                            "p1 daily txn 1/3/00 (Checking -$100.00); p2 daily txn 1/3/00 (Checking -$100.00); p3 daily txn 1/3/00 (Checking -$100.00)",
                            "p1 daily txn 1/4/00 (Checking -$100.00); p2 daily txn 1/4/00 (Checking -$100.00); p3 daily txn 1/4/00 (Checking -$100.00)",
                            "p1 daily txn 1/5/00 (Checking -$100.00); p2 daily txn 1/5/00 (Checking -$100.00); p3 daily txn 1/5/00 (Checking -$100.00)",
                            "",
                        ],
                    }
                ),
            ),
        ],
    )
    def test_priority_ordering(
        self,
        test_description,
        account_set,
        budget_set,
        memo_rule_set,
        start_date_YYYYMMDD,
        end_date_YYYYMMDD,
        milestone_set,
        expected_result_df,
    ):
    
        expected_result_df.Date = [
            datetime.datetime.strptime(x, "%Y%m%d") for x in expected_result_df.Date
        ]
    
>       E = self.compute_forecast_and_actual_vs_expected(
            account_set,
            budget_set,
            memo_rule_set,
            start_date_YYYYMMDD,
            end_date_YYYYMMDD,
            milestone_set,
            expected_result_df,
            test_description,
        )

tests/ExpenseForecast/unit/test_ExpenseForecast__unit_test.py:1518: 
_ _ _ _ _ _ _ _ _ _ _ _ _ _ _ _ _ _ _ _ _ _ _ _ _ _ _ _ _ _ _ _ _ _ _ _ _ _ _ _ 

self = <test_ExpenseForecast__unit_test.TestExpenseForecastUnit object at 0x2d66d0c30>
account_set = <expense_forecast.AccountSet.AccountSet object at 0x2d6632cf0>
budget_set = <expense_forecast.BudgetSet.BudgetSet object at 0x2d6596f10>
memo_rule_set =   Memo_Regex Account_From Account_To  Transaction_Priority
0         .*     Checking       None                   1.0
1         .*     Checking       None                   2.0
2         .*     Checking       None                   3.0
start_date_YYYYMMDD = '20000101', end_date_YYYYMMDD = '20000103'
milestone_set = <expense_forecast.MilestoneSet.MilestoneSet object at 0x2d6597070>
expected_result_df =         Date  ...                                         Memo
0 2000-01-01  ...                                      ...d be executed (Checking -$100.00)
2 2000-01-03  ...                                             

[3 rows x 12 columns]
test_description = 'test_p2_and_3__p3_item_skipped_bc_p2'

    def compute_forecast_and_actual_vs_expected(
        self,
        account_set,
        budget_set,
        memo_rule_set,
        start_date_YYYYMMDD,
        end_date_YYYYMMDD,
        milestone_set,
        expected_result_df,
        test_description,
    ):
    
>       E = ExpenseForecast(
            account_set,
            budget_set,
            memo_rule_set,
            start_date_YYYYMMDD,
            end_date_YYYYMMDD,
            milestone_set,
            raise_exceptions=False,
        )
E       NameError: name 'ExpenseForecast' is not defined

tests/ExpenseForecast/unit/test_ExpenseForecast__unit_test.py:317: NameError
_ TestExpenseForecastUnit.test_priority_ordering[test_p4__cc_payment__no_prev_balance__pay_100__no_funds__expect_skip-account_set2-budget_set2-memo_rule_set2-20000101-20000103-milestone_set2-expected_result_df2] _

self = <test_ExpenseForecast__unit_test.TestExpenseForecastUnit object at 0x2d66d1310>
test_description = 'test_p4__cc_payment__no_prev_balance__pay_100__no_funds__expect_skip'
account_set = <expense_forecast.AccountSet.AccountSet object at 0x2d6632a50>
budget_set = <expense_forecast.BudgetSet.BudgetSet object at 0x2d6636490>
memo_rule_set =   Memo_Regex Account_From Account_To  Transaction_Priority
0         .*     Checking       None                   1.0
1         .*     Checking       None                   4.0
start_date_YYYYMMDD = '20000101', end_date_YYYYMMDD = '20000103'
milestone_set = <expense_forecast.MilestoneSet.MilestoneSet object at 0x2d6636ad0>
expected_result_df =         Date  Checking  ...  Memo Directives  Memo
0 2000-01-01         0  ...                       
1 2000-01-02         0  ...                       
2 2000-01-03         0  ...                       

[3 rows x 16 columns]

    @pytest.mark.unit
    @pytest.mark.parametrize(
        "test_description,account_set,budget_set,memo_rule_set,start_date_YYYYMMDD,end_date_YYYYMMDD,milestone_set,expected_result_df",
        [
            (
                "test_p2_and_3__expect_skip",
                AccountSet(
                    checking_acct_list(0) + credit_acct_list(0, 0, 0.05)
                ),
                BudgetSet(
                    txn_budget_item_once_list(
                        10, 2, "this should be skipped",
                    )
                ),
                MemoRuleSet(
                    [
                        MemoRule(
                            memo_regex=".*",
                            account_from="Checking",
                            account_to=None,
                            transaction_priority=1,
                        ),
                        MemoRule(
                            memo_regex=".*",
                            account_from="Checking",
                            account_to=None,
                            transaction_priority=2,
                        ),
                    ]
                ),
                "20000101",
                "20000103",
                MilestoneSet(),
                pd.DataFrame(
                    {
                        "Date": ["20000101", "20000102", "20000103"],
                        "Checking": [0, 0, 0],
                        "Credit: Curr Stmt Bal": [0, 0, 0],
                        "Credit: Prev Stmt Bal": [0, 0, 0],
[...]
                        )
                    ]
                ),
                MemoRuleSet([MemoRule(".*", "Checking", None, 1)]),
                "20000101",
                "20000103",
                MilestoneSet(
                    account_milestones=[
                        AccountMilestone(
                            "test account milestone", "Checking", 0, 0
                        )
                    ],
                ),
                ["test account milestone"],
                ["20000102"],
            ),
        ],
    )
    def test_evaluate_account_milestone(
        self,
        test_description,
        account_set,
        budget_set,
        memo_rule_set,
        start_date_YYYYMMDD,
        end_date_YYYYMMDD,
        milestone_set,
        account_milestone_names,
        expected_milestone_dates,
    ):
>       E = ExpenseForecast(
            account_set,
            budget_set,
            memo_rule_set,
            start_date_YYYYMMDD,
            end_date_YYYYMMDD,
            milestone_set,
        )
E       NameError: name 'ExpenseForecast' is not defined

tests/ExpenseForecast/unit/test_ExpenseForecast__unit_test.py:4960: NameError
_ TestExpenseForecastUnit.test_evaluate_memo_milestone[test_memo_milestone-account_set0-budget_set0-memo_rule_set0-20000101-20000103-milestone_set0-memo_milestone_names0-expected_milestone_dates0] _

self = <test_ExpenseForecast__unit_test.TestExpenseForecastUnit object at 0x2d66a9cc0>
test_description = 'test_memo_milestone'
account_set = <expense_forecast.AccountSet.AccountSet object at 0x2d66b41d0>
budget_set = <expense_forecast.BudgetSet.BudgetSet object at 0x2d6694830>
memo_rule_set =   Memo_Regex Account_From Account_To  Transaction_Priority
0         .*     Checking       None                   1.0
start_date_YYYYMMDD = '20000101', end_date_YYYYMMDD = '20000103'
milestone_set = <expense_forecast.MilestoneSet.MilestoneSet object at 0x2d6696c30>
memo_milestone_names = ['test memo milestone']
expected_milestone_dates = [datetime.datetime(2000, 1, 2, 0, 0)]

    @pytest.mark.unit
    @pytest.mark.parametrize(
        "test_description,account_set,budget_set,memo_rule_set,start_date_YYYYMMDD,end_date_YYYYMMDD,milestone_set,memo_milestone_names,expected_milestone_dates",
        [
            (
                "test_memo_milestone",
                AccountSet(
                    checking_acct_list(10) + credit_acct_list(0, 0, 0.05)
                ),
                BudgetSet(
                    [
                        BudgetItem(
                            datetime.datetime.strptime("20000102",'%Y%m%d'), datetime.datetime.strptime("20000102",'%Y%m%d'), 1, "once", 10, "memo milestone"
                        )
                    ]
                ),
                MemoRuleSet([MemoRule(".*", "Checking", None, 1)]),
                "20000101",
                "20000103",
                MilestoneSet(
                    memo_milestones=[
                        MemoMilestone(
                            "test memo milestone", "memo milestone"
                        )
                    ],
                ),
                ["test memo milestone"],
                [datetime.datetime.strptime("20000102",'%Y%m%d')],
            ),
        ],
    )
    def test_evaluate_memo_milestone(
        self,
        test_description,
        account_set,
        budget_set,
        memo_rule_set,
        start_date_YYYYMMDD,
        end_date_YYYYMMDD,
        milestone_set,
        memo_milestone_names,
        expected_milestone_dates,
    ):
>       E = ExpenseForecast(
            account_set,
            budget_set,
            memo_rule_set,
            start_date_YYYYMMDD,
            end_date_YYYYMMDD,
            milestone_set,
        )
E       NameError: name 'ExpenseForecast' is not defined

tests/ExpenseForecast/unit/test_ExpenseForecast__unit_test.py:5029: NameError
_ TestExpenseForecastUnit.test_evaluate_composite_milestone[test composite milestone-account_set0-budget_set0-memo_rule_set0-20000101-20000103-milestone_set0-composite_milestone_names0-expected_milestone_dates0] _

self = <test_ExpenseForecast__unit_test.TestExpenseForecastUnit object at 0x2d66a8b90>
test_description = 'test composite milestone'
account_set = <expense_forecast.AccountSet.AccountSet object at 0x2d6695370>
budget_set = <expense_forecast.BudgetSet.BudgetSet object at 0x2d66b7e30>
memo_rule_set =   Memo_Regex Account_From Account_To  Transaction_Priority
0         .*     Checking       None                   1.0
start_date_YYYYMMDD = '20000101', end_date_YYYYMMDD = '20000103'
milestone_set = <expense_forecast.MilestoneSet.MilestoneSet object at 0x2d66b73b0>
composite_milestone_names = ['test composite milestone']
expected_milestone_dates = [datetime.datetime(2000, 1, 2, 0, 0)]

    @pytest.mark.unit
    @pytest.mark.parametrize(
        "test_description,account_set,budget_set,memo_rule_set,start_date_YYYYMMDD,end_date_YYYYMMDD,milestone_set,composite_milestone_names,expected_milestone_dates",
        [
            (
                "test composite milestone",
                AccountSet(
                    checking_acct_list(10) + credit_acct_list(0, 0, 0.05)
                ),
                BudgetSet(
                    [
                        BudgetItem(
                            datetime.datetime.strptime("20000102",'%Y%m%d'), datetime.datetime.strptime("20000102",'%Y%m%d'), 1, "once", 10, "memo milestone"
                        )
                    ]
                ),
                MemoRuleSet([MemoRule(".*", "Checking", None, 1)]),
                "20000101",
                "20000103",
                MilestoneSet(
                    account_milestones=[
                        AccountMilestone(
                            "test account milestone", "Checking", 0, 0
                        )
                    ],
                    memo_milestones=[
                        MemoMilestone(
                            "test memo milestone", "memo milestone"
                        )
                    ],
                    composite_milestones=[
                        CompositeMilestone(
                            "test composite milestone",
                            [
                                AccountMilestone(
                                    "test account milestone", "Checking", 0, 0
                                )
                            ],
                            [
                                MemoMilestone(
                                    "test memo milestone", "memo milestone"
                                )
                            ],
                        )
                    ],
                ),
                ["test composite milestone"],
                [datetime.datetime.strptime("20000102",'%Y%m%d')],
            ),
        ],
    )
    def test_evaluate_composite_milestone(
        self,
        test_description,
        account_set,
        budget_set,
        memo_rule_set,
        start_date_YYYYMMDD,
        end_date_YYYYMMDD,
        milestone_set,
        composite_milestone_names,
        expected_milestone_dates,
    ):
    
>       E = ExpenseForecast(
            account_set,
            budget_set,
            memo_rule_set,
            start_date_YYYYMMDD,
            end_date_YYYYMMDD,
            milestone_set,
        )
E       NameError: name 'ExpenseForecast' is not defined

tests/ExpenseForecast/unit/test_ExpenseForecast__unit_test.py:5118: NameError
_________________________ TestE2E.test_integration_MVP _________________________

self = <test_E2E.TestE2E object at 0x2d66cfc50>

    @pytest.mark.integration
    def test_integration_MVP(self):
    
        start_date = date(2026,6,1)
        end_date = date(2026,6,30)
    
        A = AccountSet()
        B = BudgetSet()
        M = MemoRuleSet()
        MS = MilestoneSet()
    
        A.createCheckingAccount(
            name="Checking",
            balance=1000,
            min_balance=0,
            max_balance=float("inf"),
            primary_checking_ind=True,
        )
    
        B.addBudgetItem(
            start_date=start_date,
            end_date=end_date,
            priority=1,
            cadence="daily",
            amount=10,
            memo="food",
            income_flag=False,
            deferrable=False,
            partial_payment_allowed=False,
        )
    
        M.addMemoRule(
            memo_regex="food",
            account_from="Checking",
            account_to=None,
            transaction_priority=1,
        )
    
        E_IO = ExpenseForecastInitialConditions(
            start_date=start_date,
            end_date=end_date,
            account_set=A,
            budget_set=B,
            memo_rule_set=M,
            milestone_set=MS)
    
>       R = ForecastHandler().runForecast(E_IO)
E       TypeError: ForecastHandler.runForecast() missing 1 required positional argument: 'milestone_set'

tests/_e2e/test_E2E.py:66: TypeError
----------------------------- Captured stderr call -----------------------------
2026-07-02 20:48:26,340 - DEBUG    - [32m0 Attempting switch log file to: Forecast_260601_29_1_55d3e3761a.log[0m
_ TestAccountSet.test_createAccount__invalid_inputs[test checking-0-0-100-checking-kwargs4] _

self = <test_AccountSet__unit_test.TestAccountSet object at 0x2d7305c70>
name = 'test checking', balance = 0, min_balance = 0, max_balance = 100
account_type = 'checking', kwargs = {'primary_checking_ind': True}

    @pytest.mark.unit
    @pytest.mark.parametrize(
        "name,balance,min_balance,max_balance,account_type,kwargs",
        [
            (
                "test loan",
                100,
                0,
                100,
                "loan",
                {
                    "billing_start_date": date(2000, 1, 1),
                    "apr": 0.1,
                    "interest_cadence": "monthly",
                    "minimum_payment": 50,
                    "interest_balance": 100,
                    "end_of_previous_cycle_balance": 100,
                },
            ),
            (
                "test loan",
                100,
                0,
                100,
                "loan",
                {
                    "billing_start_date": date(2000, 1, 1),
                    "apr": 0.1,
                    "interest_cadence": "monthly",
                    "minimum_payment": 50,
                    "principal_balance": 100,
                    "end_of_previous_cycle_balance": 100,
                },
            ),
            (
                "test credit",
                100,
                0,
                100,
                "credit",
                {
                    "billing_start_date": date(2000, 1, 1),
                    "apr": 0.1,
                    "interest_cadence": "monthly",
                    "minimum_payment": 50,
                    "end_of_previous_cycle_balance": 100,
                },
            ),
            (
                "test loan",
                100,
                0,
                100,
                "loan",
                {
                    "billing_start_date": date(2000, 1, 1),
                    "apr": 0.1,
                    "interest_cadence": "monthly",
                    "minimum_payment": 50,
                    "principal_balance": 100,
                    "interest_balance": 100,
                    "end_of_previous_cycle_balance": 100,
                },
            ),
            (
                "test checking",
                0,
                0,
                100,
                "checking",
                {"primary_checking_ind": True},
            ),
        ],
    )
    def test_createAccount__invalid_inputs(
        self, name, balance, min_balance, max_balance, account_type, kwargs
    ):
>       with pytest.raises(Exception):
E       Failed: DID NOT RAISE <class 'Exception'>

tests/account/unit/test_AccountSet__unit_test.py:578: Failed
=============================== warnings summary ===============================
src/expense_forecast/AccountSet.py:990: 49 warnings
tests/ExpenseForecast/unit/test_ExpenseForecast__unit_test.py: 2 warnings
tests/account/unit/test_AccountSet__unit_test.py: 8 warnings
  /Users/hume/CodeProjects/Github/expense_forecast/src/expense_forecast/AccountSet.py:990: FutureWarning: The behavior of DataFrame concatenation with empty or all-NA entries is deprecated. In a future version, this will no longer exclude empty or all-NA columns when determining the result dtypes. To retain the old behavior, exclude the relevant entries before the concat operation.
    all_accounts_df = pd.concat(

tests/BudgetItem/unit/test_BudgetSet__unit_test.py::TestBudgetSetMethods::test_getBudgetSchedule
  /Users/hume/CodeProjects/Github/expense_forecast/src/expense_forecast/generate_date_sequence.py:43: FutureWarning: 'Q' is deprecated and will be removed in a future version, please use 'QE' instead.
    first_of_each_relevant_quarter = pd.date_range(start_date, end_date, freq="Q")

tests/_e2e/test_E2E.py::TestE2E::test_integration_MVP
  /Users/hume/CodeProjects/Github/expense_forecast/src/expense_forecast/ExpenseForecastInitialConditions.py:206: FutureWarning: Series.__getitem__ treating keys as positions is deprecated. In a future version, integer keys will always be treated as labels (consistent with DataFrame behavior). To access a value by position, use `ser.iloc[pos]`
    .apply(lambda x: x[0].split(":")[0], axis=1)

-- Docs: https://docs.pytest.org/en/stable/how-to/capture-warnings.html
=========================== short test summary info ============================
FAILED tests/ExpenseForecast/unit/test_ExpenseForecast__unit_test.py::TestExpenseForecastUnit::test_ExpenseForecast_Constructor__valid_inputs[account_set0-budget_set0-memo_rule_set0-19991231-20000101-milestone_set0]
FAILED tests/ExpenseForecast/unit/test_ExpenseForecast__unit_test.py::TestExpenseForecastUnit::test_ExpenseForecast_Constructor__invalid_inputs[account_set0-budget_set0-memo_rule_set0-incorrect date format-20000103-milestone_set0-ValueError]
FAILED tests/ExpenseForecast/unit/test_ExpenseForecast__unit_test.py::TestExpenseForecastUnit::test_ExpenseForecast_Constructor__invalid_inputs[account_set1-budget_set1-memo_rule_set1-20000101-incorrect date format-milestone_set1-ValueError]
FAILED tests/ExpenseForecast/unit/test_ExpenseForecast__unit_test.py::TestExpenseForecastUnit::test_ExpenseForecast_Constructor__invalid_inputs[account_set2-budget_set2-memo_rule_set2-20000101-19991231-milestone_set2-ValueError]
FAILED tests/ExpenseForecast/unit/test_ExpenseForecast__unit_test.py::TestExpenseForecastUnit::test_ExpenseForecast_Constructor__invalid_inputs[account_set3-budget_set3-memo_rule_set3-19991231-20000101-milestone_set3-ValueError]
FAILED tests/ExpenseForecast/unit/test_ExpenseForecast__unit_test.py::TestExpenseForecastUnit::test_ExpenseForecast_Constructor__invalid_inputs[account_set4-budget_set4-memo_rule_set4-19991231-20000101-milestone_set4-ValueError]
FAILED tests/ExpenseForecast/unit/test_ExpenseForecast__unit_test.py::TestExpenseForecastUnit::test_ExpenseForecast_Constructor__invalid_inputs[account_set5-budget_set5-memo_rule_set5-19991231-20000101-milestone_set5-ValueError]
FAILED tests/ExpenseForecast/unit/test_ExpenseForecast__unit_test.py::TestExpenseForecastUnit::test_priority_ordering[test_p2_and_3__expect_skip-account_set0-budget_set0-memo_rule_set0-20000101-20000103-milestone_set0-expected_result_df0]
FAILED tests/ExpenseForecast/unit/test_ExpenseForecast__unit_test.py::TestExpenseForecastUnit::test_priority_ordering[test_p2_and_3__p3_item_skipped_bc_p2-account_set1-budget_set1-memo_rule_set1-20000101-20000103-milestone_set1-expected_result_df1]
FAILED tests/ExpenseForecast/unit/test_ExpenseForecast__unit_test.py::TestExpenseForecastUnit::test_priority_ordering[test_p4__cc_payment__no_prev_balance__pay_100__no_funds__expect_skip-account_set2-budget_set2-memo_rule_set2-20000101-20000103-milestone_set2-expected_result_df2]
FAILED tests/ExpenseForecast/unit/test_ExpenseForecast__unit_test.py::TestExpenseForecastUnit::test_priority_ordering[test_p4__cc_payment__no_prev_balance__pay_100__expect_skip-account_set3-budget_set3-memo_rule_set3-20000101-20000103-milestone_set3-expected_result_df3]
FAILED tests/ExpenseForecast/unit/test_ExpenseForecast__unit_test.py::TestExpenseForecastUnit::test_priority_ordering[test_transactions_executed_at_p1_and_p2-account_set4-budget_set4-memo_rule_set4-20000101-20000106-milestone_set4-expected_result_df4]
FAILED tests/ExpenseForecast/unit/test_ExpenseForecast__unit_test.py::TestExpenseForecastUnit::test_priority_ordering[test_transactions_executed_at_p1_and_p2_and_p3-account_set5-budget_set5-memo_rule_set5-20000101-20000106-milestone_set5-expected_result_df5]
FAILED tests/ExpenseForecast/unit/test_ExpenseForecast__unit_test.py::TestExpenseForecastUnit::test_cc_payment_amount[test_p4__cc_payment__pay_all_of_prev_part_of_curr__expect_800-account_set0-budget_set0-memo_rule_set0-20000101-20000103-milestone_set0-expected_result_df0]
FAILED tests/ExpenseForecast/unit/test_ExpenseForecast__unit_test.py::TestExpenseForecastUnit::test_cc_payment_amount[test_p4__cc_payment__pay_part_of_prev_balance__expect_200-account_set1-budget_set1-memo_rule_set1-20000101-20000103-milestone_set1-expected_result_df1]
FAILED tests/ExpenseForecast/unit/test_ExpenseForecast__unit_test.py::TestExpenseForecastUnit::test_cc_payment_amount[test_p4__cc_payment__non_0_prev_balance_but_no_funds__expect_0-account_set2-budget_set2-memo_rule_set2-20000101-20000103-milestone_set2-expected_result_df2]
FAILED tests/ExpenseForecast/unit/test_ExpenseForecast__unit_test.py::TestExpenseForecastUnit::test_cc_payment_amount[test_p4__cc_payment__partial_of_indicated_amount-account_set3-budget_set3-memo_rule_set3-20000101-20000103-milestone_set3-expected_result_df3]
FAILED tests/ExpenseForecast/unit/test_ExpenseForecast__unit_test.py::TestExpenseForecastUnit::test_cc_payment_amount[test_execute_at_reduced_amount_bc_later_higher_priority_txn-account_set4-budget_set4-memo_rule_set4-20000101-end_date_YYYYMMDD4-milestone_set4-expected_result_df4]
FAILED tests/ExpenseForecast/unit/test_ExpenseForecast__unit_test.py::TestExpenseForecastUnit::test_next_income_date[test_next_income_date-account_set0-budget_set0-memo_rule_set0-20000101-end_date_YYYYMMDD0-milestone_set0-expected_result_df0]
FAILED tests/ExpenseForecast/unit/test_ExpenseForecast__unit_test.py::TestExpenseForecastUnit::test_multiple_matching_memo_rule_regex
FAILED tests/ExpenseForecast/unit/test_ExpenseForecast__unit_test.py::TestExpenseForecastUnit::test_str
FAILED tests/ExpenseForecast/unit/test_ExpenseForecast__unit_test.py::TestExpenseForecastUnit::test_forecast_longer_than_satisfice
FAILED tests/ExpenseForecast/unit/test_ExpenseForecast__unit_test.py::TestExpenseForecastUnit::test_evaluate_account_milestone[test_account_milestone-account_set0-budget_set0-memo_rule_set0-20000101-20000103-milestone_set0-account_milestone_names0-expected_milestone_dates0]
FAILED tests/ExpenseForecast/unit/test_ExpenseForecast__unit_test.py::TestExpenseForecastUnit::test_evaluate_memo_milestone[test_memo_milestone-account_set0-budget_set0-memo_rule_set0-20000101-20000103-milestone_set0-memo_milestone_names0-expected_milestone_dates0]
FAILED tests/ExpenseForecast/unit/test_ExpenseForecast__unit_test.py::TestExpenseForecastUnit::test_evaluate_composite_milestone[test composite milestone-account_set0-budget_set0-memo_rule_set0-20000101-20000103-milestone_set0-composite_milestone_names0-expected_milestone_dates0]
FAILED tests/_e2e/test_E2E.py::TestE2E::test_integration_MVP - TypeError: For...
FAILED tests/account/unit/test_AccountSet__unit_test.py::TestAccountSet::test_createAccount__invalid_inputs[test checking-0-0-100-checking-kwargs4]
========== 27 failed, 144 passed, 118 skipped, 61 warnings in 15.42s ===========
