
FAILED test_ExpenseForecast.py::TestExpenseForecastMethods::test_initialize_forecast_from_excel_not_yet_run - AttributeError: 'NoneType' object has ...
FAILED test_ExpenseForecast.py::TestExpenseForecastMethods::test_initialize_forecast_from_excel_already_run - TypeError: 'ExpenseForecast' object is...
FAILED test_ExpenseForecast.py::TestExpenseForecastMethods::test_initialize_forecast_from_json_not_yet_run - TypeError: strptime() argument 1 must b...
FAILED test_ExpenseForecast.py::TestExpenseForecastMethods::test_initialize_forecast_from_json_already_run - ValueError: Unknown format code 'f' for...
FAILED test_ExpenseForecast.py::TestExpenseForecastMethods::test_run_forecast_from_json_at_path - ValueError: Unknown format code 'f' for object of ...
FAILED test_ExpenseForecast.py::TestExpenseForecastMethods::test_run_forecast_from_excel_at_path - AttributeError: 'NoneType' object has no attribut...
FAILED test_ExpenseForecast.py::TestExpenseForecastMethods::test_interest_types_and_cadences_at_most_monthly - NotImplementedError
FAILED test_ExpenseForecast.py::TestExpenseForecastMethods::test_quarter_and_year_long_interest_cadences - NotImplementedError

FAILED test_ExpenseForecast.py::TestExpenseForecastMethods::test_cc_advance_minimum_payment_in_1_payment_over_pay - AssertionError: assert 'advance ...
FAILED test_ExpenseForecast.py::TestExpenseForecastMethods::test_cc_advance_minimum_payment_in_1_payment_exact_pay - AssertionError: assert 'addtl c...
FAILED test_ExpenseForecast.py::TestExpenseForecastMethods::test_cc_advance_minimum_payment_in_1_payment_under_pay - assert False
FAILED test_ExpenseForecast.py::TestExpenseForecastMethods::test_cc_advance_minimum_payment_in_2_payments - assert False
FAILED test_ExpenseForecast.py::TestExpenseForecastMethods::test_cc_advance_minimum_payment_in_2_payments_over_pay - assert False
FAILED test_ExpenseForecast.py::TestExpenseForecastMethods::test_cc_advance_minimum_payment_in_3_payments - assert False
FAILED test_ExpenseForecast.py::TestExpenseForecastMethods::test_cc_advance_minimum_payment_in_3_payments_over_pay - assert False
FAILED test_ExpenseForecast.py::TestExpenseForecastMethods::test_cc_advance_minimum_payment_in_2_payments_under_pay - assert False
FAILED test_ExpenseForecast.py::TestExpenseForecastMethods::test_cc_advance_minimum_payment_in_3_payments_under_pay - assert False



FAILED test_ForecastHandler.py::TestForecastHandlerMethods::test_run_forecast_set - AttributeError: 'BudgetSet' object has no attribute 'initial_bud...
FAILED test_ForecastRunner.py::TestForecastRunnerMethods::test_start_forecast[param1-param2] - ValueError: End date of budget item must be greater t...
FAILED test_ForecastSet.py::TestForecastSet::test_ForecastSet_writeToDatabase_empty_notRun - psycopg2.OperationalError: could not translate host nam...
FAILED test_ForecastSet.py::TestForecastSet::test_ForecastSet_writeToDatabase_empty_Run - psycopg2.OperationalError: could not translate host name "...
FAILED test_ForecastSet.py::TestForecastSet::test_ForecastSet_writeToDatabase_zeroChoices_NotRun - psycopg2.OperationalError: could not translate ho...
FAILED test_ForecastSet.py::TestForecastSet::test_ForecastSet_writeToDatabase_zeroChoices_Run - psycopg2.OperationalError: could not translate host ...
FAILED test_ForecastSet.py::TestForecastSet::test_ForecastSet_writeToDatabase_oneChoice_Run - psycopg2.OperationalError: could not translate host na...
FAILED test_ForecastSet.py::TestForecastSet::test_ForecastSet_writeToDatabase_oneChoice_NotRun - psycopg2.OperationalError: could not translate host...
FAILED test_ForecastSet.py::TestForecastSet::test_ForecastSet_writeToDatabase_twoChoices_NotRun - psycopg2.OperationalError: could not translate hos...
FAILED test_ForecastSet.py::TestForecastSet::test_ForecastSet_writeToDatabase_twoChoices_Run - ValueError: Unknown format code 'f' for object of typ...
FAILED test_ef_cli.py::TestEFCLIMethods::test_help[cmd_string] - subprocess.CalledProcessError: Command '['python', '-m', 'ef_cli', 'cmd_string']' r...
FAILED test_ef_cli.py::TestEFCLIMethods::test_parameterize_file_forecast_no_label[parameterize forecast --id 031987 --source file --start_date 20240101 --end_date 20241231 --username hume --log_directory ./out/]
FAILED test_ef_cli.py::TestEFCLIMethods::test_parameterize_file_forecast_with_label[parameterize forecast --id 031987 --source file --start_date 20240101 --end_date 20241231 --username hume --log_directory ./out/ --label FORECAST_LABEL]
FAILED test_ef_cli.py::TestEFCLIMethods::test_parameterize_file_forecastset_no_label[parameterize forecastset --source file --id S --username hume --output_directory ./out/ --start_date 20240120 --end_date 20240601]
FAILED test_ef_cli.py::TestEFCLIMethods::test_parameterize_file_forecastset_no_label[parameterize forecastset --source file --id S --username hume --output_directory ./out/ --start_date 20000120 --end_date 20000601]
FAILED test_ef_cli.py::TestEFCLIMethods::test_parameterize_file_forecastset_no_label[parameterize forecastset --source file --id S --username hume --output_directory ./out/ --start_date 20240420 --end_date 20240601]
FAILED test_ef_cli.py::TestEFCLIMethods::test_parameterize_file_forecastset_with_label[parameterize forecastset --filename S.json --start_date 20000601 --end_date 20001231 --username hume --label NEW_FORECAST_SET_NAME]
FAILED test_ef_cli.py::TestEFCLIMethods::test_run_forecast[run forecast --id 062822 --source file --username hume --working_directory ./out/] - subp...
FAILED test_ef_cli.py::TestEFCLIMethods::test_run_forecast[run forecast --id 062822 --source file --username hume --working_directory ./out/ --approximate]
FAILED test_ef_cli.py::TestEFCLIMethods::test_run_forecast[run forecast --id 062822 --source file --username hume --working_directory ./out/ --overwrite]
FAILED test_ef_cli.py::TestEFCLIMethods::test_run_forecast[run forecast --id 062822 --source file --username hume --working_directory ./out/ --approximate --overwrite]
FAILED test_ef_cli.py::TestEFCLIMethods::test_run_forecastset[run forecastset --source file --id S033683 --username hume --working_directory ./out/]
FAILED test_ef_cli.py::TestEFCLIMethods::test_run_forecastset[run forecastset --source file --id S033683 --username hume --working_directory ./out/ --approximate]
FAILED test_ef_cli.py::TestEFCLIMethods::test_run_forecastset[run forecastset --source file --id S033683 --username hume --working_directory ./out/ --overwrite]
FAILED test_ef_cli.py::TestEFCLIMethods::test_run_forecastset[run forecastset --source file --id S033683 --username hume --working_directory ./out/ --approximate --overwrite]
FAILED test_ef_cli.py::TestEFCLIMethods::test_list[list] - subprocess.CalledProcessError: Command '['python', '-m', 'ef_cli', 'list']' returned non-..