============================= test session starts ==============================
platform darwin -- Python 3.13.0, pytest-8.3.5, pluggy-1.5.0
rootdir: /Users/hume/CodeProjects/Github/expense_forecast
configfile: pytest.ini
plugins: anyio-4.8.0
collected 289 items

tests/BudgetItem/integration/test_BudgetSet__integration_test.py sssssss [  2%]
sss                                                                      [  3%]
tests/BudgetItem/unit/test_BudgetItem__unit_test.py ..........s          [  7%]
tests/BudgetItem/unit/test_BudgetSet__unit_test.py .......               [  9%]
tests/ExpenseForecast/integration/test_ExpenseForecast__integration_test.py s [ 10%]
sssssssss                                                                [ 13%]
tests/ExpenseForecast/unit/test_ExpenseForecast__unit_test.py .......... [ 16%]
...Fsss.F..FFFF.FFssssssssssssssssssssssssssssssssFFFFFFF                [ 36%]
tests/ExpenseForecastClient/integration/test_ExpenseForecastClient__integration_test.py s [ 36%]
                                                                         [ 36%]
tests/ExpenseForecastServer/integration/test_ExpenseForecastServer__integration_test.py s [ 37%]
                                                                         [ 37%]
tests/MemoRule/integration/test_MemoRuleSet__integration_test.py sssssss [ 39%]
sss                                                                      [ 40%]
tests/MemoRule/unit/test_MemoRule.py ..                                  [ 41%]
tests/MemoRule/unit/test_MemoRuleSet.py .....                            [ 42%]
tests/_e2e/test_E2E.py F.ssssssssss                                      [ 47%]
tests/account/integration/test_AccountSet__integration_test.py sssssssss [ 50%]
s                                                                        [ 50%]
tests/account/unit/test_AccountSet__unit_test.py s..................F..s [ 58%]
..                                                                       [ 59%]
tests/account/unit/test_Account__unit_test.py .......................... [ 68%]
................................................................         [ 90%]
tests/milestone/integration/test_MilestoneSet__integration_test.py sssss [ 92%]
sssss                                                                    [ 93%]
tests/milestone/unit/test_AccountMilestone__unit_test.py ...             [ 94%]
tests/milestone/unit/test_CompositeMilestone__unit_test.py .s.           [ 95%]
tests/milestone/unit/test_MemoMilestone__unit_test.py ..                 [ 96%]
tests/report/integration/test_ForecastHandler__integration_test.py sssss [ 98%]
sssss                                                                    [100%]

=================================== FAILURES ===================================
_ TestExpenseForecastUnit.test_satisfice[test_cc_interest_accrued_reaches_0-account_set6-budget_set6-memo_rule_set6-20000110-20000214-milestone_set6-expected_result_df6] _

self = <test_ExpenseForecast__unit_test.TestExpenseForecastUnit object at 0x2dad82a90>
test_description = 'test_cc_interest_accrued_reaches_0'
account_set = <expense_forecast.AccountSet.AccountSet object at 0x2da8f3bf0>
budget_set = <expense_forecast.BudgetSet.BudgetSet object at 0x2da9110f0>
memo_rule_set =   Memo_Regex Account_From Account_To  Transaction_Priority
0         .*     Checking       None                   1.0
1         .*     Checking     Credit                   2.0
start_date = '20000110', end_date = '20000214'
milestone_set = <expense_forecast.MilestoneSet.MilestoneSet object at 0x2da910f30>
expected_result_df =           Date  Checking  Credit  ...  Next Income Date  Memo Directives  Memo
0   2000-01-10         0       0  ...  ...MPLEMENTED      
35  2000-02-14         0       0  ...                    NOT IMPLEMENTED      

[36 rows x 17 columns]

    @pytest.mark.unit
    # @pytest.mark.skip(reason="Skip so github action doesnt fail")
    @pytest.mark.parametrize(
        "test_description,account_set,budget_set,memo_rule_set,start_date,end_date,milestone_set,expected_result_df",
        [
            (
                "test_p1_only_no_budget_items",
                AccountSet(
                    checking_acct_list(0) + credit_acct_list(0, 0, 0.05)
                ),
                BudgetSet([]),
                MemoRuleSet(match_p1_test_txn_checking_memo_rule_list()),
                "20000101",
                "20000103",
                MilestoneSet(),
                pd.DataFrame(
                    {
                        "Date": ["20000101", "20000102", "20000103"],
                        "Checking": [0, 0, 0],
                        "Credit": [0, 0, 0],
                        "Credit: Curr Stmt Bal": [0, 0, 0],
                        "Credit: Prev Stmt Bal": [0, 0, 0],
                        "Credit: Credit Billing Cycle Payment Bal": [0, 0, 0],
                        "Credit: Credit End of Prev Cycle Bal": [0, 0, 0],
                        "Marginal Interest": [0, 0, 0],
                        "Net Gain": [0, 0, 0],
                        "Net Loss": [0, 0, 0],
                        "Net Worth": [0, 0, 0],
                        "Loan Total": [0, 0, 0],
                        "CC Debt Total": [0, 0, 0],
                        "Liquid Total": [0, 0, 0],
                        "Next Income Date": ["", "", ""],
                        "Memo Directives": ["", "", ""],
                        "Memo": ["", "", ""],
                    }
                ),
            ),
            (
                "test_p1_only__income_and_payment_on_same_day",
                AccountSet(
                    checking_acct_list(0) + credit_acct_list(0, 0, 0.05)
                ),
                BudgetSet(
                    txn_budget_item_once_list(100, 1, "income", )
                    + txn_budget_item_once_list(100, 1, "test txn", )
                ),
                MemoRuleSet(
                    match_p1_test_txn_checking_memo_rule_list() + income_rule_list()
                ),
                "20000101",
                "20000103",
                MilestoneSet(),
                pd.DataFrame(
                    {
                        "Date": ["20000101", "20000102", "20000103"],
                        "Checking": [0, 0, 0],
                        "Credit": [
                            curr + prev
                            for curr, prev in zip(
                                [0, 0, 0]
                                ,
                                [0, 0, 0]
                            )
                        ],
                        "Credit: Curr Stmt Bal": [0, 0, 0],
                        "Credit: Prev Stmt Bal": [0, 0, 0],
                        "Credit: Credit Billing Cycle Payment Bal": [0, 0, 0],
                        "Credit: Credit End of Prev Cycle Bal": [0, 0, 0],
                        "Marginal Interest": [0, 0, 0],
                        "Net Gain": [0, 0, 0],
                        "Net Loss": [0, 0, 0],
                        "Net Worth": [0, 0, 0],
                        "Loan Total": [0, 0, 0],
                        "CC Debt Total": [0, 0, 0],
                        "Liquid Total": [0, 0, 0],
                        "Next Income Date": ["20000102", "", ""],
                        "Memo Directives": ["", "INCOME (Checking +$100.00)", ""],
                        "Memo": [
                            "",
                            "income (Checking +$100.00); test txn (Checking -$100.00)",
                            "",
                        ],
                    }
                ),
            ),
            (
                "test_p1_cc_txn_on_billing_date",
                AccountSet(
                    checking_acct_list(0) + credit_acct_list(0, 0, 0.05)
                ),
                BudgetSet(
                    txn_budget_item_once_list(100, 1, "test txn", )
                ),
                MemoRuleSet(
                    [
                        MemoRule(
                            memo_regex=".*",
                            account_from="Credit",
                            account_to=None,
                            transaction_priority=1,
                        )
                    ]
                ),
                "20000101",
                "20000103",
                MilestoneSet(),
                pd.DataFrame(
                    {
                        "Date": ["20000101", "20000102", "20000103"],
                        "Checking": [0, 0, 0],
                        "Credit": [
                            curr + prev
                            for curr, prev in zip(
                                [0, 100, 100]
                                ,
                                [0, 0, 0]
                            )
                        ],
                        "Credit: Curr Stmt Bal": [0, 100, 100],
                        "Credit: Prev Stmt Bal": [0, 0, 0],
                        "Credit: Credit Billing Cycle Payment Bal": [0, 0, 0],
                        "Credit: Credit End of Prev Cycle Bal": [0, 0, 0],
                        "Marginal Interest": [0, 0, 0],
                        "Net Gain": [0, 0, 0],
                        "Net Loss": [0, 100, 0],
                        "Net Worth": [0, -100, -100],
                        "Loan Total": [0, 0, 0],
                        "CC Debt Total": [0, 100, 100],
                        "Liquid Total": [0, 0, 0],
                        "Next Income Date": ["", "", ""],
                        "Memo Directives": ["", "", ""],
                        "Memo": ["", "test txn (Credit -$100.00)", ""],
                    }
                ),
            ),
            (
                "test_cc_payment__satisfice__curr_bal_25__expect_0",
                AccountSet(
                    checking_acct_list(2000) + credit_acct_list(25, 0, 0.05)
                ),
                BudgetSet([]),
                MemoRuleSet(
                    [
                        MemoRule(
                            memo_regex=".*",
                            account_from="Credit",
                            account_to=None,
                            transaction_priority=1,
                        )
                    ]
                ),
                "20000101",
                "20000103",
                MilestoneSet(),
                pd.DataFrame(
                    {
                        "Date": ["20000101", "20000102", "20000103"],
                        "Checking": [2000, 2000, 2000],
                        "Credit": [
                            curr + prev
                            for curr, prev in zip(
                                [25, 0, 0]
                                ,
                                [0, 25, 25]
                            )
                        ],
                        "Credit: Curr Stmt Bal": [25, 0, 0],
                        "Credit: Prev Stmt Bal": [0, 25, 25],
                        "Credit: Credit Billing Cycle Payment Bal": [0, 0, 0],
                        "Credit: Credit End of Prev Cycle Bal": [0, 0, 25],
                        "Marginal Interest": [0, 0, 0],
                        "Net Gain": [0, 0, 0],
                        "Net Loss": [0, 0, 0],
                        "Net Worth": [1975, 1975, 1975],
                        "Loan Total": [0, 0, 0],
                        "CC Debt Total": [25, 25, 25],
                        "Liquid Total": [2000, 2000, 2000],
                        "Next Income Date": ["", "", ""],
                        "Memo Directives": ["", "", ""],
                        "Memo": ["", "", ""],
                    }
                ),
            ),
            (
                "test_cc_payment__satisfice__prev_bal_1000__expect_40",
                AccountSet(
                    checking_acct_list(2000) + credit_acct_list(0, 1000, 0.05)
                ),
                BudgetSet([]),
                MemoRuleSet(
                    [
                        MemoRule(
                            memo_regex=".*",
                            account_from="Credit",
                            account_to=None,
                            transaction_priority=1,
                        )
                    ]
                ),
                "20000101",
                "20000103",
                MilestoneSet(),
                pd.DataFrame(
                    {
                        "Date": ["20000101", "20000102", "20000103"],
                        "Checking": [2000, 1960, 1960],
                        "Credit": [
                            curr + prev
                            for curr, prev in zip(
                                [0, 0, 0]
                                ,
                                [1000, 964.17, 964.17]
                            )
                        ],
                        "Credit: Curr Stmt Bal": [0, 0, 0],
                        "Credit: Prev Stmt Bal": [1000, 964.17, 964.17],
                        "Credit: Credit Billing Cycle Payment Bal": [0, 0, 0],
                        "Credit: Credit End of Prev Cycle Bal": [1000, 1000, 964.17],
                        "Marginal Interest": [0, 4.17, 0],
                        "Net Gain": [0, 0, 0],
                        "Net Loss": [0, 4.17, 0],
                        "Net Worth": [1000, 995.83, 995.83],
                        "Loan Total": [0, 0, 0],
                        "CC Debt Total": [1000, 964.17, 964.17],
                        "Liquid Total": [2000, 1960, 1960],
                        "Next Income Date": ["", "", ""],
                        "Memo Directives": [
                            "",
                            "CC INTEREST (Credit: Prev Stmt Bal +$4.17); CC MIN PAYMENT (Credit: Prev Stmt Bal -$40.00); CC MIN PAYMENT (Checking -$40.00)",
                            "",
                        ],
                        "Memo": ["", "", ""],
                    }
                ),
            ),
            (
                "test_cc_payment__satisfice__prev_bal_3000__expect_60",
                AccountSet(
                    checking_acct_list(2000) + credit_acct_list(0, 3000, 0.12)
                ),
                BudgetSet([]),
                MemoRuleSet(
                    [
                        MemoRule(
                            memo_regex=".*",
                            account_from="Credit",
                            account_to=None,
                            transaction_priority=1,
                        )
                    ]
                ),
                "20000101",
                "20000103",
                MilestoneSet(),
                pd.DataFrame(
                    {
                        "Date": ["20000101", "20000102", "20000103"],
                        "Checking": [2000, 1940, 1940],
                        "Credit": [
                            curr + prev
                            for curr, prev in zip(
                                [0, 0, 0]
                                ,
                                [3000, 2970, 2970]
                            )
                        ],
                        "Credit: Curr Stmt Bal": [0, 0, 0],
                        "Credit: Prev Stmt Bal": [3000, 2970, 2970],
                        "Credit: Credit Billing Cycle Payment Bal": [0, 0, 0],
                        "Credit: Credit End of Prev Cycle Bal": [3000, 3000, 2970],
                        "Marginal Interest": [0, 30, 0],
                        "Net Gain": [0, 0, 0],
                        "Net Loss": [0, 30, 0],
                        "Net Worth": [-1000, -1030, -1030],
                        "Loan Total": [0, 0, 0],
                        "CC Debt Total": [3000, 2970, 2970],
                        "Liquid Total": [2000, 1940, 1940],
                        "Next Income Date": ["", "", ""],
                        "Memo Directives": [
                            "",
                            "CC INTEREST (Credit: Prev Stmt Bal +$30.00); CC MIN PAYMENT (Credit: Prev Stmt Bal -$60.00); CC MIN PAYMENT (Checking -$60.00)",
                            "",
                        ],
                        "Memo": ["", "", ""],
                    }
                ),
            ),
            (
                "test_cc_interest_accrued_reaches_0",
                AccountSet(
                    checking_acct_list(50)
                    + credit_bsd12_w_eopc_acct_list(0, 0, 0.05, 500)
                ),  # todo implement
                # BudgetSet([BudgetItem('20000112', '20000112', 2, 'once', 600, 'single additional payment on due date', )]),
                BudgetSet(),
                MemoRuleSet(
                    [
                        MemoRule(".*", "Checking", None, 1),
                        MemoRule(".*", "Checking", "Credit", 2),
                    ]
                ),
                "20000110",
                "20000214",
                MilestoneSet(),
                pd.DataFrame(
                    {
                        "Date": generate_date_sequence(datetime.datetime.strptime("20000110","%Y%m%d"), 35, "daily"),
                        "Checking": [0] * 36,
                        "Credit": [
                            curr + prev
                            for curr, prev in zip(
                                [0] * 36
                                ,
                                [0] * 36
                            )
                        ],
                        "Credit: Curr Stmt Bal": [0] * 36,
                        "Credit: Prev Stmt Bal": [0] * 36,
                        "Credit: Credit Billing Cycle Payment Bal": [0] * 36,
                        "Credit: Credit End of Prev Cycle Bal": [0] * 36,
                        "Marginal Interest": [0] * 36,
                        "Net Gain": [0] * 36,
                        "Net Loss": [0] * 36,
                        "Net Worth": [0] * 36,
                        "Loan Total": [0] * 36,
                        "CC Debt Total": [0] * 36,
                        "Liquid Total": [0] * 36,
                        "Next Income Date": [""] * 36,
                        "Memo Directives": ["NOT IMPLEMENTED"] * 36,
                        "Memo": [""] * 36,
                    }
                ),
            ),
        ],
    )
    def test_satisfice(
        self,
        test_description,
        account_set,
        budget_set,
        memo_rule_set,
        start_date,
        end_date,
        milestone_set,
        expected_result_df,
    ):
    
>       E = self.compute_forecast_and_actual_vs_expected(
            account_set,
            budget_set,
            memo_rule_set,
            start_date,
            end_date,
            milestone_set,
            expected_result_df,
            test_description,
        )

tests/ExpenseForecast/unit/test_ExpenseForecast__unit_test.py:885: 
_ _ _ _ _ _ _ _ _ _ _ _ _ _ _ _ _ _ _ _ _ _ _ _ _ _ _ _ _ _ _ _ _ _ _ _ _ _ _ _ 
tests/ExpenseForecast/unit/test_ExpenseForecast__unit_test.py:534: in compute_forecast_and_actual_vs_expected
    raise e
_ _ _ _ _ _ _ _ _ _ _ _ _ _ _ _ _ _ _ _ _ _ _ _ _ _ _ _ _ _ _ _ _ _ _ _ _ _ _ _ 

self = <test_ExpenseForecast__unit_test.TestExpenseForecastUnit object at 0x2dad82a90>
account_set = <expense_forecast.AccountSet.AccountSet object at 0x2da8f3bf0>
budget_set = <expense_forecast.BudgetSet.BudgetSet object at 0x2da9110f0>
memo_rule_set =   Memo_Regex Account_From Account_To  Transaction_Priority
0         .*     Checking       None                   1.0
1         .*     Checking     Credit                   2.0
start_date = '20000110', end_date = '20000214'
milestone_set = <expense_forecast.MilestoneSet.MilestoneSet object at 0x2da910f30>
expected_result_df =           Date  Checking  Credit  ...  Next Income Date  Memo Directives  Memo
0   2000-01-10         0       0  ...  ...MPLEMENTED      
35  2000-02-14         0       0  ...                    NOT IMPLEMENTED      

[36 rows x 17 columns]
test_description = 'test_cc_interest_accrued_reaches_0'

    def compute_forecast_and_actual_vs_expected(
        self,
        account_set,
        budget_set,
        memo_rule_set,
        start_date,
        end_date,
        milestone_set,
        expected_result_df,
        test_description,
    ):
    
        IO = ExpenseForecastInitialConditions(
            datetime.datetime.strptime(start_date, "%Y%m%d").date(),
            datetime.datetime.strptime(end_date, "%Y%m%d").date(),
            account_set,
            budget_set,
            memo_rule_set,
            raise_exceptions=False,
        )
        F = ForecastHandler()
        R = F.runForecast(IO, milestone_set, include_debug_columns=True)
        # E.forecast_df.to_csv(test_description+'.csv')
        comparison_df_diffs_only = F.compute_forecast_difference(
            copy.deepcopy(R.forecast_df),
            copy.deepcopy(expected_result_df),
            label=test_description,
            make_plots=False,
            diffs_only=True,
            require_matching_columns=True,
            require_matching_date_range=True,
            append_expected_values=False,
            return_type="dataframe",
        )
    
        comparison_df = F.compute_forecast_difference(
            copy.deepcopy(R.forecast_df),
            copy.deepcopy(expected_result_df),
            label=test_description,
            make_plots=False,
            diffs_only=False,
            require_matching_columns=True,
            require_matching_date_range=True,
            append_expected_values=True,
            return_type="dataframe",
        )
    
        # print(f.T.to_string()) #TODO log_in_color
    
        try:
            # log_in_color(
            #     logger, "white", "debug", "###################################"
            # )
            # log_in_color(logger, "white", "debug", diff.to_string())
            # log_in_color(
            #     logger, "white", "debug", "###################################"
            # )
            # log_in_color(logger, "white", "debug", diff2.T.to_string())
            # log_in_color(
            #     logger, "white", "debug", "###################################"
            # )
            display_test_result(logger, test_description, comparison_df_diffs_only)
        except Exception as e:
            raise e
    
        try:
            boilerplate_columns = {
                "Date",
                "Memo",
                "Memo Directives",
                "Next Income Date",
            }
            non_boilerplate_columns = [
                column
                for column in comparison_df_diffs_only.columns
                if column not in boilerplate_columns
            ]
    
            non_boilerplate_values = comparison_df_diffs_only.loc[
                :, non_boilerplate_columns
            ].to_numpy()
    
            if not np.all(non_boilerplate_values == 0):
>               raise AssertionError(
                    _format_forecast_difference_message(
                        comparison_df_diffs_only=comparison_df_diffs_only,
                        comparison_df=comparison_df,
                        actual_df=R.forecast_df,
                        expected_df=expected_result_df,
                        diff_columns=non_boilerplate_columns,
                    )
                )
E               AssertionError: Forecast numeric values did not match expected results.
E               
E                     Date                                   Column Expected Actual    Diff
E               2000-01-10                                 Checking     0.00  50.00  -50.00
E               2000-01-10 Credit: Credit Billing Cycle Payment Bal     0.00 500.00 -500.00
E               2000-01-10     Credit: Credit End of Prev Cycle Bal     0.00 500.00 -500.00
E               2000-01-10                             Liquid Total     0.00  50.00  -50.00
E               2000-01-10                                Net Worth     0.00  50.00  -50.00
E               2000-01-11                                 Checking     0.00  50.00  -50.00
E               2000-01-11 Credit: Credit Billing Cycle Payment Bal     0.00 500.00 -500.00
E               2000-01-11     Credit: Credit End of Prev Cycle Bal     0.00 500.00 -500.00
E               2000-01-11                             Liquid Total     0.00  50.00  -50.00
E               2000-01-11                                Net Worth     0.00  50.00  -50.00
E               2000-01-12                                 Checking     0.00  50.00  -50.00
E               2000-01-12     Credit: Credit End of Prev Cycle Bal     0.00 500.00 -500.00
E               2000-01-12                             Liquid Total     0.00  50.00  -50.00
E               2000-01-12                                Net Worth     0.00  50.00  -50.00
E               2000-01-13                                 Checking     0.00  50.00  -50.00
E               2000-01-13                             Liquid Total     0.00  50.00  -50.00
E               2000-01-13                                Net Worth     0.00  50.00  -50.00
E               2000-01-14                                 Checking     0.00  50.00  -50.00
E               2000-01-14                             Liquid Total     0.00  50.00  -50.00
E               2000-01-14                                Net Worth     0.00  50.00  -50.00
E               2000-01-15                                 Checking     0.00  50.00  -50.00
E               2000-01-15                             Liquid Total     0.00  50.00  -50.00
E               2000-01-15                                Net Worth     0.00  50.00  -50.00
E               2000-01-16                                 Checking     0.00  50.00  -50.00
E               2000-01-16                             Liquid Total     0.00  50.00  -50.00
E               
E               Showing first 25 of 113 mismatches.

tests/ExpenseForecast/unit/test_ExpenseForecast__unit_test.py:450: AssertionError
----------------------------- Captured stderr call -----------------------------
2026-07-03 16:56:52,459 - DEBUG    - [32m0 Attempting switch log file to: Forecast_000110_35_0_d14ba9326a.log[0m
2026-07-03 16:56:52,459 - INFO     - [37m0 Starting Forecast 000110_35_0_d14ba9326a[0m
2026-07-03 16:56:52,460 - DEBUG    - [37m0 ENTER _computeOptimalForecast 2000-01-10 -> 2000-02-14[0m
2026-07-03 16:56:52,463 - DEBUG    - [35m1    Empty DataFrame[0m
2026-07-03 16:56:52,463 - DEBUG    - [35m1    Columns: [Date, Priority, Amount, Memo, Deferrable, Partial_Payment_Allowed][0m
2026-07-03 16:56:52,464 - DEBUG    - [35m1    Index: [][0m
2026-07-03 16:56:52,464 - INFO     - [37m1    ENTER _satisfice[0m
2026-07-03 16:56:52,464 - INFO     - [37m2        satisfice TOP :: 2000-01-11[0m
2026-07-03 16:56:52,466 - DEBUG    - [37m2        2000-01-11 ENTER _processCreditCardBillingDayForDay[0m
2026-07-03 16:56:52,467 - DEBUG    - [37m2        2000-01-11 EXIT _processCreditCardBillingDayForDay[0m
2026-07-03 16:56:52,470 - DEBUG    - [37m2        2000-01-11 ENTER _executeTransactionsForDay p=1[0m
2026-07-03 16:56:52,472 - DEBUG    - [37m3            2000-01-11 ENTER _processConfirmedTransactions[0m
2026-07-03 16:56:52,472 - DEBUG    - [37m3            2000-01-11 EXIT _processConfirmedTransactions[0m
2026-07-03 16:56:52,472 - DEBUG    - [37m2        2000-01-11 EXIT _executeTransactionsForDay p=1[0m
2026-07-03 16:56:52,474 - DEBUG    - [37m2        2000-01-11 ENTER _calculateLoanInterestAccrualsForDay[0m
2026-07-03 16:56:52,475 - DEBUG    - [37m2        2000-01-11 EXIT _calculateLoanInterestAccrualsForDay[0m
2026-07-03 16:56:52,479 - DEBUG    - [37m2        2000-01-11 ENTER _executeLoanMinimumPayments[0m
2026-07-03 16:56:52,482 - DEBUG    - [37m2        2000-01-11 EXIT _executeLoanMinimumPayments[0m
2026-07-03 16:56:52,486 - DEBUG    - [37m2        2000-01-11 ENTER _updateEndOfPrevCycleBal[0m
2026-07-03 16:56:52,487 - DEBUG    - [37m2        2000-01-11 EXIT _updateEndOfPrevCycleBal[0m
2026-07-03 16:56:52,491 - DEBUG    - [37m2        2000-01-11 ENTER _executeCreditCardMinimumPayments [0m
2026-07-03 16:56:52,493 - DEBUG    - [37m2        2000-01-11 EXIT _executeCreditCardMinimumPayments [0m
2026-07-03 16:56:52,496 - INFO     - [37m2        satisfice BOTTOM :: 2000-01-11[0m
2026-07-03 16:56:52,496 - INFO     - [37m2        satisfice TOP :: 2000-01-12[0m
2026-07-03 16:56:52,498 - DEBUG    - [37m2        2000-01-12 ENTER _processCreditCardBillingDayForDay[0m
2026-07-03 16:56:52,499 - DEBUG    - [37m2        2000-01-12 EXIT _processCreditCardBillingDayForDay[0m
2026-07-03 16:56:52,503 - DEBUG    - [37m2        2000-01-12 ENTER _executeTransactionsForDay p=1[0m
2026-07-03 16:56:52,505 - DEBUG    - [37m3            2000-01-12 ENTER _processConfirmedTransactions[0m
2026-07-03 16:56:52,505 - DEBUG    - [37m3            2000-01-12 EXIT _processConfirmedTransactions[0m
2026-07-03 16:56:52,505 - DEBUG    - [37m2        2000-01-12 EXIT _executeTransactionsForDay p=1[0m
2026-07-03 16:56:52,507 - DEBUG    - [37m2        2000-01-12 ENTER _calculateLoanInterestAccrualsForDay[0m
2026-07-03 16:56:52,508 - DEBUG    - [37m2        2000-01-12 EXIT _calculateLoanInterestAccrualsForDay[0m
2026-07-03 16:56:52,512 - DEBUG    - [37m2        2000-01-12 ENTER _executeLoanMinimumPayments[0m
2026-07-03 16:56:52,516 - DEBUG    - [37m2        2000-01-12 EXIT _executeLoanMinimumPayments[0m
2026-07-03 16:56:52,520 - DEBUG    - [37m2        2000-01-12 ENTER _updateEndOfPrevCycleBal[0m
2026-07-03 16:56:52,521 - DEBUG    - [37m2        2000-01-12 EXIT _updateEndOfPrevCycleBal[0m
2026-07-03 16:56:52,526 - DEBUG    - [37m2        2000-01-12 ENTER _executeCreditCardMinimumPayments [0m
2026-07-03 16:56:52,527 - DEBUG    - [37m2        2000-01-12 EXIT _executeCreditCardMinimumPayments [0m
2026-07-03 16:56:52,531 - INFO     - [37m2        satisfice BOTTOM :: 2000-01-12[0m
2026-07-03 16:56:52,531 - INFO     - [37m2        satisfice TOP :: 2000-01-13[0m
2026-07-03 16:56:52,533 - DEBUG    - [37m2        2000-01-13 ENTER _processCreditCardBillingDayForDay[0m
2026-07-03 16:56:52,534 - DEBUG    - [37m2        2000-01-13 EXIT _processCreditCardBillingDayForDay[0m
2026-07-03 16:56:52,538 - DEBUG    - [37m2        2000-01-13 ENTER _executeTransactionsForDay p=1[0m
2026-07-03 16:56:52,539 - DEBUG    - [37m3            2000-01-13 ENTER _processConfirmedTransactions[0m
2026-07-03 16:56:52,540 - DEBUG    - [37m3            2000-01-13 EXIT _processConfirmedTransactions[0m
2026-07-03 16:56:52,540 - DEBUG    - [37m2        2000-01-13 EXIT _executeTransactionsForDay p=1[0m
2026-07-03 16:56:52,541 - DEBUG    - [37m2        2000-01-13 ENTER _calculateLoanInterestAccrualsForDay[0m
2026-07-03 16:56:52,542 - DEBUG    - [37m2        2000-01-13 EXIT _calculateLoanInterestAccrualsForDay[0m
2026-07-03 16:56:52,546 - DEBUG    - [37m2        2000-01-13 ENTER _executeLoanMinimumPayments[0m
2026-07-03 16:56:52,550 - DEBUG    - [37m2        2000-01-13 EXIT _executeLoanMinimumPayments[0m
2026-07-03 16:56:52,554 - DEBUG    - [37m2        2000-01-13 ENTER _updateEndOfPrevCycleBal[0m
2026-07-03 16:56:52,555 - DEBUG    - [37m2        2000-01-13 EXIT _updateEndOfPrevCycleBal[0m
2026-07-03 16:56:52,559 - DEBUG    - [37m2        2000-01-13 ENTER _executeCreditCardMinimumPayments [0m
2026-07-03 16:56:52,560 - DEBUG    - [37m2        2000-01-13 EXIT _executeCreditCardMinimumPayments [0m
2026-07-03 16:56:52,564 - INFO     - [37m2        satisfice BOTTOM :: 2000-01-13[0m
2026-07-03 16:56:52,564 - INFO     - [37m2        satisfice TOP :: 2000-01-14[0m
2026-07-03 16:56:52,566 - DEBUG    - [37m2        2000-01-14 ENTER _processCreditCardBillingDayForDay[0m
2026-07-03 16:56:52,567 - DEBUG    - [37m2        2000-01-14 EXIT _processCreditCardBillingDayForDay[0m
2026-07-03 16:56:52,570 - DEBUG    - [37m2        2000-01-14 ENTER _executeTransactionsForDay p=1[0m
2026-07-03 16:56:52,572 - DEBUG    - [37m3            2000-01-14 ENTER _processConfirmedTransactions[0m
2026-07-03 16:56:52,572 - DEBUG    - [37m3            2000-01-14 EXIT _processConfirmedTransactions[0m
2026-07-03 16:56:52,572 - DEBUG    - [37m2        2000-01-14 EXIT _executeTransactionsForDay p=1[0m
2026-07-03 16:56:52,574 - DEBUG    - [37m2        2000-01-14 ENTER _calculateLoanInterestAccrualsForDay[0m
2026-07-03 16:56:52,575 - DEBUG    - [37m2        2000-01-14 EXIT _calculateLoanInterestAccrualsForDay[0m
2026-07-03 16:56:52,578 - DEBUG    - [37m2        2000-01-14 ENTER _executeLoanMinimumPayments[0m
2026-07-03 16:56:52,582 - DEBUG    - [37m2        2000-01-14 EXIT _executeLoanMinimumPayments[0m
2026-07-03 16:56:52,586 - DEBUG    - [37m2        2000-01-14 ENTER _updateEndOfPrevCycleBal[0m
2026-07-03 16:56:52,586 - DEBUG    - [37m2        2000-01-14 EXIT _updateEndOfPrevCycleBal[0m
2026-07-03 16:56:52,590 - DEBUG    - [37m2        2000-01-14 ENTER _executeCreditCardMinimumPayments [0m
2026-07-03 16:56:52,591 - DEBUG    - [37m2        2000-01-14 EXIT _executeCreditCardMinimumPayments [0m
2026-07-03 16:56:52,595 - INFO     - [37m2        satisfice BOTTOM :: 2000-01-14[0m
2026-07-03 16:56:52,595 - INFO     - [37m2        satisfice TOP :: 2000-01-15[0m
2026-07-03 16:56:52,597 - DEBUG    - [37m2        2000-01-15 ENTER _processCreditCardBillingDayForDay[0m
2026-07-03 16:56:52,598 - DEBUG    - [37m2        2000-01-15 EXIT _processCreditCardBillingDayForDay[0m
2026-07-03 16:56:52,601 - DEBUG    - [37m2        2000-01-15 ENTER _executeTransactionsForDay p=1[0m
2026-07-03 16:56:52,603 - DEBUG    - [37m3            2000-01-15 ENTER _processConfirmedTransactions[0m
2026-07-03 16:56:52,603 - DEBUG    - [37m3            2000-01-15 EXIT _processConfirmedTransactions[0m
2026-07-03 16:56:52,603 - DEBUG    - [37m2        2000-01-15 EXIT _executeTransactionsForDay p=1[0m
2026-07-03 16:56:52,605 - DEBUG    - [37m2        2000-01-15 ENTER _calculateLoanInterestAccrualsForDay[0m
2026-07-03 16:56:52,606 - DEBUG    - [37m2        2000-01-15 EXIT _calculateLoanInterestAccrualsForDay[0m
2026-07-03 16:56:52,610 - DEBUG    - [37m2        2000-01-15 ENTER _executeLoanMinimumPayments[0m
2026-07-03 16:56:52,613 - DEBUG    - [37m2        2000-01-15 EXIT _executeLoanMinimumPayments[0m
2026-07-03 16:56:52,617 - DEBUG    - [37m2        2000-01-15 ENTER _updateEndOfPrevCycleBal[0m
2026-07-03 16:56:52,618 - DEBUG    - [37m2        2000-01-15 EXIT _updateEndOfPrevCycleBal[0m
2026-07-03 16:56:52,622 - DEBUG    - [37m2        2000-01-15 ENTER _executeCreditCardMinimumPayments [0m
2026-07-03 16:56:52,623 - DEBUG    - [37m2        2000-01-15 EXIT _executeCreditCardMinimumPayments [0m
2026-07-03 16:56:52,626 - INFO     - [37m2        satisfice BOTTOM :: 2000-01-15[0m
2026-07-03 16:56:52,626 - INFO     - [37m2        satisfice TOP :: 2000-01-16[0m
2026-07-03 16:56:52,628 - DEBUG    - [37m2        2000-01-16 ENTER _processCreditCardBillingDayForDay[0m
2026-07-03 16:56:52,629 - DEBUG    - [37m2        2000-01-16 EXIT _processCreditCardBillingDayForDay[0m
2026-07-03 16:56:52,633 - DEBUG    - [37m2        2000-01-16 ENTER _executeTransactionsForDay p=1[0m
2026-07-03 16:56:52,635 - DEBUG    - [37m3            2000-01-16 ENTER _processConfirmedTransactions[0m
2026-07-03 16:56:52,635 - DEBUG    - [37m3            2000-01-16 EXIT _processConfirmedTransactions[0m
2026-07-03 16:56:52,635 - DEBUG    - [37m2        2000-01-16 EXIT _executeTransactionsForDay p=1[0m
2026-07-03 16:56:52,636 - DEBUG    - [37m2        2000-01-16 ENTER _calculateLoanInterestAccrualsForDay[0m
2026-07-03 16:56:52,637 - DEBUG    - [37m2        2000-01-16 EXIT _calculateLoanInterestAccrualsForDay[0m
2026-07-03 16:56:52,642 - DEBUG    - [37m2        2000-01-16 ENTER _executeLoanMinimumPayments[0m
2026-07-03 16:56:52,645 - DEBUG    - [37m2        2000-01-16 EXIT _executeLoanMinimumPayments[0m
2026-07-03 16:56:52,649 - DEBUG    - [37m2        2000-01-16 ENTER _updateEndOfPrevCycleBal[0m
2026-07-03 16:56:52,650 - DEBUG    - [37m2        2000-01-16 EXIT _updateEndOfPrevCycleBal[0m
2026-07-03 16:56:52,654 - DEBUG    - [37m2        2000-01-16 ENTER _executeCreditCardMinimumPayments [0m
2026-07-03 16:56:52,656 - DEBUG    - [37m2        2000-01-16 EXIT _executeCreditCardMinimumPayments [0m
2026-07-03 16:56:52,659 - INFO     - [37m2        satisfice BOTTOM :: 2000-01-16[0m
2026-07-03 16:56:52,659 - INFO     - [37m2        satisfice TOP :: 2000-01-17[0m
2026-07-03 16:56:52,661 - DEBUG    - [37m2        2000-01-17 ENTER _processCreditCardBillingDayForDay[0m
2026-07-03 16:56:52,662 - DEBUG    - [37m2        2000-01-17 EXIT _processCreditCardBillingDayForDay[0m
2026-07-03 16:56:52,665 - DEBUG    - [37m2        2000-01-17 ENTER _executeTransactionsForDay p=1[0m
2026-07-03 16:56:52,667 - DEBUG    - [37m3            2000-01-17 ENTER _processConfirmedTransactions[0m
2026-07-03 16:56:52,667 - DEBUG    - [37m3            2000-01-17 EXIT _processConfirmedTransactions[0m
2026-07-03 16:56:52,667 - DEBUG    - [37m2        2000-01-17 EXIT _executeTransactionsForDay p=1[0m
2026-07-03 16:56:52,669 - DEBUG    - [37m2        2000-01-17 ENTER _calculateLoanInterestAccrualsForDay[0m
2026-07-03 16:56:52,670 - DEBUG    - [37m2        2000-01-17 EXIT _calculateLoanInterestAccrualsForDay[0m
2026-07-03 16:56:52,675 - DEBUG    - [37m2        2000-01-17 ENTER _executeLoanMinimumPayments[0m
2026-07-03 16:56:52,678 - DEBUG    - [37m2        2000-01-17 EXIT _executeLoanMinimumPayments[0m
2026-07-03 16:56:52,682 - DEBUG    - [37m2        2000-01-17 ENTER _updateEndOfPrevCycleBal[0m
2026-07-03 16:56:52,683 - DEBUG    - [37m2        2000-01-17 EXIT _updateEndOfPrevCycleBal[0m
2026-07-03 16:56:52,687 - DEBUG    - [37m2        2000-01-17 ENTER _executeCreditCardMinimumPayments [0m
2026-07-03 16:56:52,688 - DEBUG    - [37m2        2000-01-17 EXIT _executeCreditCardMinimumPayments [0m
2026-07-03 16:56:52,693 - INFO     - [37m2        satisfice BOTTOM :: 2000-01-17[0m
2026-07-03 16:56:52,693 - INFO     - [37m2        satisfice TOP :: 2000-01-18[0m
2026-07-03 16:56:52,695 - DEBUG    - [37m2        2000-01-18 ENTER _processCreditCardBillingDayForDay[0m
2026-07-03 16:56:52,697 - DEBUG    - [37m2        2000-01-18 EXIT _processCreditCardBillingDayForDay[0m
2026-07-03 16:56:52,700 - DEBUG    - [37m2        2000-01-18 ENTER _executeTransactionsForDay p=1[0m
2026-07-03 16:56:52,702 - DEBUG    - [37m3            2000-01-18 ENTER _processConfirmedTransactions[0m
2026-07-03 16:56:52,702 - DEBUG    - [37m3            2000-01-18 EXIT _processConfirmedTransactions[0m
2026-07-03 16:56:52,702 - DEBUG    - [37m2        2000-01-18 EXIT _executeTransactionsForDay p=1[0m
2026-07-03 16:56:52,704 - DEBUG    - [37m2        2000-01-18 ENTER _calculateLoanInterestAccrualsForDay[0m
2026-07-03 16:56:52,705 - DEBUG    - [37m2        2000-01-18 EXIT _calculateLoanInterestAccrualsForDay[0m
2026-07-03 16:56:52,709 - DEBUG    - [37m2        2000-01-18 ENTER _executeLoanMinimumPayments[0m
2026-07-03 16:56:52,712 - DEBUG    - [37m2        2000-01-18 EXIT _executeLoanMinimumPayments[0m
2026-07-03 16:56:52,716 - DEBUG    - [37m2        2000-01-18 ENTER _updateEndOfPrevCycleBal[0m
2026-07-03 16:56:52,717 - DEBUG    - [37m2        2000-01-18 EXIT _updateEndOfPrevCycleBal[0m
2026-07-03 16:56:52,721 - DEBUG    - [37m2        2000-01-18 ENTER _executeCreditCardMinimumPayments [0m
2026-07-03 16:56:52,723 - DEBUG    - [37m2        2000-01-18 EXIT _executeCreditCardMinimumPayments [0m
2026-07-03 16:56:52,726 - INFO     - [37m2        satisfice BOTTOM :: 2000-01-18[0m
2026-07-03 16:56:52,726 - INFO     - [37m2        satisfice TOP :: 2000-01-19[0m
2026-07-03 16:56:52,728 - DEBUG    - [37m2        2000-01-19 ENTER _processCreditCardBillingDayForDay[0m
2026-07-03 16:56:52,729 - DEBUG    - [37m2        2000-01-19 EXIT _processCreditCardBillingDayForDay[0m
2026-07-03 16:56:52,732 - DEBUG    - [37m2        2000-01-19 ENTER _executeTransactionsForDay p=1[0m
2026-07-03 16:56:52,734 - DEBUG    - [37m3            2000-01-19 ENTER _processConfirmedTransactions[0m
2026-07-03 16:56:52,734 - DEBUG    - [37m3            2000-01-19 EXIT _processConfirmedTransactions[0m
2026-07-03 16:56:52,735 - DEBUG    - [37m2        2000-01-19 EXIT _executeTransactionsForDay p=1[0m
2026-07-03 16:56:52,736 - DEBUG    - [37m2        2000-01-19 ENTER _calculateLoanInterestAccrualsForDay[0m
2026-07-03 16:56:52,737 - DEBUG    - [37m2        2000-01-19 EXIT _calculateLoanInterestAccrualsForDay[0m
2026-07-03 16:56:52,741 - DEBUG    - [37m2        2000-01-19 ENTER _executeLoanMinimumPayments[0m
2026-07-03 16:56:52,745 - DEBUG    - [37m2        2000-01-19 EXIT _executeLoanMinimumPayments[0m
2026-07-03 16:56:52,751 - DEBUG    - [37m2        2000-01-19 ENTER _updateEndOfPrevCycleBal[0m
2026-07-03 16:56:52,752 - DEBUG    - [37m2        2000-01-19 EXIT _updateEndOfPrevCycleBal[0m
2026-07-03 16:56:52,756 - DEBUG    - [37m2        2000-01-19 ENTER _executeCreditCardMinimumPayments [0m
2026-07-03 16:56:52,757 - DEBUG    - [37m2        2000-01-19 EXIT _executeCreditCardMinimumPayments [0m
2026-07-03 16:56:52,761 - INFO     - [37m2        satisfice BOTTOM :: 2000-01-19[0m
2026-07-03 16:56:52,761 - INFO     - [37m2        satisfice TOP :: 2000-01-20[0m
2026-07-03 16:56:52,763 - DEBUG    - [37m2        2000-01-20 ENTER _processCreditCardBillingDayForDay[0m
2026-07-03 16:56:52,764 - DEBUG    - [37m2        2000-01-20 EXIT _processCreditCardBillingDayForDay[0m
2026-07-03 16:56:52,769 - DEBUG    - [37m2        2000-01-20 ENTER _executeTransactionsForDay p=1[0m
2026-07-03 16:56:52,772 - DEBUG    - [37m3            2000-01-20 ENTER _processConfirmedTransactions[0m
2026-07-03 16:56:52,772 - DEBUG    - [37m3            2000-01-20 EXIT _processConfirmedTransactions[0m
2026-07-03 16:56:52,772 - DEBUG    - [37m2        2000-01-20 EXIT _executeTransactionsForDay p=1[0m
2026-07-03 16:56:52,775 - DEBUG    - [37m2        2000-01-20 ENTER _calculateLoanInterestAccrualsForDay[0m
2026-07-03 16:56:52,776 - DEBUG    - [37m2        2000-01-20 EXIT _calculateLoanInterestAccrualsForDay[0m
2026-07-03 16:56:52,780 - DEBUG    - [37m2        2000-01-20 ENTER _executeLoanMinimumPayments[0m
2026-07-03 16:56:52,784 - DEBUG    - [37m2        2000-01-20 EXIT _executeLoanMinimumPayments[0m
2026-07-03 16:56:52,788 - DEBUG    - [37m2        2000-01-20 ENTER _updateEndOfPrevCycleBal[0m
2026-07-03 16:56:52,788 - DEBUG    - [37m2        2000-01-20 EXIT _updateEndOfPrevCycleBal[0m
2026-07-03 16:56:52,792 - DEBUG    - [37m2        2000-01-20 ENTER _executeCreditCardMinimumPayments [0m
2026-07-03 16:56:52,793 - DEBUG    - [37m2        2000-01-20 EXIT _executeCreditCardMinimumPayments [0m
2026-07-03 16:56:52,797 - INFO     - [37m2        satisfice BOTTOM :: 2000-01-20[0m
2026-07-03 16:56:52,797 - INFO     - [37m2        satisfice TOP :: 2000-01-21[0m
2026-07-03 16:56:52,799 - DEBUG    - [37m2        2000-01-21 ENTER _processCreditCardBillingDayForDay[0m
2026-07-03 16:56:52,800 - DEBUG    - [37m2        2000-01-21 EXIT _processCreditCardBillingDayForDay[0m
2026-07-03 16:56:52,803 - DEBUG    - [37m2        2000-01-21 ENTER _executeTransactionsForDay p=1[0m
2026-07-03 16:56:52,805 - DEBUG    - [37m3            2000-01-21 ENTER _processConfirmedTransactions[0m
2026-07-03 16:56:52,805 - DEBUG    - [37m3            2000-01-21 EXIT _processConfirmedTransactions[0m
2026-07-03 16:56:52,805 - DEBUG    - [37m2        2000-01-21 EXIT _executeTransactionsForDay p=1[0m
2026-07-03 16:56:52,807 - DEBUG    - [37m2        2000-01-21 ENTER _calculateLoanInterestAccrualsForDay[0m
2026-07-03 16:56:52,808 - DEBUG    - [37m2        2000-01-21 EXIT _calculateLoanInterestAccrualsForDay[0m
2026-07-03 16:56:52,812 - DEBUG    - [37m2        2000-01-21 ENTER _executeLoanMinimumPayments[0m
2026-07-03 16:56:52,815 - DEBUG    - [37m2        2000-01-21 EXIT _executeLoanMinimumPayments[0m
2026-07-03 16:56:52,819 - DEBUG    - [37m2        2000-01-21 ENTER _updateEndOfPrevCycleBal[0m
2026-07-03 16:56:52,820 - DEBUG    - [37m2        2000-01-21 EXIT _updateEndOfPrevCycleBal[0m
2026-07-03 16:56:52,824 - DEBUG    - [37m2        2000-01-21 ENTER _executeCreditCardMinimumPayments [0m
2026-07-03 16:56:52,825 - DEBUG    - [37m2        2000-01-21 EXIT _executeCreditCardMinimumPayments [0m
2026-07-03 16:56:52,830 - INFO     - [37m2        satisfice BOTTOM :: 2000-01-21[0m
2026-07-03 16:56:52,830 - INFO     - [37m2        satisfice TOP :: 2000-01-22[0m
2026-07-03 16:56:52,832 - DEBUG    - [37m2        2000-01-22 ENTER _processCreditCardBillingDayForDay[0m
2026-07-03 16:56:52,833 - DEBUG    - [37m2        2000-01-22 EXIT _processCreditCardBillingDayForDay[0m
2026-07-03 16:56:52,836 - DEBUG    - [37m2        2000-01-22 ENTER _executeTransactionsForDay p=1[0m
2026-07-03 16:56:52,838 - DEBUG    - [37m3            2000-01-22 ENTER _processConfirmedTransactions[0m
2026-07-03 16:56:52,838 - DEBUG    - [37m3            2000-01-22 EXIT _processConfirmedTransactions[0m
2026-07-03 16:56:52,838 - DEBUG    - [37m2        2000-01-22 EXIT _executeTransactionsForDay p=1[0m
2026-07-03 16:56:52,840 - DEBUG    - [37m2        2000-01-22 ENTER _calculateLoanInterestAccrualsForDay[0m
2026-07-03 16:56:52,841 - DEBUG    - [37m2        2000-01-22 EXIT _calculateLoanInterestAccrualsForDay[0m
2026-07-03 16:56:52,846 - DEBUG    - [37m2        2000-01-22 ENTER _executeLoanMinimumPayments[0m
2026-07-03 16:56:52,849 - DEBUG    - [37m2        2000-01-22 EXIT _executeLoanMinimumPayments[0m
2026-07-03 16:56:52,855 - DEBUG    - [37m2        2000-01-22 ENTER _updateEndOfPrevCycleBal[0m
2026-07-03 16:56:52,856 - DEBUG    - [37m2        2000-01-22 EXIT _updateEndOfPrevCycleBal[0m
2026-07-03 16:56:52,860 - DEBUG    - [37m2        2000-01-22 ENTER _executeCreditCardMinimumPayments [0m
2026-07-03 16:56:52,861 - DEBUG    - [37m2        2000-01-22 EXIT _executeCreditCardMinimumPayments [0m
2026-07-03 16:56:52,864 - INFO     - [37m2        satisfice BOTTOM :: 2000-01-22[0m
2026-07-03 16:56:52,864 - INFO     - [37m2        satisfice TOP :: 2000-01-23[0m
2026-07-03 16:56:52,866 - DEBUG    - [37m2        2000-01-23 ENTER _processCreditCardBillingDayForDay[0m
2026-07-03 16:56:52,867 - DEBUG    - [37m2        2000-01-23 EXIT _processCreditCardBillingDayForDay[0m
2026-07-03 16:56:52,870 - DEBUG    - [37m2        2000-01-23 ENTER _executeTransactionsForDay p=1[0m
2026-07-03 16:56:52,872 - DEBUG    - [37m3            2000-01-23 ENTER _processConfirmedTransactions[0m
2026-07-03 16:56:52,872 - DEBUG    - [37m3            2000-01-23 EXIT _processConfirmedTransactions[0m
2026-07-03 16:56:52,872 - DEBUG    - [37m2        2000-01-23 EXIT _executeTransactionsForDay p=1[0m
2026-07-03 16:56:52,874 - DEBUG    - [37m2        2000-01-23 ENTER _calculateLoanInterestAccrualsForDay[0m
2026-07-03 16:56:52,875 - DEBUG    - [37m2        2000-01-23 EXIT _calculateLoanInterestAccrualsForDay[0m
2026-07-03 16:56:52,879 - DEBUG    - [37m2        2000-01-23 ENTER _executeLoanMinimumPayments[0m
2026-07-03 16:56:52,882 - DEBUG    - [37m2        2000-01-23 EXIT _executeLoanMinimumPayments[0m
2026-07-03 16:56:52,886 - DEBUG    - [37m2        2000-01-23 ENTER _updateEndOfPrevCycleBal[0m
2026-07-03 16:56:52,887 - DEBUG    - [37m2        2000-01-23 EXIT _updateEndOfPrevCycleBal[0m
2026-07-03 16:56:52,892 - DEBUG    - [37m2        2000-01-23 ENTER _executeCreditCardMinimumPayments [0m
2026-07-03 16:56:52,893 - DEBUG    - [37m2        2000-01-23 EXIT _executeCreditCardMinimumPayments [0m
2026-07-03 16:56:52,897 - INFO     - [37m2        satisfice BOTTOM :: 2000-01-23[0m
2026-07-03 16:56:52,897 - INFO     - [37m2        satisfice TOP :: 2000-01-24[0m
2026-07-03 16:56:52,899 - DEBUG    - [37m2        2000-01-24 ENTER _processCreditCardBillingDayForDay[0m
2026-07-03 16:56:52,899 - DEBUG    - [37m2        2000-01-24 EXIT _processCreditCardBillingDayForDay[0m
2026-07-03 16:56:52,903 - DEBUG    - [37m2        2000-01-24 ENTER _executeTransactionsForDay p=1[0m
2026-07-03 16:56:52,905 - DEBUG    - [37m3            2000-01-24 ENTER _processConfirmedTransactions[0m
2026-07-03 16:56:52,905 - DEBUG    - [37m3            2000-01-24 EXIT _processConfirmedTransactions[0m
2026-07-03 16:56:52,905 - DEBUG    - [37m2        2000-01-24 EXIT _executeTransactionsForDay p=1[0m
2026-07-03 16:56:52,907 - DEBUG    - [37m2        2000-01-24 ENTER _calculateLoanInterestAccrualsForDay[0m
2026-07-03 16:56:52,908 - DEBUG    - [37m2        2000-01-24 EXIT _calculateLoanInterestAccrualsForDay[0m
2026-07-03 16:56:52,913 - DEBUG    - [37m2        2000-01-24 ENTER _executeLoanMinimumPayments[0m
2026-07-03 16:56:52,919 - DEBUG    - [37m2        2000-01-24 EXIT _executeLoanMinimumPayments[0m
2026-07-03 16:56:52,923 - DEBUG    - [37m2        2000-01-24 ENTER _updateEndOfPrevCycleBal[0m
2026-07-03 16:56:52,924 - DEBUG    - [37m2        2000-01-24 EXIT _updateEndOfPrevCycleBal[0m
2026-07-03 16:56:52,928 - DEBUG    - [37m2        2000-01-24 ENTER _executeCreditCardMinimumPayments [0m
2026-07-03 16:56:52,929 - DEBUG    - [37m2        2000-01-24 EXIT _executeCreditCardMinimumPayments [0m
2026-07-03 16:56:52,933 - INFO     - [37m2        satisfice BOTTOM :: 2000-01-24[0m
2026-07-03 16:56:52,933 - INFO     - [37m2        satisfice TOP :: 2000-01-25[0m
2026-07-03 16:56:52,935 - DEBUG    - [37m2        2000-01-25 ENTER _processCreditCardBillingDayForDay[0m
2026-07-03 16:56:52,936 - DEBUG    - [37m2        2000-01-25 EXIT _processCreditCardBillingDayForDay[0m
2026-07-03 16:56:52,941 - DEBUG    - [37m2        2000-01-25 ENTER _executeTransactionsForDay p=1[0m
2026-07-03 16:56:52,942 - DEBUG    - [37m3            2000-01-25 ENTER _processConfirmedTransactions[0m
2026-07-03 16:56:52,943 - DEBUG    - [37m3            2000-01-25 EXIT _processConfirmedTransactions[0m
2026-07-03 16:56:52,943 - DEBUG    - [37m2        2000-01-25 EXIT _executeTransactionsForDay p=1[0m
2026-07-03 16:56:52,944 - DEBUG    - [37m2        2000-01-25 ENTER _calculateLoanInterestAccrualsForDay[0m
2026-07-03 16:56:52,945 - DEBUG    - [37m2        2000-01-25 EXIT _calculateLoanInterestAccrualsForDay[0m
2026-07-03 16:56:52,949 - DEBUG    - [37m2        2000-01-25 ENTER _executeLoanMinimumPayments[0m
2026-07-03 16:56:52,952 - DEBUG    - [37m2        2000-01-25 EXIT _executeLoanMinimumPayments[0m
2026-07-03 16:56:52,958 - DEBUG    - [37m2        2000-01-25 ENTER _updateEndOfPrevCycleBal[0m
2026-07-03 16:56:52,958 - DEBUG    - [37m2        2000-01-25 EXIT _updateEndOfPrevCycleBal[0m
2026-07-03 16:56:52,963 - DEBUG    - [37m2        2000-01-25 ENTER _executeCreditCardMinimumPayments [0m
2026-07-03 16:56:52,964 - DEBUG    - [37m2        2000-01-25 EXIT _executeCreditCardMinimumPayments [0m
2026-07-03 16:56:52,968 - INFO     - [37m2        satisfice BOTTOM :: 2000-01-25[0m
2026-07-03 16:56:52,968 - INFO     - [37m2        satisfice TOP :: 2000-01-26[0m
2026-07-03 16:56:52,970 - DEBUG    - [37m2        2000-01-26 ENTER _processCreditCardBillingDayForDay[0m
2026-07-03 16:56:52,970 - DEBUG    - [37m2        2000-01-26 EXIT _processCreditCardBillingDayForDay[0m
2026-07-03 16:56:52,975 - DEBUG    - [37m2        2000-01-26 ENTER _executeTransactionsForDay p=1[0m
2026-07-03 16:56:52,977 - DEBUG    - [37m3            2000-01-26 ENTER _processConfirmedTransactions[0m
2026-07-03 16:56:52,977 - DEBUG    - [37m3            2000-01-26 EXIT _processConfirmedTransactions[0m
2026-07-03 16:56:52,977 - DEBUG    - [37m2        2000-01-26 EXIT _executeTransactionsForDay p=1[0m
2026-07-03 16:56:52,978 - DEBUG    - [37m2        2000-01-26 ENTER _calculateLoanInterestAccrualsForDay[0m
2026-07-03 16:56:52,979 - DEBUG    - [37m2        2000-01-26 EXIT _calculateLoanInterestAccrualsForDay[0m
2026-07-03 16:56:52,984 - DEBUG    - [37m2        2000-01-26 ENTER _executeLoanMinimumPayments[0m
2026-07-03 16:56:52,987 - DEBUG    - [37m2        2000-01-26 EXIT _executeLoanMinimumPayments[0m
2026-07-03 16:56:52,991 - DEBUG    - [37m2        2000-01-26 ENTER _updateEndOfPrevCycleBal[0m
2026-07-03 16:56:52,992 - DEBUG    - [37m2        2000-01-26 EXIT _updateEndOfPrevCycleBal[0m
2026-07-03 16:56:52,996 - DEBUG    - [37m2        2000-01-26 ENTER _executeCreditCardMinimumPayments [0m
2026-07-03 16:56:52,998 - DEBUG    - [37m2        2000-01-26 EXIT _executeCreditCardMinimumPayments [0m
2026-07-03 16:56:53,001 - INFO     - [37m2        satisfice BOTTOM :: 2000-01-26[0m
2026-07-03 16:56:53,001 - INFO     - [37m2        satisfice TOP :: 2000-01-27[0m
2026-07-03 16:56:53,003 - DEBUG    - [37m2        2000-01-27 ENTER _processCreditCardBillingDayForDay[0m
2026-07-03 16:56:53,004 - DEBUG    - [37m2        2000-01-27 EXIT _processCreditCardBillingDayForDay[0m
2026-07-03 16:56:53,008 - DEBUG    - [37m2        2000-01-27 ENTER _executeTransactionsForDay p=1[0m
2026-07-03 16:56:53,010 - DEBUG    - [37m3            2000-01-27 ENTER _processConfirmedTransactions[0m
2026-07-03 16:56:53,010 - DEBUG    - [37m3            2000-01-27 EXIT _processConfirmedTransactions[0m
2026-07-03 16:56:53,010 - DEBUG    - [37m2        2000-01-27 EXIT _executeTransactionsForDay p=1[0m
2026-07-03 16:56:53,012 - DEBUG    - [37m2        2000-01-27 ENTER _calculateLoanInterestAccrualsForDay[0m
2026-07-03 16:56:53,013 - DEBUG    - [37m2        2000-01-27 EXIT _calculateLoanInterestAccrualsForDay[0m
2026-07-03 16:56:53,017 - DEBUG    - [37m2        2000-01-27 ENTER _executeLoanMinimumPayments[0m
2026-07-03 16:56:53,021 - DEBUG    - [37m2        2000-01-27 EXIT _executeLoanMinimumPayments[0m
2026-07-03 16:56:53,025 - DEBUG    - [37m2        2000-01-27 ENTER _updateEndOfPrevCycleBal[0m
2026-07-03 16:56:53,025 - DEBUG    - [37m2        2000-01-27 EXIT _updateEndOfPrevCycleBal[0m
2026-07-03 16:56:53,030 - DEBUG    - [37m2        2000-01-27 ENTER _executeCreditCardMinimumPayments [0m
2026-07-03 16:56:53,031 - DEBUG    - [37m2        2000-01-27 EXIT _executeCreditCardMinimumPayments [0m
2026-07-03 16:56:53,034 - INFO     - [37m2        satisfice BOTTOM :: 2000-01-27[0m
2026-07-03 16:56:53,035 - INFO     - [37m2        satisfice TOP :: 2000-01-28[0m
2026-07-03 16:56:53,037 - DEBUG    - [37m2        2000-01-28 ENTER _processCreditCardBillingDayForDay[0m
2026-07-03 16:56:53,038 - DEBUG    - [37m2        2000-01-28 EXIT _processCreditCardBillingDayForDay[0m
2026-07-03 16:56:53,041 - DEBUG    - [37m2        2000-01-28 ENTER _executeTransactionsForDay p=1[0m
2026-07-03 16:56:53,043 - DEBUG    - [37m3            2000-01-28 ENTER _processConfirmedTransactions[0m
2026-07-03 16:56:53,044 - DEBUG    - [37m3            2000-01-28 EXIT _processConfirmedTransactions[0m
2026-07-03 16:56:53,044 - DEBUG    - [37m2        2000-01-28 EXIT _executeTransactionsForDay p=1[0m
2026-07-03 16:56:53,045 - DEBUG    - [37m2        2000-01-28 ENTER _calculateLoanInterestAccrualsForDay[0m
2026-07-03 16:56:53,046 - DEBUG    - [37m2        2000-01-28 EXIT _calculateLoanInterestAccrualsForDay[0m
2026-07-03 16:56:53,050 - DEBUG    - [37m2        2000-01-28 ENTER _executeLoanMinimumPayments[0m
2026-07-03 16:56:53,054 - DEBUG    - [37m2        2000-01-28 EXIT _executeLoanMinimumPayments[0m
2026-07-03 16:56:53,058 - DEBUG    - [37m2        2000-01-28 ENTER _updateEndOfPrevCycleBal[0m
2026-07-03 16:56:53,059 - DEBUG    - [37m2        2000-01-28 EXIT _updateEndOfPrevCycleBal[0m
2026-07-03 16:56:53,063 - DEBUG    - [37m2        2000-01-28 ENTER _executeCreditCardMinimumPayments [0m
2026-07-03 16:56:53,064 - DEBUG    - [37m2        2000-01-28 EXIT _executeCreditCardMinimumPayments [0m
2026-07-03 16:56:53,068 - INFO     - [37m2        satisfice BOTTOM :: 2000-01-28[0m
2026-07-03 16:56:53,068 - INFO     - [37m2        satisfice TOP :: 2000-01-29[0m
2026-07-03 16:56:53,070 - DEBUG    - [37m2        2000-01-29 ENTER _processCreditCardBillingDayForDay[0m
2026-07-03 16:56:53,071 - DEBUG    - [37m2        2000-01-29 EXIT _processCreditCardBillingDayForDay[0m
2026-07-03 16:56:53,074 - DEBUG    - [37m2        2000-01-29 ENTER _executeTransactionsForDay p=1[0m
2026-07-03 16:56:53,076 - DEBUG    - [37m3            2000-01-29 ENTER _processConfirmedTransactions[0m
2026-07-03 16:56:53,077 - DEBUG    - [37m3            2000-01-29 EXIT _processConfirmedTransactions[0m
2026-07-03 16:56:53,077 - DEBUG    - [37m2        2000-01-29 EXIT _executeTransactionsForDay p=1[0m
2026-07-03 16:56:53,078 - DEBUG    - [37m2        2000-01-29 ENTER _calculateLoanInterestAccrualsForDay[0m
2026-07-03 16:56:53,079 - DEBUG    - [37m2        2000-01-29 EXIT _calculateLoanInterestAccrualsForDay[0m
2026-07-03 16:56:53,083 - DEBUG    - [37m2        2000-01-29 ENTER _executeLoanMinimumPayments[0m
2026-07-03 16:56:53,086 - DEBUG    - [37m2        2000-01-29 EXIT _executeLoanMinimumPayments[0m
2026-07-03 16:56:53,090 - DEBUG    - [37m2        2000-01-29 ENTER _updateEndOfPrevCycleBal[0m
2026-07-03 16:56:53,091 - DEBUG    - [37m2        2000-01-29 EXIT _updateEndOfPrevCycleBal[0m
2026-07-03 16:56:53,095 - DEBUG    - [37m2        2000-01-29 ENTER _executeCreditCardMinimumPayments [0m
2026-07-03 16:56:53,096 - DEBUG    - [37m2        2000-01-29 EXIT _executeCreditCardMinimumPayments [0m
2026-07-03 16:56:53,100 - INFO     - [37m2        satisfice BOTTOM :: 2000-01-29[0m
2026-07-03 16:56:53,100 - INFO     - [37m2        satisfice TOP :: 2000-01-30[0m
2026-07-03 16:56:53,102 - DEBUG    - [37m2        2000-01-30 ENTER _processCreditCardBillingDayForDay[0m
2026-07-03 16:56:53,103 - DEBUG    - [37m2        2000-01-30 EXIT _processCreditCardBillingDayForDay[0m
2026-07-03 16:56:53,107 - DEBUG    - [37m2        2000-01-30 ENTER _executeTransactionsForDay p=1[0m
2026-07-03 16:56:53,109 - DEBUG    - [37m3            2000-01-30 ENTER _processConfirmedTransactions[0m
2026-07-03 16:56:53,109 - DEBUG    - [37m3            2000-01-30 EXIT _processConfirmedTransactions[0m
2026-07-03 16:56:53,109 - DEBUG    - [37m2        2000-01-30 EXIT _executeTransactionsForDay p=1[0m
2026-07-03 16:56:53,111 - DEBUG    - [37m2        2000-01-30 ENTER _calculateLoanInterestAccrualsForDay[0m
2026-07-03 16:56:53,112 - DEBUG    - [37m2        2000-01-30 EXIT _calculateLoanInterestAccrualsForDay[0m
2026-07-03 16:56:53,116 - DEBUG    - [37m2        2000-01-30 ENTER _executeLoanMinimumPayments[0m
2026-07-03 16:56:53,119 - DEBUG    - [37m2        2000-01-30 EXIT _executeLoanMinimumPayments[0m
2026-07-03 16:56:53,124 - DEBUG    - [37m2        2000-01-30 ENTER _updateEndOfPrevCycleBal[0m
2026-07-03 16:56:53,125 - DEBUG    - [37m2        2000-01-30 EXIT _updateEndOfPrevCycleBal[0m
2026-07-03 16:56:53,128 - DEBUG    - [37m2        2000-01-30 ENTER _executeCreditCardMinimumPayments [0m
2026-07-03 16:56:53,130 - DEBUG    - [37m2        2000-01-30 EXIT _executeCreditCardMinimumPayments [0m
2026-07-03 16:56:53,133 - INFO     - [37m2        satisfice BOTTOM :: 2000-01-30[0m
2026-07-03 16:56:53,134 - INFO     - [37m2        satisfice TOP :: 2000-01-31[0m
2026-07-03 16:56:53,135 - DEBUG    - [37m2        2000-01-31 ENTER _processCreditCardBillingDayForDay[0m
2026-07-03 16:56:53,136 - DEBUG    - [37m2        2000-01-31 EXIT _processCreditCardBillingDayForDay[0m
2026-07-03 16:56:53,140 - DEBUG    - [37m2        2000-01-31 ENTER _executeTransactionsForDay p=1[0m
2026-07-03 16:56:53,142 - DEBUG    - [37m3            2000-01-31 ENTER _processConfirmedTransactions[0m
2026-07-03 16:56:53,142 - DEBUG    - [37m3            2000-01-31 EXIT _processConfirmedTransactions[0m
2026-07-03 16:56:53,142 - DEBUG    - [37m2        2000-01-31 EXIT _executeTransactionsForDay p=1[0m
2026-07-03 16:56:53,144 - DEBUG    - [37m2        2000-01-31 ENTER _calculateLoanInterestAccrualsForDay[0m
2026-07-03 16:56:53,145 - DEBUG    - [37m2        2000-01-31 EXIT _calculateLoanInterestAccrualsForDay[0m
2026-07-03 16:56:53,149 - DEBUG    - [37m2        2000-01-31 ENTER _executeLoanMinimumPayments[0m
2026-07-03 16:56:53,152 - DEBUG    - [37m2        2000-01-31 EXIT _executeLoanMinimumPayments[0m
2026-07-03 16:56:53,157 - DEBUG    - [37m2        2000-01-31 ENTER _updateEndOfPrevCycleBal[0m
2026-07-03 16:56:53,157 - DEBUG    - [37m2        2000-01-31 EXIT _updateEndOfPrevCycleBal[0m
2026-07-03 16:56:53,162 - DEBUG    - [37m2        2000-01-31 ENTER _executeCreditCardMinimumPayments [0m
2026-07-03 16:56:53,163 - DEBUG    - [37m2        2000-01-31 EXIT _executeCreditCardMinimumPayments [0m
2026-07-03 16:56:53,167 - INFO     - [37m2        satisfice BOTTOM :: 2000-01-31[0m
2026-07-03 16:56:53,167 - INFO     - [37m2        satisfice TOP :: 2000-02-01[0m
2026-07-03 16:56:53,169 - DEBUG    - [37m2        2000-02-01 ENTER _processCreditCardBillingDayForDay[0m
2026-07-03 16:56:53,170 - DEBUG    - [37m2        2000-02-01 EXIT _processCreditCardBillingDayForDay[0m
2026-07-03 16:56:53,174 - DEBUG    - [37m2        2000-02-01 ENTER _executeTransactionsForDay p=1[0m
2026-07-03 16:56:53,176 - DEBUG    - [37m3            2000-02-01 ENTER _processConfirmedTransactions[0m
2026-07-03 16:56:53,176 - DEBUG    - [37m3            2000-02-01 EXIT _processConfirmedTransactions[0m
2026-07-03 16:56:53,176 - DEBUG    - [37m2        2000-02-01 EXIT _executeTransactionsForDay p=1[0m
2026-07-03 16:56:53,178 - DEBUG    - [37m2        2000-02-01 ENTER _calculateLoanInterestAccrualsForDay[0m
2026-07-03 16:56:53,179 - DEBUG    - [37m2        2000-02-01 EXIT _calculateLoanInterestAccrualsForDay[0m
2026-07-03 16:56:53,182 - DEBUG    - [37m2        2000-02-01 ENTER _executeLoanMinimumPayments[0m
2026-07-03 16:56:53,186 - DEBUG    - [37m2        2000-02-01 EXIT _executeLoanMinimumPayments[0m
2026-07-03 16:56:53,189 - DEBUG    - [37m2        2000-02-01 ENTER _updateEndOfPrevCycleBal[0m
2026-07-03 16:56:53,190 - DEBUG    - [37m2        2000-02-01 EXIT _updateEndOfPrevCycleBal[0m
2026-07-03 16:56:53,194 - DEBUG    - [37m2        2000-02-01 ENTER _executeCreditCardMinimumPayments [0m
2026-07-03 16:56:53,195 - DEBUG    - [37m2        2000-02-01 EXIT _executeCreditCardMinimumPayments [0m
2026-07-03 16:56:53,199 - INFO     - [37m2        satisfice BOTTOM :: 2000-02-01[0m
2026-07-03 16:56:53,199 - INFO     - [37m2        satisfice TOP :: 2000-02-02[0m
2026-07-03 16:56:53,201 - DEBUG    - [37m2        2000-02-02 ENTER _processCreditCardBillingDayForDay[0m
2026-07-03 16:56:53,201 - DEBUG    - [37m2        2000-02-02 EXIT _processCreditCardBillingDayForDay[0m
2026-07-03 16:56:53,205 - DEBUG    - [37m2        2000-02-02 ENTER _executeTransactionsForDay p=1[0m
2026-07-03 16:56:53,207 - DEBUG    - [37m3            2000-02-02 ENTER _processConfirmedTransactions[0m
2026-07-03 16:56:53,207 - DEBUG    - [37m3            2000-02-02 EXIT _processConfirmedTransactions[0m
2026-07-03 16:56:53,207 - DEBUG    - [37m2        2000-02-02 EXIT _executeTransactionsForDay p=1[0m
2026-07-03 16:56:53,208 - DEBUG    - [37m2        2000-02-02 ENTER _calculateLoanInterestAccrualsForDay[0m
2026-07-03 16:56:53,209 - DEBUG    - [37m2        2000-02-02 EXIT _calculateLoanInterestAccrualsForDay[0m
2026-07-03 16:56:53,213 - DEBUG    - [37m2        2000-02-02 ENTER _executeLoanMinimumPayments[0m
2026-07-03 16:56:53,216 - DEBUG    - [37m2        2000-02-02 EXIT _executeLoanMinimumPayments[0m
2026-07-03 16:56:53,220 - DEBUG    - [37m2        2000-02-02 ENTER _updateEndOfPrevCycleBal[0m
2026-07-03 16:56:53,221 - DEBUG    - [37m2        2000-02-02 EXIT _updateEndOfPrevCycleBal[0m
2026-07-03 16:56:53,225 - DEBUG    - [37m2        2000-02-02 ENTER _executeCreditCardMinimumPayments [0m
2026-07-03 16:56:53,226 - DEBUG    - [37m2        2000-02-02 EXIT _executeCreditCardMinimumPayments [0m
2026-07-03 16:56:53,229 - INFO     - [37m2        satisfice BOTTOM :: 2000-02-02[0m
2026-07-03 16:56:53,229 - INFO     - [37m2        satisfice TOP :: 2000-02-03[0m
2026-07-03 16:56:53,231 - DEBUG    - [37m2        2000-02-03 ENTER _processCreditCardBillingDayForDay[0m
2026-07-03 16:56:53,232 - DEBUG    - [37m2        2000-02-03 EXIT _processCreditCardBillingDayForDay[0m
2026-07-03 16:56:53,235 - DEBUG    - [37m2        2000-02-03 ENTER _executeTransactionsForDay p=1[0m
2026-07-03 16:56:53,237 - DEBUG    - [37m3            2000-02-03 ENTER _processConfirmedTransactions[0m
2026-07-03 16:56:53,237 - DEBUG    - [37m3            2000-02-03 EXIT _processConfirmedTransactions[0m
2026-07-03 16:56:53,237 - DEBUG    - [37m2        2000-02-03 EXIT _executeTransactionsForDay p=1[0m
2026-07-03 16:56:53,239 - DEBUG    - [37m2        2000-02-03 ENTER _calculateLoanInterestAccrualsForDay[0m
2026-07-03 16:56:53,240 - DEBUG    - [37m2        2000-02-03 EXIT _calculateLoanInterestAccrualsForDay[0m
2026-07-03 16:56:53,243 - DEBUG    - [37m2        2000-02-03 ENTER _executeLoanMinimumPayments[0m
2026-07-03 16:56:53,246 - DEBUG    - [37m2        2000-02-03 EXIT _executeLoanMinimumPayments[0m
2026-07-03 16:56:53,250 - DEBUG    - [37m2        2000-02-03 ENTER _updateEndOfPrevCycleBal[0m
2026-07-03 16:56:53,251 - DEBUG    - [37m2        2000-02-03 EXIT _updateEndOfPrevCycleBal[0m
2026-07-03 16:56:53,255 - DEBUG    - [37m2        2000-02-03 ENTER _executeCreditCardMinimumPayments [0m
2026-07-03 16:56:53,256 - DEBUG    - [37m2        2000-02-03 EXIT _executeCreditCardMinimumPayments [0m
2026-07-03 16:56:53,259 - INFO     - [37m2        satisfice BOTTOM :: 2000-02-03[0m
2026-07-03 16:56:53,259 - INFO     - [37m2        satisfice TOP :: 2000-02-04[0m
2026-07-03 16:56:53,261 - DEBUG    - [37m2        2000-02-04 ENTER _processCreditCardBillingDayForDay[0m
2026-07-03 16:56:53,262 - DEBUG    - [37m2        2000-02-04 EXIT _processCreditCardBillingDayForDay[0m
2026-07-03 16:56:53,265 - DEBUG    - [37m2        2000-02-04 ENTER _executeTransactionsForDay p=1[0m
2026-07-03 16:56:53,267 - DEBUG    - [37m3            2000-02-04 ENTER _processConfirmedTransactions[0m
2026-07-03 16:56:53,267 - DEBUG    - [37m3            2000-02-04 EXIT _processConfirmedTransactions[0m
2026-07-03 16:56:53,267 - DEBUG    - [37m2        2000-02-04 EXIT _executeTransactionsForDay p=1[0m
2026-07-03 16:56:53,269 - DEBUG    - [37m2        2000-02-04 ENTER _calculateLoanInterestAccrualsForDay[0m
2026-07-03 16:56:53,270 - DEBUG    - [37m2        2000-02-04 EXIT _calculateLoanInterestAccrualsForDay[0m
2026-07-03 16:56:53,273 - DEBUG    - [37m2        2000-02-04 ENTER _executeLoanMinimumPayments[0m
2026-07-03 16:56:53,277 - DEBUG    - [37m2        2000-02-04 EXIT _executeLoanMinimumPayments[0m
2026-07-03 16:56:53,281 - DEBUG    - [37m2        2000-02-04 ENTER _updateEndOfPrevCycleBal[0m
2026-07-03 16:56:53,281 - DEBUG    - [37m2        2000-02-04 EXIT _updateEndOfPrevCycleBal[0m
2026-07-03 16:56:53,285 - DEBUG    - [37m2        2000-02-04 ENTER _executeCreditCardMinimumPayments [0m
2026-07-03 16:56:53,286 - DEBUG    - [37m2        2000-02-04 EXIT _executeCreditCardMinimumPayments [0m
2026-07-03 16:56:53,290 - INFO     - [37m2        satisfice BOTTOM :: 2000-02-04[0m
2026-07-03 16:56:53,290 - INFO     - [37m2        satisfice TOP :: 2000-02-05[0m
2026-07-03 16:56:53,292 - DEBUG    - [37m2        2000-02-05 ENTER _processCreditCardBillingDayForDay[0m
2026-07-03 16:56:53,292 - DEBUG    - [37m2        2000-02-05 EXIT _processCreditCardBillingDayForDay[0m
2026-07-03 16:56:53,296 - DEBUG    - [37m2        2000-02-05 ENTER _executeTransactionsForDay p=1[0m
2026-07-03 16:56:53,298 - DEBUG    - [37m3            2000-02-05 ENTER _processConfirmedTransactions[0m
2026-07-03 16:56:53,298 - DEBUG    - [37m3            2000-02-05 EXIT _processConfirmedTransactions[0m
2026-07-03 16:56:53,298 - DEBUG    - [37m2        2000-02-05 EXIT _executeTransactionsForDay p=1[0m
2026-07-03 16:56:53,299 - DEBUG    - [37m2        2000-02-05 ENTER _calculateLoanInterestAccrualsForDay[0m
2026-07-03 16:56:53,300 - DEBUG    - [37m2        2000-02-05 EXIT _calculateLoanInterestAccrualsForDay[0m
2026-07-03 16:56:53,304 - DEBUG    - [37m2        2000-02-05 ENTER _executeLoanMinimumPayments[0m
2026-07-03 16:56:53,308 - DEBUG    - [37m2        2000-02-05 EXIT _executeLoanMinimumPayments[0m
2026-07-03 16:56:53,312 - DEBUG    - [37m2        2000-02-05 ENTER _updateEndOfPrevCycleBal[0m
2026-07-03 16:56:53,313 - DEBUG    - [37m2        2000-02-05 EXIT _updateEndOfPrevCycleBal[0m
2026-07-03 16:56:53,317 - DEBUG    - [37m2        2000-02-05 ENTER _executeCreditCardMinimumPayments [0m
2026-07-03 16:56:53,318 - DEBUG    - [37m2        2000-02-05 EXIT _executeCreditCardMinimumPayments [0m
2026-07-03 16:56:53,321 - INFO     - [37m2        satisfice BOTTOM :: 2000-02-05[0m
2026-07-03 16:56:53,321 - INFO     - [37m2        satisfice TOP :: 2000-02-06[0m
2026-07-03 16:56:53,323 - DEBUG    - [37m2        2000-02-06 ENTER _processCreditCardBillingDayForDay[0m
2026-07-03 16:56:53,324 - DEBUG    - [37m2        2000-02-06 EXIT _processCreditCardBillingDayForDay[0m
2026-07-03 16:56:53,327 - DEBUG    - [37m2        2000-02-06 ENTER _executeTransactionsForDay p=1[0m
2026-07-03 16:56:53,329 - DEBUG    - [37m3            2000-02-06 ENTER _processConfirmedTransactions[0m
2026-07-03 16:56:53,329 - DEBUG    - [37m3            2000-02-06 EXIT _processConfirmedTransactions[0m
2026-07-03 16:56:53,329 - DEBUG    - [37m2        2000-02-06 EXIT _executeTransactionsForDay p=1[0m
2026-07-03 16:56:53,331 - DEBUG    - [37m2        2000-02-06 ENTER _calculateLoanInterestAccrualsForDay[0m
2026-07-03 16:56:53,332 - DEBUG    - [37m2        2000-02-06 EXIT _calculateLoanInterestAccrualsForDay[0m
2026-07-03 16:56:53,336 - DEBUG    - [37m2        2000-02-06 ENTER _executeLoanMinimumPayments[0m
2026-07-03 16:56:53,339 - DEBUG    - [37m2        2000-02-06 EXIT _executeLoanMinimumPayments[0m
2026-07-03 16:56:53,343 - DEBUG    - [37m2        2000-02-06 ENTER _updateEndOfPrevCycleBal[0m
2026-07-03 16:56:53,343 - DEBUG    - [37m2        2000-02-06 EXIT _updateEndOfPrevCycleBal[0m
2026-07-03 16:56:53,347 - DEBUG    - [37m2        2000-02-06 ENTER _executeCreditCardMinimumPayments [0m
2026-07-03 16:56:53,348 - DEBUG    - [37m2        2000-02-06 EXIT _executeCreditCardMinimumPayments [0m
2026-07-03 16:56:53,352 - INFO     - [37m2        satisfice BOTTOM :: 2000-02-06[0m
2026-07-03 16:56:53,352 - INFO     - [37m2        satisfice TOP :: 2000-02-07[0m
2026-07-03 16:56:53,354 - DEBUG    - [37m2        2000-02-07 ENTER _processCreditCardBillingDayForDay[0m
2026-07-03 16:56:53,354 - DEBUG    - [37m2        2000-02-07 EXIT _processCreditCardBillingDayForDay[0m
2026-07-03 16:56:53,358 - DEBUG    - [37m2        2000-02-07 ENTER _executeTransactionsForDay p=1[0m
2026-07-03 16:56:53,360 - DEBUG    - [37m3            2000-02-07 ENTER _processConfirmedTransactions[0m
2026-07-03 16:56:53,360 - DEBUG    - [37m3            2000-02-07 EXIT _processConfirmedTransactions[0m
2026-07-03 16:56:53,360 - DEBUG    - [37m2        2000-02-07 EXIT _executeTransactionsForDay p=1[0m
2026-07-03 16:56:53,362 - DEBUG    - [37m2        2000-02-07 ENTER _calculateLoanInterestAccrualsForDay[0m
2026-07-03 16:56:53,362 - DEBUG    - [37m2        2000-02-07 EXIT _calculateLoanInterestAccrualsForDay[0m
2026-07-03 16:56:53,366 - DEBUG    - [37m2        2000-02-07 ENTER _executeLoanMinimumPayments[0m
2026-07-03 16:56:53,369 - DEBUG    - [37m2        2000-02-07 EXIT _executeLoanMinimumPayments[0m
2026-07-03 16:56:53,373 - DEBUG    - [37m2        2000-02-07 ENTER _updateEndOfPrevCycleBal[0m
2026-07-03 16:56:53,374 - DEBUG    - [37m2        2000-02-07 EXIT _updateEndOfPrevCycleBal[0m
2026-07-03 16:56:53,378 - DEBUG    - [37m2        2000-02-07 ENTER _executeCreditCardMinimumPayments [0m
2026-07-03 16:56:53,379 - DEBUG    - [37m2        2000-02-07 EXIT _executeCreditCardMinimumPayments [0m
2026-07-03 16:56:53,382 - INFO     - [37m2        satisfice BOTTOM :: 2000-02-07[0m
2026-07-03 16:56:53,382 - INFO     - [37m2        satisfice TOP :: 2000-02-08[0m
2026-07-03 16:56:53,384 - DEBUG    - [37m2        2000-02-08 ENTER _processCreditCardBillingDayForDay[0m
2026-07-03 16:56:53,385 - DEBUG    - [37m2        2000-02-08 EXIT _processCreditCardBillingDayForDay[0m
2026-07-03 16:56:53,388 - DEBUG    - [37m2        2000-02-08 ENTER _executeTransactionsForDay p=1[0m
2026-07-03 16:56:53,390 - DEBUG    - [37m3            2000-02-08 ENTER _processConfirmedTransactions[0m
2026-07-03 16:56:53,390 - DEBUG    - [37m3            2000-02-08 EXIT _processConfirmedTransactions[0m
2026-07-03 16:56:53,390 - DEBUG    - [37m2        2000-02-08 EXIT _executeTransactionsForDay p=1[0m
2026-07-03 16:56:53,392 - DEBUG    - [37m2        2000-02-08 ENTER _calculateLoanInterestAccrualsForDay[0m
2026-07-03 16:56:53,393 - DEBUG    - [37m2        2000-02-08 EXIT _calculateLoanInterestAccrualsForDay[0m
2026-07-03 16:56:53,396 - DEBUG    - [37m2        2000-02-08 ENTER _executeLoanMinimumPayments[0m
2026-07-03 16:56:53,399 - DEBUG    - [37m2        2000-02-08 EXIT _executeLoanMinimumPayments[0m
2026-07-03 16:56:53,403 - DEBUG    - [37m2        2000-02-08 ENTER _updateEndOfPrevCycleBal[0m
2026-07-03 16:56:53,404 - DEBUG    - [37m2        2000-02-08 EXIT _updateEndOfPrevCycleBal[0m
2026-07-03 16:56:53,408 - DEBUG    - [37m2        2000-02-08 ENTER _executeCreditCardMinimumPayments [0m
2026-07-03 16:56:53,409 - DEBUG    - [37m2        2000-02-08 EXIT _executeCreditCardMinimumPayments [0m
2026-07-03 16:56:53,412 - INFO     - [37m2        satisfice BOTTOM :: 2000-02-08[0m
2026-07-03 16:56:53,413 - INFO     - [37m2        satisfice TOP :: 2000-02-09[0m
2026-07-03 16:56:53,414 - DEBUG    - [37m2        2000-02-09 ENTER _processCreditCardBillingDayForDay[0m
2026-07-03 16:56:53,415 - DEBUG    - [37m2        2000-02-09 EXIT _processCreditCardBillingDayForDay[0m
2026-07-03 16:56:53,419 - DEBUG    - [37m2        2000-02-09 ENTER _executeTransactionsForDay p=1[0m
2026-07-03 16:56:53,420 - DEBUG    - [37m3            2000-02-09 ENTER _processConfirmedTransactions[0m
2026-07-03 16:56:53,421 - DEBUG    - [37m3            2000-02-09 EXIT _processConfirmedTransactions[0m
2026-07-03 16:56:53,421 - DEBUG    - [37m2        2000-02-09 EXIT _executeTransactionsForDay p=1[0m
2026-07-03 16:56:53,422 - DEBUG    - [37m2        2000-02-09 ENTER _calculateLoanInterestAccrualsForDay[0m
2026-07-03 16:56:53,423 - DEBUG    - [37m2        2000-02-09 EXIT _calculateLoanInterestAccrualsForDay[0m
2026-07-03 16:56:53,427 - DEBUG    - [37m2        2000-02-09 ENTER _executeLoanMinimumPayments[0m
2026-07-03 16:56:53,430 - DEBUG    - [37m2        2000-02-09 EXIT _executeLoanMinimumPayments[0m
2026-07-03 16:56:53,434 - DEBUG    - [37m2        2000-02-09 ENTER _updateEndOfPrevCycleBal[0m
2026-07-03 16:56:53,435 - DEBUG    - [37m2        2000-02-09 EXIT _updateEndOfPrevCycleBal[0m
2026-07-03 16:56:53,438 - DEBUG    - [37m2        2000-02-09 ENTER _executeCreditCardMinimumPayments [0m
2026-07-03 16:56:53,440 - DEBUG    - [37m2        2000-02-09 EXIT _executeCreditCardMinimumPayments [0m
2026-07-03 16:56:53,443 - INFO     - [37m2        satisfice BOTTOM :: 2000-02-09[0m
2026-07-03 16:56:53,443 - INFO     - [37m2        satisfice TOP :: 2000-02-10[0m
2026-07-03 16:56:53,445 - DEBUG    - [37m2        2000-02-10 ENTER _processCreditCardBillingDayForDay[0m
2026-07-03 16:56:53,446 - DEBUG    - [37m2        2000-02-10 EXIT _processCreditCardBillingDayForDay[0m
2026-07-03 16:56:53,449 - DEBUG    - [37m2        2000-02-10 ENTER _executeTransactionsForDay p=1[0m
2026-07-03 16:56:53,451 - DEBUG    - [37m3            2000-02-10 ENTER _processConfirmedTransactions[0m
2026-07-03 16:56:53,451 - DEBUG    - [37m3            2000-02-10 EXIT _processConfirmedTransactions[0m
2026-07-03 16:56:53,451 - DEBUG    - [37m2        2000-02-10 EXIT _executeTransactionsForDay p=1[0m
2026-07-03 16:56:53,453 - DEBUG    - [37m2        2000-02-10 ENTER _calculateLoanInterestAccrualsForDay[0m
2026-07-03 16:56:53,453 - DEBUG    - [37m2        2000-02-10 EXIT _calculateLoanInterestAccrualsForDay[0m
2026-07-03 16:56:53,457 - DEBUG    - [37m2        2000-02-10 ENTER _executeLoanMinimumPayments[0m
2026-07-03 16:56:53,460 - DEBUG    - [37m2        2000-02-10 EXIT _executeLoanMinimumPayments[0m
2026-07-03 16:56:53,464 - DEBUG    - [37m2        2000-02-10 ENTER _updateEndOfPrevCycleBal[0m
2026-07-03 16:56:53,465 - DEBUG    - [37m2        2000-02-10 EXIT _updateEndOfPrevCycleBal[0m
2026-07-03 16:56:53,469 - DEBUG    - [37m2        2000-02-10 ENTER _executeCreditCardMinimumPayments [0m
2026-07-03 16:56:53,470 - DEBUG    - [37m2        2000-02-10 EXIT _executeCreditCardMinimumPayments [0m
2026-07-03 16:56:53,473 - INFO     - [37m2        satisfice BOTTOM :: 2000-02-10[0m
2026-07-03 16:56:53,473 - INFO     - [37m2        satisfice TOP :: 2000-02-11[0m
2026-07-03 16:56:53,475 - DEBUG    - [37m2        2000-02-11 ENTER _processCreditCardBillingDayForDay[0m
2026-07-03 16:56:53,476 - DEBUG    - [37m2        2000-02-11 EXIT _processCreditCardBillingDayForDay[0m
2026-07-03 16:56:53,480 - DEBUG    - [37m2        2000-02-11 ENTER _executeTransactionsForDay p=1[0m
2026-07-03 16:56:53,482 - DEBUG    - [37m3            2000-02-11 ENTER _processConfirmedTransactions[0m
2026-07-03 16:56:53,482 - DEBUG    - [37m3            2000-02-11 EXIT _processConfirmedTransactions[0m
2026-07-03 16:56:53,482 - DEBUG    - [37m2        2000-02-11 EXIT _executeTransactionsForDay p=1[0m
2026-07-03 16:56:53,483 - DEBUG    - [37m2        2000-02-11 ENTER _calculateLoanInterestAccrualsForDay[0m
2026-07-03 16:56:53,484 - DEBUG    - [37m2        2000-02-11 EXIT _calculateLoanInterestAccrualsForDay[0m
2026-07-03 16:56:53,488 - DEBUG    - [37m2        2000-02-11 ENTER _executeLoanMinimumPayments[0m
2026-07-03 16:56:53,491 - DEBUG    - [37m2        2000-02-11 EXIT _executeLoanMinimumPayments[0m
2026-07-03 16:56:53,495 - DEBUG    - [37m2        2000-02-11 ENTER _updateEndOfPrevCycleBal[0m
2026-07-03 16:56:53,496 - DEBUG    - [37m2        2000-02-11 EXIT _updateEndOfPrevCycleBal[0m
2026-07-03 16:56:53,499 - DEBUG    - [37m2        2000-02-11 ENTER _executeCreditCardMinimumPayments [0m
2026-07-03 16:56:53,501 - DEBUG    - [37m2        2000-02-11 EXIT _executeCreditCardMinimumPayments [0m
2026-07-03 16:56:53,504 - INFO     - [37m2        satisfice BOTTOM :: 2000-02-11[0m
2026-07-03 16:56:53,504 - INFO     - [37m2        satisfice TOP :: 2000-02-12[0m
2026-07-03 16:56:53,506 - DEBUG    - [37m2        2000-02-12 ENTER _processCreditCardBillingDayForDay[0m
2026-07-03 16:56:53,507 - DEBUG    - [37m2        2000-02-12 EXIT _processCreditCardBillingDayForDay[0m
2026-07-03 16:56:53,510 - DEBUG    - [37m2        2000-02-12 ENTER _executeTransactionsForDay p=1[0m
2026-07-03 16:56:53,512 - DEBUG    - [37m3            2000-02-12 ENTER _processConfirmedTransactions[0m
2026-07-03 16:56:53,512 - DEBUG    - [37m3            2000-02-12 EXIT _processConfirmedTransactions[0m
2026-07-03 16:56:53,512 - DEBUG    - [37m2        2000-02-12 EXIT _executeTransactionsForDay p=1[0m
2026-07-03 16:56:53,514 - DEBUG    - [37m2        2000-02-12 ENTER _calculateLoanInterestAccrualsForDay[0m
2026-07-03 16:56:53,515 - DEBUG    - [37m2        2000-02-12 EXIT _calculateLoanInterestAccrualsForDay[0m
2026-07-03 16:56:53,518 - DEBUG    - [37m2        2000-02-12 ENTER _executeLoanMinimumPayments[0m
2026-07-03 16:56:53,521 - DEBUG    - [37m2        2000-02-12 EXIT _executeLoanMinimumPayments[0m
2026-07-03 16:56:53,525 - DEBUG    - [37m2        2000-02-12 ENTER _updateEndOfPrevCycleBal[0m
2026-07-03 16:56:53,526 - DEBUG    - [37m2        2000-02-12 EXIT _updateEndOfPrevCycleBal[0m
[...]
2026-07-03 16:57:01,271 - DEBUG    - [35m2                 Date  Priority  Amount            Memo  Income_Flag  Deferrable  Partial_Payment_Allowed[0m
2026-07-03 16:57:01,271 - DEBUG    - [35m2        0  2000-01-02         1      10  memo milestone        False       False                    False[0m
2026-07-03 16:57:01,272 - DEBUG    - [37m2        2000-01-02 ENTER _processCreditCardBillingDayForDay[0m
2026-07-03 16:57:01,277 - DEBUG    - [37m2        2000-01-02 EXIT _processCreditCardBillingDayForDay[0m
2026-07-03 16:57:01,283 - DEBUG    - [37m2        2000-01-02 ENTER _executeTransactionsForDay p=1[0m
2026-07-03 16:57:01,285 - DEBUG    - [35m3            relevant_confirmed_df:[0m
2026-07-03 16:57:01,287 - DEBUG    - [35m3                     Date  Priority  Amount            Memo  Income_Flag  Deferrable  Partial_Payment_Allowed[0m
2026-07-03 16:57:01,287 - DEBUG    - [35m3            0  2000-01-02         1      10  memo milestone        False       False                    False[0m
2026-07-03 16:57:01,287 - DEBUG    - [37m3            2000-01-02 ENTER _processConfirmedTransactions[0m
2026-07-03 16:57:01,288 - DEBUG    - [37m4                2000-01-02 executing txn 'memo milestone' Checking -> None for $10[0m
2026-07-03 16:57:01,298 - DEBUG    - [37m3            2000-01-02 EXIT _processConfirmedTransactions[0m
2026-07-03 16:57:01,298 - DEBUG    - [37m2        2000-01-02 EXIT _executeTransactionsForDay p=1[0m
2026-07-03 16:57:01,300 - DEBUG    - [37m2        2000-01-02 ENTER _calculateLoanInterestAccrualsForDay[0m
2026-07-03 16:57:01,301 - DEBUG    - [37m2        2000-01-02 EXIT _calculateLoanInterestAccrualsForDay[0m
2026-07-03 16:57:01,305 - DEBUG    - [37m2        2000-01-02 ENTER _executeLoanMinimumPayments[0m
2026-07-03 16:57:01,310 - DEBUG    - [37m2        2000-01-02 EXIT _executeLoanMinimumPayments[0m
2026-07-03 16:57:01,313 - DEBUG    - [37m2        2000-01-02 ENTER _updateEndOfPrevCycleBal[0m
2026-07-03 16:57:01,314 - DEBUG    - [37m2        2000-01-02 EXIT _updateEndOfPrevCycleBal[0m
2026-07-03 16:57:01,318 - DEBUG    - [37m2        2000-01-02 ENTER _executeCreditCardMinimumPayments [0m
2026-07-03 16:57:01,319 - DEBUG    - [37m2        2000-01-02 EXIT _executeCreditCardMinimumPayments [0m
2026-07-03 16:57:01,323 - INFO     - [37m2        satisfice BOTTOM :: 2000-01-02[0m
2026-07-03 16:57:01,323 - INFO     - [37m2        satisfice TOP :: 2000-01-03[0m
2026-07-03 16:57:01,325 - DEBUG    - [35m2        satisfice confirmed_df:[0m
2026-07-03 16:57:01,327 - DEBUG    - [35m2                 Date  Priority  Amount            Memo  Income_Flag  Deferrable  Partial_Payment_Allowed[0m
2026-07-03 16:57:01,327 - DEBUG    - [35m2        0  2000-01-02         1      10  memo milestone        False       False                    False[0m
2026-07-03 16:57:01,328 - DEBUG    - [37m2        2000-01-03 ENTER _processCreditCardBillingDayForDay[0m
2026-07-03 16:57:01,328 - DEBUG    - [37m2        2000-01-03 EXIT _processCreditCardBillingDayForDay[0m
2026-07-03 16:57:01,331 - DEBUG    - [37m2        2000-01-03 ENTER _executeTransactionsForDay p=1[0m
2026-07-03 16:57:01,333 - DEBUG    - [37m3            2000-01-03 ENTER _processConfirmedTransactions[0m
2026-07-03 16:57:01,333 - DEBUG    - [37m3            2000-01-03 EXIT _processConfirmedTransactions[0m
2026-07-03 16:57:01,333 - DEBUG    - [37m2        2000-01-03 EXIT _executeTransactionsForDay p=1[0m
2026-07-03 16:57:01,335 - DEBUG    - [37m2        2000-01-03 ENTER _calculateLoanInterestAccrualsForDay[0m
2026-07-03 16:57:01,336 - DEBUG    - [37m2        2000-01-03 EXIT _calculateLoanInterestAccrualsForDay[0m
2026-07-03 16:57:01,340 - DEBUG    - [37m2        2000-01-03 ENTER _executeLoanMinimumPayments[0m
2026-07-03 16:57:01,343 - DEBUG    - [37m2        2000-01-03 EXIT _executeLoanMinimumPayments[0m
2026-07-03 16:57:01,347 - DEBUG    - [37m2        2000-01-03 ENTER _updateEndOfPrevCycleBal[0m
2026-07-03 16:57:01,348 - DEBUG    - [37m2        2000-01-03 EXIT _updateEndOfPrevCycleBal[0m
2026-07-03 16:57:01,352 - DEBUG    - [37m2        2000-01-03 ENTER _executeCreditCardMinimumPayments [0m
2026-07-03 16:57:01,353 - DEBUG    - [37m2        2000-01-03 EXIT _executeCreditCardMinimumPayments [0m
2026-07-03 16:57:01,356 - INFO     - [37m2        satisfice BOTTOM :: 2000-01-03[0m
2026-07-03 16:57:01,360 - INFO     - [37m2                 Date  Checking  Credit Next Income Date Memo Directives                            Memo[0m
2026-07-03 16:57:01,360 - INFO     - [37m2        0  2000-01-01      10.0     0.0                                                                 [0m
2026-07-03 16:57:01,360 - INFO     - [37m2        1  2000-01-02       0.0     0.0                                   memo milestone (Checking -$10)[0m
2026-07-03 16:57:01,360 - INFO     - [37m2        2  2000-01-03       0.0     0.0                                                                 [0m
2026-07-03 16:57:01,360 - INFO     - [37m1    EXIT _satisfice[0m
2026-07-03 16:57:01,361 - DEBUG    - [37m0 Satisfice succeeded.[0m
2026-07-03 16:57:01,362 - DEBUG    - [37m0          Date  Checking  Credit Next Income Date Memo Directives                            Memo[0m
2026-07-03 16:57:01,362 - DEBUG    - [37m0 0  2000-01-01      10.0     0.0                                                                 [0m
2026-07-03 16:57:01,362 - DEBUG    - [37m0 1  2000-01-02       0.0     0.0                                   memo milestone (Checking -$10)[0m
2026-07-03 16:57:01,362 - DEBUG    - [37m0 2  2000-01-03       0.0     0.0                                                                 [0m
2026-07-03 16:57:01,362 - INFO     - [37m1    ENTER _assessPotentialOptimizations[0m
2026-07-03 16:57:01,364 - INFO     - [37m2                 Date  Checking  Credit Next Income Date Memo Directives                            Memo[0m
2026-07-03 16:57:01,364 - INFO     - [37m2        0  2000-01-01      10.0     0.0                                                                 [0m
2026-07-03 16:57:01,364 - INFO     - [37m2        1  2000-01-02       0.0     0.0                                   memo milestone (Checking -$10)[0m
2026-07-03 16:57:01,364 - INFO     - [37m2        2  2000-01-03       0.0     0.0                                                                 [0m
2026-07-03 16:57:01,365 - INFO     - [32m0 Beginning Optimization.[0m
2026-07-03 16:57:01,365 - DEBUG    - [37m1    EXIT _assessPotentialOptimizations[0m
2026-07-03 16:57:01,365 - DEBUG    - [37m0 EXIT _computeOptimalForecast[0m
2026-07-03 16:57:01,366 - DEBUG    - [37m0  ENTER _update_memo_amount[0m
2026-07-03 16:57:01,366 - DEBUG    - [36m1    memo_line: memo milestone (Checking -$10)[0m
2026-07-03 16:57:01,366 - DEBUG    - [36m1    10 -> 10.00[0m
2026-07-03 16:57:01,366 - DEBUG    - [36m1    new_memo_line: memo milestone (Checking -$10.00)[0m
2026-07-03 16:57:01,366 - DEBUG    - [37m0  EXIT _update_memo_amount[0m
2026-07-03 16:57:01,382 - DEBUG    - [35m0 Forecast Pre-Validation[0m
2026-07-03 16:57:01,385 - DEBUG    - [35m0          Date  Checking  Credit Next Income Date Memo Directives                               Memo  Marginal Interest  Net Gain  Net Loss[0m
2026-07-03 16:57:01,385 - DEBUG    - [35m0 0  2000-01-01      10.0     0.0                                                                                    0.0         0       0.0[0m
2026-07-03 16:57:01,385 - DEBUG    - [35m0 1  2000-01-02       0.0     0.0                                   memo milestone (Checking -$10.00)                0.0         0      10.0[0m
2026-07-03 16:57:01,385 - DEBUG    - [35m0 2  2000-01-03       0.0     0.0                                                                                    0.0         0       0.0[0m
2026-07-03 16:57:01,385 - DEBUG    - [35m0 Validation Delta Values[0m
2026-07-03 16:57:01,385 - DEBUG    - [35m0       Date      Check         CC       Loan      Net +      Net -[0m
2026-07-03 16:57:01,387 - DEBUG    - [35m0 2000-01-02          0          0          0          0       10.0[0m
2026-07-03 16:57:01,388 - DEBUG    - [35m0 2000-01-03          0          0          0          0        0.0[0m
2026-07-03 16:57:01,388 - DEBUG    - [32m0 Validation SUCCESS[0m
2026-07-03 16:57:01,399 - DEBUG    - [33m0 ENTER evaluateAccountMilestone(Checking,0.0,0.0)[0m
2026-07-03 16:57:01,401 - DEBUG    - [33m0 relevant_account_info_rows_df:[0m
2026-07-03 16:57:01,403 - DEBUG    - [33m0        Name  Balance  Min_Balance  Max_Balance Account_Type Billing_Start_Date Interest_Type   APR Interest_Cadence Minimum_Payment Primary_Checking_Ind[0m
2026-07-03 16:57:01,403 - DEBUG    - [33m0 0  Checking       10            0       100000     checking               None          None  None             None            None                 True[0m
2026-07-03 16:57:01,404 - DEBUG    - [33m1    success_date:None[0m
2026-07-03 16:57:01,404 - DEBUG    - [33m1    success_date:2000-01-02[0m
2026-07-03 16:57:01,405 - DEBUG    - [33m0 EXIT evaluateAccountMilestone(Checking,0.0,0.0) 2000-01-02[0m
2026-07-03 16:57:01,405 - DEBUG    - [33m0 ENTER evaluateMemoMilestone(memo milestone)[0m
2026-07-03 16:57:01,405 - DEBUG    - [33m0 EXIT evaluateMemoMilestone(memo milestone)[0m
2026-07-03 16:57:01,405 - DEBUG    - [33m0 ENTER evaluateCompositeMilestone()[0m
2026-07-03 16:57:01,405 - DEBUG    - [33m1    ENTER evaluateAccountMilestone(Checking,0.0,0.0)[0m
2026-07-03 16:57:01,407 - DEBUG    - [33m0 relevant_account_info_rows_df:[0m
2026-07-03 16:57:01,410 - DEBUG    - [33m0        Name  Balance  Min_Balance  Max_Balance Account_Type Billing_Start_Date Interest_Type   APR Interest_Cadence Minimum_Payment Primary_Checking_Ind[0m
2026-07-03 16:57:01,411 - DEBUG    - [33m0 0  Checking       10            0       100000     checking               None          None  None             None            None                 True[0m
2026-07-03 16:57:01,412 - DEBUG    - [33m2        success_date:None[0m
2026-07-03 16:57:01,412 - DEBUG    - [33m2        success_date:2000-01-02[0m
2026-07-03 16:57:01,412 - DEBUG    - [33m1    EXIT evaluateAccountMilestone(Checking,0.0,0.0) 2000-01-02[0m
2026-07-03 16:57:01,412 - DEBUG    - [33m1    ENTER evaluateMemoMilestone(memo milestone)[0m
2026-07-03 16:57:01,412 - DEBUG    - [33m1    EXIT evaluateMemoMilestone(memo milestone)[0m
2026-07-03 16:57:01,413 - DEBUG    - [33m1    EXIT evaluateCompositeMilestone() 2000-01-02[0m
2026-07-03 16:57:01,413 - INFO     - [37m0 Finished Forecast 000101_2_1_20ed270270[0m
2026-07-03 16:57:01,417 - INFO     - [37m0          Date  Checking  Credit  Marginal Interest  Net Gain  Net Loss  Net Worth  Loan Total  CC Debt Total  Liquid Total Next Income Date Memo Directives                               Memo[0m
2026-07-03 16:57:01,417 - INFO     - [37m0 0  2000-01-01      10.0     0.0                0.0         0       0.0       10.0         0.0            0.0          10.0                                                                    [0m
2026-07-03 16:57:01,417 - INFO     - [37m0 1  2000-01-02       0.0     0.0                0.0         0      10.0        0.0         0.0            0.0           0.0                                   memo milestone (Checking -$10.00)[0m
2026-07-03 16:57:01,417 - INFO     - [37m0 2  2000-01-03       0.0     0.0                0.0         0       0.0        0.0         0.0            0.0           0.0                                                                    [0m
_________________________ TestE2E.test_integration_MVP _________________________

self = <test_E2E.TestE2E object at 0x2dad76d50>

    @pytest.mark.integration
    def test_integration_MVP(self):
    
        start_date = date(2026,6,1)
        end_date = date(2026,6,30)
    
        A = AccountSet()
        B = BudgetSet()
        M = MemoRuleSet()
        MS = MilestoneSet()
    
        A.createCheckingAccount(
            name="Checking",
            balance=1000,
            min_balance=0,
            max_balance=float("inf"),
            primary_checking_ind=True,
        )
    
        B.addBudgetItem(
            start_date=start_date,
            end_date=end_date,
            priority=1,
            cadence="daily",
            amount=10,
            memo="food",
            income_flag=False,
            deferrable=False,
            partial_payment_allowed=False,
        )
    
        M.addMemoRule(
            memo_regex="food",
            account_from="Checking",
            account_to=None,
            transaction_priority=1,
        )
    
        E_IO = ExpenseForecastInitialConditions(
            start_date=start_date,
            end_date=end_date,
            account_set=A,
            budget_set=B,
            memo_rule_set=M,
            milestone_set=MS)
    
>       R = ForecastHandler().runForecast(E_IO)
E       TypeError: ForecastHandler.runForecast() missing 1 required positional argument: 'milestone_set'

tests/_e2e/test_E2E.py:66: TypeError
----------------------------- Captured stderr call -----------------------------
2026-07-03 16:57:01,563 - DEBUG    - [32m0 Attempting switch log file to: Forecast_260601_29_1_55d3e3761a.log[0m
_ TestAccountSet.test_createAccount__invalid_inputs[test checking-0-0-100-checking-kwargs4] _

self = <test_AccountSet__unit_test.TestAccountSet object at 0x2dae1b7f0>
name = 'test checking', balance = 0, min_balance = 0, max_balance = 100
account_type = 'checking', kwargs = {'primary_checking_ind': True}

    @pytest.mark.unit
    @pytest.mark.parametrize(
        "name,balance,min_balance,max_balance,account_type,kwargs",
        [
            (
                "test loan",
                100,
                0,
                100,
                "loan",
                {
                    "billing_start_date": date(2000, 1, 1),
                    "apr": 0.1,
                    "interest_cadence": "monthly",
                    "minimum_payment": 50,
                    "interest_balance": 100,
                    "end_of_previous_cycle_balance": 100,
                },
            ),
            (
                "test loan",
                100,
                0,
                100,
                "loan",
                {
                    "billing_start_date": date(2000, 1, 1),
                    "apr": 0.1,
                    "interest_cadence": "monthly",
                    "minimum_payment": 50,
                    "principal_balance": 100,
                    "end_of_previous_cycle_balance": 100,
                },
            ),
            (
                "test credit",
                100,
                0,
                100,
                "credit",
                {
                    "billing_start_date": date(2000, 1, 1),
                    "apr": 0.1,
                    "interest_cadence": "monthly",
                    "minimum_payment": 50,
                    "end_of_previous_cycle_balance": 100,
                },
            ),
            (
                "test loan",
                100,
                0,
                100,
                "loan",
                {
                    "billing_start_date": date(2000, 1, 1),
                    "apr": 0.1,
                    "interest_cadence": "monthly",
                    "minimum_payment": 50,
                    "principal_balance": 100,
                    "interest_balance": 100,
                    "end_of_previous_cycle_balance": 100,
                },
            ),
            (
                "test checking",
                0,
                0,
                100,
                "checking",
                {"primary_checking_ind": True},
            ),
        ],
    )
    def test_createAccount__invalid_inputs(
        self, name, balance, min_balance, max_balance, account_type, kwargs
    ):
>       with pytest.raises(Exception):
E       Failed: DID NOT RAISE <class 'Exception'>

tests/account/unit/test_AccountSet__unit_test.py:578: Failed
=========================== short test summary info ============================
FAILED tests/ExpenseForecast/unit/test_ExpenseForecast__unit_test.py::TestExpenseForecastUnit::test_satisfice[test_cc_interest_accrued_reaches_0-account_set6-budget_set6-memo_rule_set6-20000110-20000214-milestone_set6-expected_result_df6]
FAILED tests/ExpenseForecast/unit/test_ExpenseForecast__unit_test.py::TestExpenseForecastUnit::test_priority_ordering[test_p2_and_3__p3_item_skipped_bc_p2-account_set1-budget_set1-memo_rule_set1-20000101-20000103-milestone_set1-expected_result_df1]
FAILED tests/ExpenseForecast/unit/test_ExpenseForecast__unit_test.py::TestExpenseForecastUnit::test_priority_ordering[test_transactions_executed_at_p1_and_p2-account_set4-budget_set4-memo_rule_set4-20000101-20000106-milestone_set4-expected_result_df4]
FAILED tests/ExpenseForecast/unit/test_ExpenseForecast__unit_test.py::TestExpenseForecastUnit::test_priority_ordering[test_transactions_executed_at_p1_and_p2_and_p3-account_set5-budget_set5-memo_rule_set5-20000101-20000106-milestone_set5-expected_result_df5]
FAILED tests/ExpenseForecast/unit/test_ExpenseForecast__unit_test.py::TestExpenseForecastUnit::test_cc_payment_amount[test_p4__cc_payment__pay_all_of_prev_part_of_curr__expect_800-account_set0-budget_set0-memo_rule_set0-20000101-20000103-milestone_set0-expected_result_df0]
FAILED tests/ExpenseForecast/unit/test_ExpenseForecast__unit_test.py::TestExpenseForecastUnit::test_cc_payment_amount[test_p4__cc_payment__pay_part_of_prev_balance__expect_200-account_set1-budget_set1-memo_rule_set1-20000101-20000103-milestone_set1-expected_result_df1]
FAILED tests/ExpenseForecast/unit/test_ExpenseForecast__unit_test.py::TestExpenseForecastUnit::test_cc_payment_amount[test_p4__cc_payment__partial_of_indicated_amount-account_set3-budget_set3-memo_rule_set3-20000101-20000103-milestone_set3-expected_result_df3]
FAILED tests/ExpenseForecast/unit/test_ExpenseForecast__unit_test.py::TestExpenseForecastUnit::test_cc_payment_amount[test_execute_at_reduced_amount_bc_later_higher_priority_txn-account_set4-budget_set4-memo_rule_set4-20000101-end_date4-milestone_set4-expected_result_df4]
FAILED tests/ExpenseForecast/unit/test_ExpenseForecast__unit_test.py::TestExpenseForecastUnit::test_next_income_date[test_next_income_date-account_set0-budget_set0-memo_rule_set0-20000101-end_date0-milestone_set0-expected_result_df0]
FAILED tests/ExpenseForecast/unit/test_ExpenseForecast__unit_test.py::TestExpenseForecastUnit::test_multiple_matching_memo_rule_regex
FAILED tests/ExpenseForecast/unit/test_ExpenseForecast__unit_test.py::TestExpenseForecastUnit::test_str
FAILED tests/ExpenseForecast/unit/test_ExpenseForecast__unit_test.py::TestExpenseForecastUnit::test_forecast_longer_than_satisfice
FAILED tests/ExpenseForecast/unit/test_ExpenseForecast__unit_test.py::TestExpenseForecastUnit::test_evaluate_account_milestone[test_account_milestone-account_set0-budget_set0-memo_rule_set0-20000101-20000103-milestone_set0-account_milestone_names0-expected_milestone_dates0]
FAILED tests/ExpenseForecast/unit/test_ExpenseForecast__unit_test.py::TestExpenseForecastUnit::test_evaluate_memo_milestone[test_memo_milestone-account_set0-budget_set0-memo_rule_set0-20000101-20000103-milestone_set0-memo_milestone_names0-expected_milestone_dates0]
FAILED tests/ExpenseForecast/unit/test_ExpenseForecast__unit_test.py::TestExpenseForecastUnit::test_evaluate_composite_milestone[test composite milestone-account_set0-budget_set0-memo_rule_set0-20000101-20000103-milestone_set0-composite_milestone_names0-expected_milestone_dates0]
FAILED tests/_e2e/test_E2E.py::TestE2E::test_integration_MVP - TypeError: For...
FAILED tests/account/unit/test_AccountSet__unit_test.py::TestAccountSet::test_createAccount__invalid_inputs[test checking-0-0-100-checking-kwargs4]
================= 17 failed, 161 passed, 111 skipped in 23.12s =================
